Log file open, 10/06/19 23:15:08
LogWindows: Failed to load 'aqProf.dll' (GetLastError=126)
LogWindows: File 'aqProf.dll' does not exist
LogWindows: Failed to load 'VtuneApi.dll' (GetLastError=126)
LogWindows: File 'VtuneApi.dll' does not exist
LogWindows: Failed to load 'VtuneApi32e.dll' (GetLastError=126)
LogWindows: File 'VtuneApi32e.dll' does not exist
LogConsoleResponse: Display: Failed to find resolution value strings in scalability ini. Falling back to default.
LogInit: Display: Running engine for game: Aragon_FPS_Blueprint
LogPlatformFile: Not using cached read wrapper
LogTaskGraph: Started task graph with 5 named threads and 35 total threads with 3 sets of task threads.
LogStats: Stats thread started at 0.067492
LogD3D11RHI: Loaded GFSDK_Aftermath_Lib.x64.dll
LogICUInternationalization: ICU TimeZone Detection - Raw Offset: -8:00, Platform Override: ''
LogPluginManager: Mounting plugin Paper2D
LogPluginManager: Mounting plugin AISupport
LogPluginManager: Mounting plugin LightPropagationVolume
LogPluginManager: Mounting plugin ActorLayerUtilities
LogPluginManager: Mounting plugin AnimationSharing
LogPluginManager: Mounting plugin CLionSourceCodeAccess
LogPluginManager: Mounting plugin CodeLiteSourceCodeAccess
LogPluginManager: Mounting plugin GitSourceControl
LogPluginManager: Mounting plugin KDevelopSourceCodeAccess
LogPluginManager: Mounting plugin NullSourceCodeAccess
LogPluginManager: Mounting plugin PerforceSourceControl
LogPluginManager: Mounting plugin SubversionSourceControl
LogPluginManager: Mounting plugin UObjectPlugin
LogPluginManager: Mounting plugin VisualStudioCodeSourceCodeAccess
LogPluginManager: Mounting plugin VisualStudioSourceCodeAccess
LogPluginManager: Mounting plugin XCodeSourceCodeAccess
LogPluginManager: Mounting plugin AssetManagerEditor
LogPluginManager: Mounting plugin CryptoKeys
LogPluginManager: Mounting plugin CurveEditorTools
LogPluginManager: Mounting plugin DataValidation
LogPluginManager: Mounting plugin FacialAnimation
LogPluginManager: Mounting plugin GameplayTagsEditor
LogPluginManager: Mounting plugin MacGraphicsSwitching
LogPluginManager: Mounting plugin MaterialAnalyzer
LogPluginManager: Mounting plugin MobileLauncherProfileWizard
LogPluginManager: Mounting plugin PluginBrowser
LogPluginManager: Mounting plugin SpeedTreeImporter
LogPluginManager: Mounting plugin DatasmithContent
LogPluginManager: Mounting plugin VariantManagerContent
LogPluginManager: Mounting plugin AlembicImporter
LogPluginManager: Mounting plugin AutomationUtils
LogPluginManager: Mounting plugin BackChannel
LogPluginManager: Mounting plugin CharacterAI
LogPluginManager: Mounting plugin GeometryCache
LogPluginManager: Mounting plugin HTML5Networking
LogPluginManager: Mounting plugin PlatformCrypto
LogPluginManager: Mounting plugin ProxyLODPlugin
LogPluginManager: Mounting plugin SkeletalReduction
LogPluginManager: Mounting plugin MagicLeap
LogPluginManager: Mounting plugin MagicLeapMedia
LogPluginManager: Mounting plugin AndroidMedia
LogPluginManager: Mounting plugin AvfMedia
LogPluginManager: Mounting plugin ImgMedia
LogPluginManager: Mounting plugin MediaCompositing
LogPluginManager: Mounting plugin MediaPlayerEditor
LogPluginManager: Mounting plugin WebMMedia
LogPluginManager: Mounting plugin WmfMedia
LogPluginManager: Mounting plugin TcpMessaging
LogPluginManager: Mounting plugin UdpMessaging
LogPluginManager: Mounting plugin ActorSequence
LogPluginManager: Mounting plugin LevelSequenceEditor
LogPluginManager: Mounting plugin MatineeToLevelSequence
LogPluginManager: Mounting plugin NetcodeUnitTest
LogPluginManager: Mounting plugin NUTUnrealEngine4
LogPluginManager: Mounting plugin OnlineSubsystemGooglePlay
LogPluginManager: Mounting plugin OnlineSubsystemIOS
LogPluginManager: Mounting plugin OnlineSubsystem
LogPluginManager: Mounting plugin OnlineSubsystemNull
LogPluginManager: Mounting plugin OnlineSubsystemUtils
LogPluginManager: Mounting plugin LauncherChunkInstaller
LogPluginManager: Mounting plugin AndroidDeviceProfileSelector
LogPluginManager: Mounting plugin AndroidMoviePlayer
LogPluginManager: Mounting plugin AndroidPermission
LogPluginManager: Mounting plugin ApexDestruction
LogPluginManager: Mounting plugin AppleImageUtils
LogPluginManager: Mounting plugin AppleMoviePlayer
LogPluginManager: Mounting plugin ArchVisCharacter
LogPluginManager: Mounting plugin AudioCapture
LogPluginManager: Mounting plugin CableComponent
LogPluginManager: Mounting plugin CustomMeshComponent
LogPluginManager: Mounting plugin EditableMesh
LogPluginManager: Mounting plugin ExampleDeviceProfileSelector
LogPluginManager: Mounting plugin GoogleCloudMessaging
LogPluginManager: Mounting plugin IOSDeviceProfileSelector
LogPluginManager: Mounting plugin LinuxDeviceProfileSelector
LogPluginManager: Mounting plugin LocationServicesBPLibrary
LogPluginManager: Mounting plugin MobilePatchingUtils
LogPluginManager: Mounting plugin OculusVR
LogPluginManager: Mounting plugin PhysXVehicles
LogPluginManager: Mounting plugin ProceduralMeshComponent
LogPluginManager: Mounting plugin RuntimePhysXCooking
LogPluginManager: Mounting plugin SignificanceManager
LogPluginManager: Mounting plugin SteamVR
LogPluginManager: Mounting plugin WebMMoviePlayer
LogPluginManager: Mounting plugin WindowsMoviePlayer
LogPluginManager: Mounting plugin ScreenshotTools
LogInit: Using libcurl 7.55.1-DEV
LogInit:  - built for x86_64-pc-win32
LogInit:  - supports SSL with OpenSSL/1.1.1
LogInit:  - supports HTTP deflate (compression) using libz 1.2.8
LogInit:  - other features:
LogInit:      CURL_VERSION_SSL
LogInit:      CURL_VERSION_LIBZ
LogInit:      CURL_VERSION_IPV6
LogInit:      CURL_VERSION_ASYNCHDNS
LogInit:      CURL_VERSION_LARGEFILE
LogInit:      CURL_VERSION_IDN
LogInit:  CurlRequestOptions (configurable via config and command line):
LogInit:  - bVerifyPeer = true  - Libcurl will verify peer certificate
LogInit:  - bUseHttpProxy = false  - Libcurl will NOT use HTTP proxy
LogInit:  - bDontReuseConnections = false  - Libcurl will reuse connections
LogInit:  - MaxHostConnections = 16  - Libcurl will limit the number of connections to a host
LogInit:  - LocalHostAddr = Default
LogInit:  - BufferSize = 65536
LogOnline: OSS: Creating online subsystem instance for: NULL
LogInit: WinSock: version 1.1 (2.2), MaxSocks=32767, MaxUdp=65467
LogInit: Build: ++UE4+Release-4.23-CL-8386587
LogInit: Engine Version: 4.23.0-8386587+++UE4+Release-4.23
LogInit: Compatible Engine Version: 4.23.0-8386587+++UE4+Release-4.23
LogInit: Net CL: 8386587
LogInit: OS: Windows 10 (Release 1903) (), CPU: Intel(R) Core(TM) i7-8750H CPU @ 2.20GHz, GPU: Intel(R) UHD Graphics 630
LogInit: Compiled (64-bit): Aug 31 2019 02:04:44
LogInit: Compiled with Visual C++: 19.16.27030.01
LogInit: Build Configuration: Development
LogInit: Branch Name: ++UE4+Release-4.23
LogInit: Command Line: 
LogInit: Base Directory: D:/Apps/Epic Games/UE_4.23/Engine/Binaries/Win64/
LogInit: Installed Engine Build: 1
LogDevObjectVersion: Number of dev versions registered: 23
LogDevObjectVersion:   Dev-Blueprints (B0D832E4-1F89-4F0D-ACCF-7EB736FD4AA2): 10
LogDevObjectVersion:   Dev-Build (E1C64328-A22C-4D53-A36C-8E866417BD8C): 0
LogDevObjectVersion:   Dev-Core (375EC13C-06E4-48FB-B500-84F0262A717E): 3
LogDevObjectVersion:   Dev-Editor (E4B068ED-F494-42E9-A231-DA0B2E46BB41): 34
LogDevObjectVersion:   Dev-Framework (CFFC743F-43B0-4480-9391-14DF171D2073): 35
LogDevObjectVersion:   Dev-Mobile (B02B49B5-BB20-44E9-A304-32B752E40360): 2
LogDevObjectVersion:   Dev-Networking (A4E4105C-59A1-49B5-A7C5-40C4547EDFEE): 0
LogDevObjectVersion:   Dev-Online (39C831C9-5AE6-47DC-9A44-9C173E1C8E7C): 0
LogDevObjectVersion:   Dev-Physics (78F01B33-EBEA-4F98-B9B4-84EACCB95AA2): 0
LogDevObjectVersion:   Dev-Platform (6631380F-2D4D-43E0-8009-CF276956A95A): 0
LogDevObjectVersion:   Dev-Rendering (12F88B9F-8875-4AFC-A67C-D90C383ABD29): 31
LogDevObjectVersion:   Dev-Sequencer (7B5AE74C-D270-4C10-A958-57980B212A5A): 11
LogDevObjectVersion:   Dev-VR (D7296918-1DD6-4BDD-9DE2-64A83CC13884): 2
LogDevObjectVersion:   Dev-LoadTimes (C2A15278-BFE7-4AFE-6C17-90FF531DF755): 1
LogDevObjectVersion:   Private-Geometry (6EACA3D4-40EC-4CC1-B786-8BED09428FC5): 3
LogDevObjectVersion:   Dev-AnimPhys (29E575DD-E0A3-4627-9D10-D276232CDCEA): 17
LogDevObjectVersion:   Dev-Anim (AF43A65D-7FD3-4947-9873-3E8ED9C1BB05): 2
LogDevObjectVersion:   Dev-ReflectionCapture (6B266CEC-1EC7-4B8F-A30B-E4D90942FC07): 1
LogDevObjectVersion:   Dev-Automation (0DF73D61-A23F-47EA-B727-89E90C41499A): 1
LogDevObjectVersion:   FortniteMain (601D1886-AC64-4F84-AA16-D3DE0DEAC7D6): 27
LogDevObjectVersion:   Dev-Enterprise (9DFFBCD6-494F-0158-E221-12823C92A888): 6
LogDevObjectVersion:   Dev-Niagara (F2AED0AC-9AFE-416F-8664-AA7FFA26D6FC): 1
LogDevObjectVersion:   Dev-Destruction (174F1F0B-B4C6-45A5-B13F-2EE8D0FB917D): 9
LogInit: Presizing for max 16777216 objects, including 0 objects not considered by GC, pre-allocating 0 bytes for permanent pool.
LogInit: Object subsystem initialized
LogConfig: Setting CVar [[con.DebugEarlyDefault:1]]
LogConfig: Setting CVar [[r.setres:1280x720]]
[2019.10.07-06.15.08:430][  0]LogConfig: Setting CVar [[r.VSync:0]]
[2019.10.07-06.15.08:430][  0]LogConfig: Setting CVar [[r.RHICmdBypass:0]]
[2019.10.07-06.15.08:430][  0]LogConfig: Applying CVar settings from Section [/Script/Engine.RendererSettings] File [D:/Github Repositories/Unreal Engine 4/Unreal_Aragon_FPS/Aragon_FPS_Blueprint/Saved/Config/Windows/Engine.ini]
[2019.10.07-06.15.08:430][  0]LogConfig: Setting CVar [[r.GPUCrashDebugging:0]]
[2019.10.07-06.15.08:430][  0]LogConfig: Applying CVar settings from Section [/Script/Engine.RendererOverrideSettings] File [D:/Github Repositories/Unreal Engine 4/Unreal_Aragon_FPS/Aragon_FPS_Blueprint/Saved/Config/Windows/Engine.ini]
[2019.10.07-06.15.08:430][  0]LogConfig: Applying CVar settings from Section [/Script/Engine.StreamingSettings] File [D:/Github Repositories/Unreal Engine 4/Unreal_Aragon_FPS/Aragon_FPS_Blueprint/Saved/Config/Windows/Engine.ini]
[2019.10.07-06.15.08:430][  0]LogConfig: Setting CVar [[s.MinBulkDataSizeForAsyncLoading:131072]]
[2019.10.07-06.15.08:430][  0]LogConfig: Setting CVar [[s.AsyncLoadingThreadEnabled:0]]
[2019.10.07-06.15.08:430][  0]LogConfig: Setting CVar [[s.EventDrivenLoaderEnabled:1]]
[2019.10.07-06.15.08:430][  0]LogConfig: Setting CVar [[s.WarnIfTimeLimitExceeded:0]]
[2019.10.07-06.15.08:430][  0]LogConfig: Setting CVar [[s.TimeLimitExceededMultiplier:1.5]]
[2019.10.07-06.15.08:430][  0]LogConfig: Setting CVar [[s.TimeLimitExceededMinTime:0.005]]
[2019.10.07-06.15.08:430][  0]LogConfig: Setting CVar [[s.UseBackgroundLevelStreaming:1]]
[2019.10.07-06.15.08:430][  0]LogConfig: Setting CVar [[s.PriorityAsyncLoadingExtraTime:15.0]]
[2019.10.07-06.15.08:430][  0]LogConfig: Setting CVar [[s.LevelStreamingActorsUpdateTimeLimit:5.0]]
[2019.10.07-06.15.08:430][  0]LogConfig: Setting CVar [[s.PriorityLevelStreamingActorsUpdateExtraTime:5.0]]
[2019.10.07-06.15.08:430][  0]LogConfig: Setting CVar [[s.LevelStreamingComponentsRegistrationGranularity:10]]
[2019.10.07-06.15.08:430][  0]LogConfig: Setting CVar [[s.UnregisterComponentsTimeLimit:1.0]]
[2019.10.07-06.15.08:430][  0]LogConfig: Setting CVar [[s.LevelStreamingComponentsUnregistrationGranularity:5]]
[2019.10.07-06.15.08:431][  0]LogConfig: Applying CVar settings from Section [/Script/Engine.GarbageCollectionSettings] File [D:/Github Repositories/Unreal Engine 4/Unreal_Aragon_FPS/Aragon_FPS_Blueprint/Saved/Config/Windows/Engine.ini]
[2019.10.07-06.15.08:431][  0]LogConfig: Setting CVar [[gc.MaxObjectsNotConsideredByGC:1]]
[2019.10.07-06.15.08:431][  0]LogConfig: Setting CVar [[gc.SizeOfPermanentObjectPool:0]]
[2019.10.07-06.15.08:431][  0]LogConfig: Setting CVar [[gc.FlushStreamingOnGC:0]]
[2019.10.07-06.15.08:431][  0]LogConfig: Setting CVar [[gc.NumRetriesBeforeForcingGC:10]]
[2019.10.07-06.15.08:431][  0]LogConfig: Setting CVar [[gc.AllowParallelGC:1]]
[2019.10.07-06.15.08:431][  0]LogConfig: Setting CVar [[gc.TimeBetweenPurgingPendingKillObjects:61.1]]
[2019.10.07-06.15.08:431][  0]LogConfig: Setting CVar [[gc.MaxObjectsInEditor:16777216]]
[2019.10.07-06.15.08:431][  0]LogConfig: Setting CVar [[gc.IncrementalBeginDestroyEnabled:1]]
[2019.10.07-06.15.08:431][  0]LogConfig: Setting CVar [[gc.CreateGCClusters:1]]
[2019.10.07-06.15.08:431][  0]LogConfig: Setting CVar [[gc.MinGCClusterSize:5]]
[2019.10.07-06.15.08:431][  0]LogConfig: Setting CVar [[gc.ActorClusteringEnabled:0]]
[2019.10.07-06.15.08:431][  0]LogConfig: Setting CVar [[gc.BlueprintClusteringEnabled:0]]
[2019.10.07-06.15.08:431][  0]LogConfig: Setting CVar [[gc.UseDisregardForGCOnDedicatedServers:0]]
[2019.10.07-06.15.08:431][  0]LogConfig: Applying CVar settings from Section [/Script/Engine.NetworkSettings] File [D:/Github Repositories/Unreal Engine 4/Unreal_Aragon_FPS/Aragon_FPS_Blueprint/Saved/Config/Windows/Engine.ini]
[2019.10.07-06.15.08:431][  0]LogConfig: Applying CVar settings from Section [/Script/UnrealEd.CookerSettings] File [D:/Github Repositories/Unreal Engine 4/Unreal_Aragon_FPS/Aragon_FPS_Blueprint/Saved/Config/Windows/Engine.ini]
[2019.10.07-06.15.08:433][  0]LogConfig: Applying CVar settings from Section [ViewDistanceQuality@3] File [D:/Github Repositories/Unreal Engine 4/Unreal_Aragon_FPS/Aragon_FPS_Blueprint/Saved/Config/Windows/Scalability.ini]
[2019.10.07-06.15.08:433][  0]LogConfig: Setting CVar [[r.SkeletalMeshLODBias:0]]
[2019.10.07-06.15.08:433][  0]LogConfig: Setting CVar [[r.ViewDistanceScale:1.0]]
[2019.10.07-06.15.08:433][  0]LogConfig: Applying CVar settings from Section [AntiAliasingQuality@3] File [D:/Github Repositories/Unreal Engine 4/Unreal_Aragon_FPS/Aragon_FPS_Blueprint/Saved/Config/Windows/Scalability.ini]
[2019.10.07-06.15.08:433][  0]LogConfig: Setting CVar [[r.PostProcessAAQuality:4]]
[2019.10.07-06.15.08:433][  0]LogConfig: Applying CVar settings from Section [ShadowQuality@3] File [D:/Github Repositories/Unreal Engine 4/Unreal_Aragon_FPS/Aragon_FPS_Blueprint/Saved/Config/Windows/Scalability.ini]
[2019.10.07-06.15.08:433][  0]LogConfig: Setting CVar [[r.LightFunctionQuality:1]]
[2019.10.07-06.15.08:433][  0]LogConfig: Setting CVar [[r.ShadowQuality:5]]
[2019.10.07-06.15.08:433][  0]LogConfig: Setting CVar [[r.Shadow.CSM.MaxCascades:10]]
[2019.10.07-06.15.08:433][  0]LogConfig: Setting CVar [[r.Shadow.MaxResolution:2048]]
[2019.10.07-06.15.08:433][  0]LogConfig: Setting CVar [[r.Shadow.MaxCSMResolution:2048]]
[2019.10.07-06.15.08:433][  0]LogConfig: Setting CVar [[r.Shadow.RadiusThreshold:0.01]]
[2019.10.07-06.15.08:433][  0]LogConfig: Setting CVar [[r.Shadow.DistanceScale:1.0]]
[2019.10.07-06.15.08:433][  0]LogConfig: Setting CVar [[r.Shadow.CSM.TransitionScale:1.0]]
[2019.10.07-06.15.08:433][  0]LogConfig: Setting CVar [[r.Shadow.PreShadowResolutionFactor:1.0]]
[2019.10.07-06.15.08:433][  0]LogConfig: Setting CVar [[r.DistanceFieldShadowing:1]]
[2019.10.07-06.15.08:433][  0]LogConfig: Setting CVar [[r.DistanceFieldAO:1]]
[2019.10.07-06.15.08:433][  0]LogConfig: Setting CVar [[r.AOQuality:2]]
[2019.10.07-06.15.08:433][  0]LogConfig: Setting CVar [[r.VolumetricFog:1]]
[2019.10.07-06.15.08:433][  0]LogConfig: Setting CVar [[r.VolumetricFog.GridPixelSize:8]]
[2019.10.07-06.15.08:434][  0]LogConfig: Setting CVar [[r.VolumetricFog.GridSizeZ:128]]
[2019.10.07-06.15.08:434][  0]LogConfig: Setting CVar [[r.VolumetricFog.HistoryMissSupersampleCount:4]]
[2019.10.07-06.15.08:434][  0]LogConfig: Setting CVar [[r.LightMaxDrawDistanceScale:1]]
[2019.10.07-06.15.08:434][  0]LogConfig: Setting CVar [[r.CapsuleShadows:1]]
[2019.10.07-06.15.08:434][  0]LogConfig: Applying CVar settings from Section [PostProcessQuality@3] File [D:/Github Repositories/Unreal Engine 4/Unreal_Aragon_FPS/Aragon_FPS_Blueprint/Saved/Config/Windows/Scalability.ini]
[2019.10.07-06.15.08:434][  0]LogConfig: Setting CVar [[r.MotionBlurQuality:4]]
[2019.10.07-06.15.08:434][  0]LogConfig: Setting CVar [[r.AmbientOcclusionMipLevelFactor:0.4]]
[2019.10.07-06.15.08:434][  0]LogConfig: Setting CVar [[r.AmbientOcclusionMaxQuality:100]]
[2019.10.07-06.15.08:434][  0]LogConfig: Setting CVar [[r.AmbientOcclusionLevels:-1]]
[2019.10.07-06.15.08:434][  0]LogConfig: Setting CVar [[r.AmbientOcclusionRadiusScale:1.0]]
[2019.10.07-06.15.08:434][  0]LogConfig: Setting CVar [[r.DepthOfFieldQuality:2]]
[2019.10.07-06.15.08:434][  0]LogConfig: Setting CVar [[r.RenderTargetPoolMin:400]]
[2019.10.07-06.15.08:434][  0]LogConfig: Setting CVar [[r.LensFlareQuality:2]]
[2019.10.07-06.15.08:434][  0]LogConfig: Setting CVar [[r.SceneColorFringeQuality:1]]
[2019.10.07-06.15.08:434][  0]LogConfig: Setting CVar [[r.EyeAdaptationQuality:2]]
[2019.10.07-06.15.08:434][  0]LogConfig: Setting CVar [[r.BloomQuality:5]]
[2019.10.07-06.15.08:434][  0]LogConfig: Setting CVar [[r.FastBlurThreshold:100]]
[2019.10.07-06.15.08:434][  0]LogConfig: Setting CVar [[r.Upscale.Quality:3]]
[2019.10.07-06.15.08:434][  0]LogConfig: Setting CVar [[r.Tonemapper.GrainQuantization:1]]
[2019.10.07-06.15.08:434][  0]LogConfig: Setting CVar [[r.LightShaftQuality:1]]
[2019.10.07-06.15.08:434][  0]LogConfig: Setting CVar [[r.Filter.SizeScale:1]]
[2019.10.07-06.15.08:434][  0]LogConfig: Setting CVar [[r.Tonemapper.Quality:5]]
[2019.10.07-06.15.08:434][  0]LogConfig: Setting CVar [[r.DOF.Gather.AccumulatorQuality:1        ; higher gathering accumulator quality]]
[2019.10.07-06.15.08:434][  0]LogConfig: Setting CVar [[r.DOF.Gather.PostfilterMethod:1          ; Median3x3 postfilering method]]
[2019.10.07-06.15.08:434][  0]LogConfig: Setting CVar [[r.DOF.Gather.EnableBokehSettings:0       ; no bokeh simulation when gathering]]
[2019.10.07-06.15.08:434][  0]LogConfig: Setting CVar [[r.DOF.Gather.RingCount:4                 ; medium number of samples when gathering]]
[2019.10.07-06.15.08:434][  0]LogConfig: Setting CVar [[r.DOF.Scatter.ForegroundCompositing:1    ; additive foreground scattering]]
[2019.10.07-06.15.08:434][  0]LogConfig: Setting CVar [[r.DOF.Scatter.BackgroundCompositing:2    ; additive background scattering]]
[2019.10.07-06.15.08:434][  0]LogConfig: Setting CVar [[r.DOF.Scatter.EnableBokehSettings:1      ; bokeh simulation when scattering]]
[2019.10.07-06.15.08:434][  0]LogConfig: Setting CVar [[r.DOF.Scatter.MaxSpriteRatio:0.1         ; only a maximum of 10% of scattered bokeh]]
[2019.10.07-06.15.08:434][  0]LogConfig: Setting CVar [[r.DOF.Recombine.Quality:1                ; cheap slight out of focus]]
[2019.10.07-06.15.08:434][  0]LogConfig: Setting CVar [[r.DOF.Recombine.EnableBokehSettings:0    ; no bokeh simulation on slight out of focus]]
[2019.10.07-06.15.08:434][  0]LogConfig: Setting CVar [[r.DOF.TemporalAAQuality:1                ; more stable temporal accumulation]]
[2019.10.07-06.15.08:434][  0]LogConfig: Setting CVar [[r.DOF.Kernel.MaxForegroundRadius:0.025]]
[2019.10.07-06.15.08:434][  0]LogConfig: Setting CVar [[r.DOF.Kernel.MaxBackgroundRadius:0.025]]
[2019.10.07-06.15.08:434][  0]LogConfig: Applying CVar settings from Section [TextureQuality@3] File [D:/Github Repositories/Unreal Engine 4/Unreal_Aragon_FPS/Aragon_FPS_Blueprint/Saved/Config/Windows/Scalability.ini]
[2019.10.07-06.15.08:434][  0]LogConfig: Setting CVar [[r.Streaming.MipBias:0]]
[2019.10.07-06.15.08:434][  0]LogConfig: Setting CVar [[r.Streaming.AmortizeCPUToGPUCopy:0]]
[2019.10.07-06.15.08:434][  0]LogConfig: Setting CVar [[r.Streaming.MaxNumTexturesToStreamPerFrame:0]]
[2019.10.07-06.15.08:434][  0]LogConfig: Setting CVar [[r.Streaming.Boost:1]]
[2019.10.07-06.15.08:434][  0]LogConfig: Setting CVar [[r.MaxAnisotropy:8]]
[2019.10.07-06.15.08:434][  0]LogConfig: Setting CVar [[r.Streaming.LimitPoolSizeToVRAM:0]]
[2019.10.07-06.15.08:434][  0]LogConfig: Setting CVar [[r.Streaming.PoolSize:1000]]
[2019.10.07-06.15.08:434][  0]LogConfig: Setting CVar [[r.Streaming.MaxEffectiveScreenSize:0]]
[2019.10.07-06.15.08:434][  0]LogConfig: Applying CVar settings from Section [EffectsQuality@3] File [D:/Github Repositories/Unreal Engine 4/Unreal_Aragon_FPS/Aragon_FPS_Blueprint/Saved/Config/Windows/Scalability.ini]
[2019.10.07-06.15.08:434][  0]LogConfig: Setting CVar [[r.TranslucencyLightingVolumeDim:64]]
[2019.10.07-06.15.08:434][  0]LogConfig: Setting CVar [[r.RefractionQuality:2]]
[2019.10.07-06.15.08:434][  0]LogConfig: Setting CVar [[r.SSR.Quality:3]]
[2019.10.07-06.15.08:434][  0]LogConfig: Setting CVar [[r.SceneColorFormat:4]]
[2019.10.07-06.15.08:434][  0]LogConfig: Setting CVar [[r.DetailMode:2]]
[2019.10.07-06.15.08:434][  0]LogConfig: Setting CVar [[r.TranslucencyVolumeBlur:1]]
[2019.10.07-06.15.08:434][  0]LogConfig: Setting CVar [[r.MaterialQualityLevel:1 ; High quality]]
[2019.10.07-06.15.08:434][  0]LogConfig: Setting CVar [[r.SSS.Scale:1]]
[2019.10.07-06.15.08:434][  0]LogConfig: Setting CVar [[r.SSS.SampleSet:2]]
[2019.10.07-06.15.08:434][  0]LogConfig: Setting CVar [[r.SSS.Quality:1]]
[2019.10.07-06.15.08:434][  0]LogConfig: Setting CVar [[r.SSS.HalfRes:1]]
[2019.10.07-06.15.08:434][  0]LogConfig: Setting CVar [[r.EmitterSpawnRateScale:1.0]]
[2019.10.07-06.15.08:434][  0]LogConfig: Setting CVar [[r.ParticleLightQuality:2]]
[2019.10.07-06.15.08:434][  0]LogConfig: Applying CVar settings from Section [FoliageQuality@3] File [D:/Github Repositories/Unreal Engine 4/Unreal_Aragon_FPS/Aragon_FPS_Blueprint/Saved/Config/Windows/Scalability.ini]
[2019.10.07-06.15.08:434][  0]LogConfig: Setting CVar [[foliage.DensityScale:1.0]]
[2019.10.07-06.15.08:434][  0]LogConfig: Setting CVar [[grass.DensityScale:1.0]]
[2019.10.07-06.15.08:434][  0]LogInit: Selected Device Profile: [Windows]
[2019.10.07-06.15.08:434][  0]LogInit: Applying CVar settings loaded from the selected device profile: [Windows]
[2019.10.07-06.15.08:437][  0]LogHAL: Display: Platform has ~ 16 GB [17018155008 / 17179869184 / 16], which maps to Larger [LargestMinGB=32, LargerMinGB=12, DefaultMinGB=8, SmallerMinGB=6, SmallestMinGB=0)
[2019.10.07-06.15.08:437][  0]LogInit: Going up to parent DeviceProfile []
[2019.10.07-06.15.08:437][  0]LogConfig: Applying CVar settings from Section [ViewDistanceQuality@3] File [D:/Github Repositories/Unreal Engine 4/Unreal_Aragon_FPS/Aragon_FPS_Blueprint/Saved/Config/Windows/Scalability.ini]
[2019.10.07-06.15.08:437][  0]LogConfig: Setting CVar [[r.SkeletalMeshLODBias:0]]
[2019.10.07-06.15.08:437][  0]LogConfig: Setting CVar [[r.ViewDistanceScale:1.0]]
[2019.10.07-06.15.08:437][  0]LogConfig: Applying CVar settings from Section [AntiAliasingQuality@3] File [D:/Github Repositories/Unreal Engine 4/Unreal_Aragon_FPS/Aragon_FPS_Blueprint/Saved/Config/Windows/Scalability.ini]
[2019.10.07-06.15.08:437][  0]LogConfig: Setting CVar [[r.PostProcessAAQuality:4]]
[2019.10.07-06.15.08:437][  0]LogConfig: Applying CVar settings from Section [ShadowQuality@3] File [D:/Github Repositories/Unreal Engine 4/Unreal_Aragon_FPS/Aragon_FPS_Blueprint/Saved/Config/Windows/Scalability.ini]
[2019.10.07-06.15.08:437][  0]LogConfig: Setting CVar [[r.LightFunctionQuality:1]]
[2019.10.07-06.15.08:437][  0]LogConfig: Setting CVar [[r.ShadowQuality:5]]
[2019.10.07-06.15.08:437][  0]LogConfig: Setting CVar [[r.Shadow.CSM.MaxCascades:10]]
[2019.10.07-06.15.08:437][  0]LogConfig: Setting CVar [[r.Shadow.MaxResolution:2048]]
[2019.10.07-06.15.08:437][  0]LogConfig: Setting CVar [[r.Shadow.MaxCSMResolution:2048]]
[2019.10.07-06.15.08:437][  0]LogConfig: Setting CVar [[r.Shadow.RadiusThreshold:0.01]]
[2019.10.07-06.15.08:437][  0]LogConfig: Setting CVar [[r.Shadow.DistanceScale:1.0]]
[2019.10.07-06.15.08:437][  0]LogConfig: Setting CVar [[r.Shadow.CSM.TransitionScale:1.0]]
[2019.10.07-06.15.08:437][  0]LogConfig: Setting CVar [[r.Shadow.PreShadowResolutionFactor:1.0]]
[2019.10.07-06.15.08:437][  0]LogConfig: Setting CVar [[r.DistanceFieldShadowing:1]]
[2019.10.07-06.15.08:437][  0]LogConfig: Setting CVar [[r.DistanceFieldAO:1]]
[2019.10.07-06.15.08:437][  0]LogConfig: Setting CVar [[r.AOQuality:2]]
[2019.10.07-06.15.08:437][  0]LogConfig: Setting CVar [[r.VolumetricFog:1]]
[2019.10.07-06.15.08:437][  0]LogConfig: Setting CVar [[r.VolumetricFog.GridPixelSize:8]]
[2019.10.07-06.15.08:437][  0]LogConfig: Setting CVar [[r.VolumetricFog.GridSizeZ:128]]
[2019.10.07-06.15.08:437][  0]LogConfig: Setting CVar [[r.VolumetricFog.HistoryMissSupersampleCount:4]]
[2019.10.07-06.15.08:437][  0]LogConfig: Setting CVar [[r.LightMaxDrawDistanceScale:1]]
[2019.10.07-06.15.08:437][  0]LogConfig: Setting CVar [[r.CapsuleShadows:1]]
[2019.10.07-06.15.08:437][  0]LogConfig: Applying CVar settings from Section [PostProcessQuality@3] File [D:/Github Repositories/Unreal Engine 4/Unreal_Aragon_FPS/Aragon_FPS_Blueprint/Saved/Config/Windows/Scalability.ini]
[2019.10.07-06.15.08:437][  0]LogConfig: Setting CVar [[r.MotionBlurQuality:4]]
[2019.10.07-06.15.08:437][  0]LogConfig: Setting CVar [[r.AmbientOcclusionMipLevelFactor:0.4]]
[2019.10.07-06.15.08:437][  0]LogConfig: Setting CVar [[r.AmbientOcclusionMaxQuality:100]]
[2019.10.07-06.15.08:437][  0]LogConfig: Setting CVar [[r.AmbientOcclusionLevels:-1]]
[2019.10.07-06.15.08:437][  0]LogConfig: Setting CVar [[r.AmbientOcclusionRadiusScale:1.0]]
[2019.10.07-06.15.08:437][  0]LogConfig: Setting CVar [[r.DepthOfFieldQuality:2]]
[2019.10.07-06.15.08:437][  0]LogConfig: Setting CVar [[r.RenderTargetPoolMin:400]]
[2019.10.07-06.15.08:437][  0]LogConfig: Setting CVar [[r.LensFlareQuality:2]]
[2019.10.07-06.15.08:437][  0]LogConfig: Setting CVar [[r.SceneColorFringeQuality:1]]
[2019.10.07-06.15.08:437][  0]LogConfig: Setting CVar [[r.EyeAdaptationQuality:2]]
[2019.10.07-06.15.08:437][  0]LogConfig: Setting CVar [[r.BloomQuality:5]]
[2019.10.07-06.15.08:437][  0]LogConfig: Setting CVar [[r.FastBlurThreshold:100]]
[2019.10.07-06.15.08:437][  0]LogConfig: Setting CVar [[r.Upscale.Quality:3]]
[2019.10.07-06.15.08:437][  0]LogConfig: Setting CVar [[r.Tonemapper.GrainQuantization:1]]
[2019.10.07-06.15.08:437][  0]LogConfig: Setting CVar [[r.LightShaftQuality:1]]
[2019.10.07-06.15.08:437][  0]LogConfig: Setting CVar [[r.Filter.SizeScale:1]]
[2019.10.07-06.15.08:437][  0]LogConfig: Setting CVar [[r.Tonemapper.Quality:5]]
[2019.10.07-06.15.08:437][  0]LogConfig: Setting CVar [[r.DOF.Gather.AccumulatorQuality:1        ; higher gathering accumulator quality]]
[2019.10.07-06.15.08:437][  0]LogConfig: Setting CVar [[r.DOF.Gather.PostfilterMethod:1          ; Median3x3 postfilering method]]
[2019.10.07-06.15.08:437][  0]LogConfig: Setting CVar [[r.DOF.Gather.EnableBokehSettings:0       ; no bokeh simulation when gathering]]
[2019.10.07-06.15.08:437][  0]LogConfig: Setting CVar [[r.DOF.Gather.RingCount:4                 ; medium number of samples when gathering]]
[2019.10.07-06.15.08:437][  0]LogConfig: Setting CVar [[r.DOF.Scatter.ForegroundCompositing:1    ; additive foreground scattering]]
[2019.10.07-06.15.08:437][  0]LogConfig: Setting CVar [[r.DOF.Scatter.BackgroundCompositing:2    ; additive background scattering]]
[2019.10.07-06.15.08:437][  0]LogConfig: Setting CVar [[r.DOF.Scatter.EnableBokehSettings:1      ; bokeh simulation when scattering]]
[2019.10.07-06.15.08:437][  0]LogConfig: Setting CVar [[r.DOF.Scatter.MaxSpriteRatio:0.1         ; only a maximum of 10% of scattered bokeh]]
[2019.10.07-06.15.08:437][  0]LogConfig: Setting CVar [[r.DOF.Recombine.Quality:1                ; cheap slight out of focus]]
[2019.10.07-06.15.08:437][  0]LogConfig: Setting CVar [[r.DOF.Recombine.EnableBokehSettings:0    ; no bokeh simulation on slight out of focus]]
[2019.10.07-06.15.08:437][  0]LogConfig: Setting CVar [[r.DOF.TemporalAAQuality:1                ; more stable temporal accumulation]]
[2019.10.07-06.15.08:437][  0]LogConfig: Setting CVar [[r.DOF.Kernel.MaxForegroundRadius:0.025]]
[2019.10.07-06.15.08:437][  0]LogConfig: Setting CVar [[r.DOF.Kernel.MaxBackgroundRadius:0.025]]
[2019.10.07-06.15.08:437][  0]LogConfig: Applying CVar settings from Section [TextureQuality@3] File [D:/Github Repositories/Unreal Engine 4/Unreal_Aragon_FPS/Aragon_FPS_Blueprint/Saved/Config/Windows/Scalability.ini]
[2019.10.07-06.15.08:437][  0]LogConfig: Setting CVar [[r.Streaming.MipBias:0]]
[2019.10.07-06.15.08:437][  0]LogConfig: Setting CVar [[r.Streaming.AmortizeCPUToGPUCopy:0]]
[2019.10.07-06.15.08:437][  0]LogConfig: Setting CVar [[r.Streaming.MaxNumTexturesToStreamPerFrame:0]]
[2019.10.07-06.15.08:437][  0]LogConfig: Setting CVar [[r.Streaming.Boost:1]]
[2019.10.07-06.15.08:437][  0]LogConfig: Setting CVar [[r.MaxAnisotropy:8]]
[2019.10.07-06.15.08:437][  0]LogConfig: Setting CVar [[r.Streaming.LimitPoolSizeToVRAM:0]]
[2019.10.07-06.15.08:437][  0]LogConfig: Setting CVar [[r.Streaming.PoolSize:1000]]
[2019.10.07-06.15.08:437][  0]LogConfig: Setting CVar [[r.Streaming.MaxEffectiveScreenSize:0]]
[2019.10.07-06.15.08:437][  0]LogConfig: Applying CVar settings from Section [EffectsQuality@3] File [D:/Github Repositories/Unreal Engine 4/Unreal_Aragon_FPS/Aragon_FPS_Blueprint/Saved/Config/Windows/Scalability.ini]
[2019.10.07-06.15.08:437][  0]LogConfig: Setting CVar [[r.TranslucencyLightingVolumeDim:64]]
[2019.10.07-06.15.08:437][  0]LogConfig: Setting CVar [[r.RefractionQuality:2]]
[2019.10.07-06.15.08:438][  0]LogConfig: Setting CVar [[r.SSR.Quality:3]]
[2019.10.07-06.15.08:438][  0]LogConfig: Setting CVar [[r.SceneColorFormat:4]]
[2019.10.07-06.15.08:438][  0]LogConfig: Setting CVar [[r.DetailMode:2]]
[2019.10.07-06.15.08:438][  0]LogConfig: Setting CVar [[r.TranslucencyVolumeBlur:1]]
[2019.10.07-06.15.08:438][  0]LogConfig: Setting CVar [[r.MaterialQualityLevel:1 ; High quality]]
[2019.10.07-06.15.08:438][  0]LogConfig: Setting CVar [[r.SSS.Scale:1]]
[2019.10.07-06.15.08:438][  0]LogConfig: Setting CVar [[r.SSS.SampleSet:2]]
[2019.10.07-06.15.08:438][  0]LogConfig: Setting CVar [[r.SSS.Quality:1]]
[2019.10.07-06.15.08:438][  0]LogConfig: Setting CVar [[r.SSS.HalfRes:1]]
[2019.10.07-06.15.08:438][  0]LogConfig: Setting CVar [[r.EmitterSpawnRateScale:1.0]]
[2019.10.07-06.15.08:438][  0]LogConfig: Setting CVar [[r.ParticleLightQuality:2]]
[2019.10.07-06.15.08:438][  0]LogConfig: Applying CVar settings from Section [FoliageQuality@3] File [D:/Github Repositories/Unreal Engine 4/Unreal_Aragon_FPS/Aragon_FPS_Blueprint/Saved/Config/Windows/Scalability.ini]
[2019.10.07-06.15.08:438][  0]LogConfig: Setting CVar [[foliage.DensityScale:1.0]]
[2019.10.07-06.15.08:438][  0]LogConfig: Setting CVar [[grass.DensityScale:1.0]]
[2019.10.07-06.15.08:438][  0]LogConfig: Applying CVar settings from Section [Startup] File [../../../Engine/Config/ConsoleVariables.ini]
[2019.10.07-06.15.08:438][  0]LogConfig: Setting CVar [[net.UseAdaptiveNetUpdateFrequency:0]]
[2019.10.07-06.15.08:438][  0]LogConfig: Setting CVar [[p.chaos.AllowCreatePhysxBodies:1]]
[2019.10.07-06.15.08:438][  0]LogConfig: Applying CVar settings from Section [ConsoleVariables] File [D:/Github Repositories/Unreal Engine 4/Unreal_Aragon_FPS/Aragon_FPS_Blueprint/Saved/Config/Windows/Engine.ini]
[2019.10.07-06.15.08:438][  0]LogInit: Computer: MSI
[2019.10.07-06.15.08:438][  0]LogInit: User: zephy
[2019.10.07-06.15.08:438][  0]LogInit: CPU Page size=4096, Cores=6
[2019.10.07-06.15.08:438][  0]LogInit: High frequency timer resolution =10.000000 MHz
[2019.10.07-06.15.08:438][  0]LogMemory: Memory total: Physical=15.8GB (16GB approx)
[2019.10.07-06.15.08:438][  0]LogMemory: Platform Memory Stats for Windows
[2019.10.07-06.15.08:438][  0]LogMemory: Process Physical Memory: 103.44 MB used, 103.44 MB peak
[2019.10.07-06.15.08:438][  0]LogMemory: Process Virtual Memory: 104.14 MB used, 104.14 MB peak
[2019.10.07-06.15.08:438][  0]LogMemory: Physical Memory: 7340.45 MB used,  8889.33 MB free, 16229.78 MB total
[2019.10.07-06.15.08:438][  0]LogMemory: Virtual Memory: 4688.99 MB used,  134213040.00 MB free, 134217728.00 MB total
[2019.10.07-06.15.08:442][  0]LogWindows: WindowsPlatformFeatures enabled
[2019.10.07-06.15.08:465][  0]LogInit: Using OS detected language (en-US).
[2019.10.07-06.15.08:465][  0]LogInit: Using OS detected locale (en-US).
[2019.10.07-06.15.08:466][  0]LogTextLocalizationManager: No specific localization for 'en-US' exists, so the 'en' localization will be used.
[2019.10.07-06.15.08:636][  0]LogInit: Setting process to per monitor DPI aware
[2019.10.07-06.15.08:678][  0]LogSlate: New Slate User Created.  User Index 0, Is Virtual User: 0
[2019.10.07-06.15.08:678][  0]LogSlate: Slate User Registered.  User Index 0, Is Virtual User: 0
[2019.10.07-06.15.08:849][  0]LogHMD: Failed to initialize OpenVR with code 110
[2019.10.07-06.15.08:849][  0]LogD3D11RHI: D3D11 adapters:
[2019.10.07-06.15.08:925][  0]LogD3D11RHI:    0. 'NVIDIA GeForce GTX 1070' (Feature Level 11_0)
[2019.10.07-06.15.08:925][  0]LogD3D11RHI:       8081/0/8114 MB DedicatedVideo/DedicatedSystem/SharedSystem, Outputs:1, VendorId:0x10de
[2019.10.07-06.15.08:937][  0]LogD3D11RHI:    1. 'Intel(R) UHD Graphics 630' (Feature Level 11_0)
[2019.10.07-06.15.08:937][  0]LogD3D11RHI:       128/0/8114 MB DedicatedVideo/DedicatedSystem/SharedSystem, Outputs:0, VendorId:0x8086
[2019.10.07-06.15.08:939][  0]LogD3D11RHI:    2. 'Microsoft Basic Render Driver' (Feature Level 11_0)
[2019.10.07-06.15.08:939][  0]LogD3D11RHI:       0/0/8114 MB DedicatedVideo/DedicatedSystem/SharedSystem, Outputs:0, VendorId:0x1414
[2019.10.07-06.15.08:939][  0]LogD3D11RHI: Chosen D3D11 Adapter: 0
[2019.10.07-06.15.08:969][  0]LogD3D11RHI: Creating new Direct3DDevice
[2019.10.07-06.15.08:969][  0]LogD3D11RHI:     GPU DeviceId: 0x1ba1 (for the marketing name, search the web for "GPU Device Id")
[2019.10.07-06.15.08:969][  0]LogWindows: EnumDisplayDevices:
[2019.10.07-06.15.08:969][  0]LogWindows:    0. 'Intel(R) UHD Graphics 630' (P:1 D:1)
[2019.10.07-06.15.08:970][  0]LogWindows:    1. 'Intel(R) UHD Graphics 630' (P:0 D:0)
[2019.10.07-06.15.08:970][  0]LogWindows:    2. 'Intel(R) UHD Graphics 630' (P:0 D:0)
[2019.10.07-06.15.08:970][  0]LogWindows:    3. 'NVIDIA GeForce GTX 1070' (P:0 D:0)
[2019.10.07-06.15.08:970][  0]LogWindows:    4. 'NVIDIA GeForce GTX 1070' (P:0 D:0)
[2019.10.07-06.15.08:970][  0]LogWindows:    5. 'NVIDIA GeForce GTX 1070' (P:0 D:0)
[2019.10.07-06.15.08:971][  0]LogWindows:    6. 'NVIDIA GeForce GTX 1070' (P:0 D:0)
[2019.10.07-06.15.08:971][  0]LogWindows: DebugString: PrimaryIsNotTheChoosenAdapter PrimaryIsNotTheChoosenAdapter PrimaryIsNotTheChoosenAdapter FoundDriverCount:4 
[2019.10.07-06.15.08:971][  0]LogD3D11RHI:     Adapter Name: NVIDIA GeForce GTX 1070
[2019.10.07-06.15.08:971][  0]LogD3D11RHI:   Driver Version: 436.48 (internal:26.21.14.3648, unified:436.48)
[2019.10.07-06.15.08:971][  0]LogD3D11RHI:      Driver Date: 9-26-2019
[2019.10.07-06.15.08:971][  0]LogRHI: Texture pool is 5656 MB (70% of 8081 MB)
[2019.10.07-06.15.09:011][  0]LogD3D11RHI: Async texture creation enabled
[2019.10.07-06.15.09:026][  0]LogD3D11RHI: GPU Timing Frequency: 1000.000000 (Debug: 2 1)
[2019.10.07-06.15.09:302][  0]LogTemp: Display: Module 'AllDesktopTargetPlatform' loaded TargetPlatform 'AllDesktop'
[2019.10.07-06.15.09:308][  0]LogTemp: Display: Module 'MacClientTargetPlatform' loaded TargetPlatform 'MacClient'
[2019.10.07-06.15.09:315][  0]LogTemp: Display: Module 'MacNoEditorTargetPlatform' loaded TargetPlatform 'MacNoEditor'
[2019.10.07-06.15.09:322][  0]LogTemp: Display: Module 'MacServerTargetPlatform' loaded TargetPlatform 'MacServer'
[2019.10.07-06.15.09:329][  0]LogTemp: Display: Module 'MacTargetPlatform' loaded TargetPlatform 'Mac'
[2019.10.07-06.15.09:335][  0]LogTemp: Display: Module 'WindowsClientTargetPlatform' loaded TargetPlatform 'WindowsClient'
[2019.10.07-06.15.09:342][  0]LogTemp: Display: Module 'WindowsNoEditorTargetPlatform' loaded TargetPlatform 'WindowsNoEditor'
[2019.10.07-06.15.09:351][  0]LogTemp: Display: Module 'WindowsServerTargetPlatform' loaded TargetPlatform 'WindowsServer'
[2019.10.07-06.15.09:354][  0]LogTemp: Display: Module 'WindowsTargetPlatform' loaded TargetPlatform 'Windows'
[2019.10.07-06.15.09:381][  0]LogTemp: Display: Module 'AndroidTargetPlatform' loaded TargetPlatform 'Android'
[2019.10.07-06.15.09:381][  0]LogTemp: Display: Module 'AndroidTargetPlatform' loaded TargetPlatform 'Android_ASTC'
[2019.10.07-06.15.09:381][  0]LogTemp: Display: Module 'AndroidTargetPlatform' loaded TargetPlatform 'Android_ATC'
[2019.10.07-06.15.09:381][  0]LogTemp: Display: Module 'AndroidTargetPlatform' loaded TargetPlatform 'Android_DXT'
[2019.10.07-06.15.09:381][  0]LogTemp: Display: Module 'AndroidTargetPlatform' loaded TargetPlatform 'Android_ETC1'
[2019.10.07-06.15.09:381][  0]LogTemp: Display: Module 'AndroidTargetPlatform' loaded TargetPlatform 'Android_ETC1a'
[2019.10.07-06.15.09:381][  0]LogTemp: Display: Module 'AndroidTargetPlatform' loaded TargetPlatform 'Android_ETC2'
[2019.10.07-06.15.09:381][  0]LogTemp: Display: Module 'AndroidTargetPlatform' loaded TargetPlatform 'Android_PVRTC'
[2019.10.07-06.15.09:382][  0]LogTemp: Display: Module 'AndroidTargetPlatform' loaded TargetPlatform 'AndroidClient'
[2019.10.07-06.15.09:382][  0]LogTemp: Display: Module 'AndroidTargetPlatform' loaded TargetPlatform 'Android_ASTCClient'
[2019.10.07-06.15.09:382][  0]LogTemp: Display: Module 'AndroidTargetPlatform' loaded TargetPlatform 'Android_ATCClient'
[2019.10.07-06.15.09:382][  0]LogTemp: Display: Module 'AndroidTargetPlatform' loaded TargetPlatform 'Android_DXTClient'
[2019.10.07-06.15.09:382][  0]LogTemp: Display: Module 'AndroidTargetPlatform' loaded TargetPlatform 'Android_ETC1Client'
[2019.10.07-06.15.09:382][  0]LogTemp: Display: Module 'AndroidTargetPlatform' loaded TargetPlatform 'Android_ETC1aClient'
[2019.10.07-06.15.09:382][  0]LogTemp: Display: Module 'AndroidTargetPlatform' loaded TargetPlatform 'Android_ETC2Client'
[2019.10.07-06.15.09:382][  0]LogTemp: Display: Module 'AndroidTargetPlatform' loaded TargetPlatform 'Android_PVRTCClient'
[2019.10.07-06.15.09:382][  0]LogTemp: Display: Module 'AndroidTargetPlatform' loaded TargetPlatform 'Android_Multi'
[2019.10.07-06.15.09:382][  0]LogTemp: Display: Module 'AndroidTargetPlatform' loaded TargetPlatform 'Android_MultiClient'
[2019.10.07-06.15.09:383][  0]LogTemp: Display: Module 'HTML5TargetPlatform' loaded TargetPlatform 'HTML5'
[2019.10.07-06.15.09:396][  0]LogTemp: Display: Module 'IOSTargetPlatform' loaded TargetPlatform 'IOSClient'
[2019.10.07-06.15.09:396][  0]LogTemp: Display: Module 'IOSTargetPlatform' loaded TargetPlatform 'IOS'
[2019.10.07-06.15.09:408][  0]LogTemp: Display: Module 'TVOSTargetPlatform' loaded TargetPlatform 'TVOSClient'
[2019.10.07-06.15.09:408][  0]LogTemp: Display: Module 'TVOSTargetPlatform' loaded TargetPlatform 'TVOS'
[2019.10.07-06.15.09:413][  0]LogTemp: Display: Module 'LinuxClientTargetPlatform' loaded TargetPlatform 'LinuxClient'
[2019.10.07-06.15.09:419][  0]LogTemp: Display: Module 'LinuxNoEditorTargetPlatform' loaded TargetPlatform 'LinuxNoEditor'
[2019.10.07-06.15.09:425][  0]LogTemp: Display: Module 'LinuxServerTargetPlatform' loaded TargetPlatform 'LinuxServer'
[2019.10.07-06.15.09:431][  0]LogTemp: Display: Module 'LinuxTargetPlatform' loaded TargetPlatform 'Linux'
[2019.10.07-06.15.09:450][  0]LogTemp: Display: Module 'LuminTargetPlatform' loaded TargetPlatform 'Lumin'
[2019.10.07-06.15.09:450][  0]LogTemp: Display: Module 'LuminTargetPlatform' loaded TargetPlatform 'LuminClient'
[2019.10.07-06.15.09:450][  0]LogTargetPlatformManager: Display: Building Assets For Windows
[2019.10.07-06.15.09:456][  0]LogAudioDebug: Display: Lib vorbis DLL was dynamically loaded.
[2019.10.07-06.15.09:489][  0]LogShaderCompilers: Guid format shader working directory is -47 characters bigger than the processId version (../../../../../../Github Repositories/Unreal Engine 4/Unreal_Aragon_FPS/Aragon_FPS_Blueprint/Intermediate/Shaders/WorkingDirectory/17768/).
[2019.10.07-06.15.09:489][  0]LogShaderCompilers: Cleaned the shader compiler working directory 'C:/Users/zephy/AppData/Local/Temp/UnrealShaderWorkingDir/94F72DE543893A67457916823C9CC320/'.
[2019.10.07-06.15.09:490][  0]LogXGEController: Cleaning working directory: C:/Users/zephy/AppData/Local/Temp/UnrealXGEWorkingDir/
[2019.10.07-06.15.09:491][  0]LogXGEController: Cannot use XGE Controller as Incredibuild is not installed on this machine.
[2019.10.07-06.15.09:491][  0]LogShaderCompilers: Cannot use XGE Shader Compiler as Incredibuild is not installed on this machine.
[2019.10.07-06.15.09:491][  0]LogShaderCompilers: Display: Using Local Shader Compiler.
[2019.10.07-06.15.10:070][  0]LogDerivedDataCache: Display: Max Cache Size: 512 MB
[2019.10.07-06.15.10:116][  0]LogDerivedDataCache: Loaded boot cache 0.05s 73MB C:/Users/zephy/AppData/Local/UnrealEngine/4.23/DerivedDataCache/Boot.ddc.
[2019.10.07-06.15.10:116][  0]LogDerivedDataCache: Display: Loaded Boot cache: C:/Users/zephy/AppData/Local/UnrealEngine/4.23/DerivedDataCache/Boot.ddc
[2019.10.07-06.15.10:116][  0]LogDerivedDataCache: FDerivedDataBackendGraph:  Pak pak cache file ../../../../../../Github Repositories/Unreal Engine 4/Unreal_Aragon_FPS/Aragon_FPS_Blueprint/DerivedDataCache/DDC.ddp not found, will not use a pak cache.
[2019.10.07-06.15.10:116][  0]LogDerivedDataCache: Unable to find inner node Pak for hierarchical cache Hierarchy.
[2019.10.07-06.15.10:116][  0]LogDerivedDataCache: FDerivedDataBackendGraph:  CompressedPak pak cache file ../../../../../../Github Repositories/Unreal Engine 4/Unreal_Aragon_FPS/Aragon_FPS_Blueprint/DerivedDataCache/Compressed.ddp not found, will not use a pak cache.
[2019.10.07-06.15.10:116][  0]LogDerivedDataCache: Unable to find inner node CompressedPak for hierarchical cache Hierarchy.
[2019.10.07-06.15.10:128][  0]LogDerivedDataCache: Display: Pak cache opened for reading ../../../Engine/DerivedDataCache/Compressed.ddp.
[2019.10.07-06.15.10:128][  0]LogDerivedDataCache: FDerivedDataBackendGraph:  EnterprisePak pak cache file ../../../Enterprise/DerivedDataCache/Compressed.ddp not found, will not use a pak cache.
[2019.10.07-06.15.10:128][  0]LogDerivedDataCache: Unable to find inner node EnterprisePak for hierarchical cache Hierarchy.
[2019.10.07-06.15.10:129][  0]LogDerivedDataCache: Using Local data cache path C:/Users/zephy/AppData/Local/UnrealEngine/Common/DerivedDataCache: Writable
[2019.10.07-06.15.10:129][  0]LogDerivedDataCache: Shared data cache path not found in *engine.ini, will not use an Shared cache.
[2019.10.07-06.15.10:129][  0]LogDerivedDataCache: Unable to find inner node Shared for hierarchical cache Hierarchy.
[2019.10.07-06.15.10:149][  0]LogMaterial: Verifying Global Shaders for PCD3D_SM5
[2019.10.07-06.15.10:152][  0]LogSlate: Using FreeType 2.6.0
[2019.10.07-06.15.10:152][  0]LogSlate: SlateFontServices - WITH_FREETYPE: 1, WITH_HARFBUZZ: 1
[2019.10.07-06.15.10:202][  0]LogAssetRegistry: FAssetRegistry took 0.0021 seconds to start up
[2019.10.07-06.15.10:427][  0]LogInit: Selected Device Profile: [Windows]
[2019.10.07-06.15.10:561][  0]LogMeshReduction: Using QuadricMeshReduction for automatic static mesh reduction
[2019.10.07-06.15.10:561][  0]LogMeshReduction: Using SimplygonMeshReduction for automatic skeletal mesh reduction
[2019.10.07-06.15.10:561][  0]LogMeshReduction: Using ProxyLODMeshReduction for automatic mesh merging
[2019.10.07-06.15.10:561][  0]LogMeshReduction: No distributed automatic mesh merging module available
[2019.10.07-06.15.10:561][  0]LogMeshMerging: No distributed automatic mesh merging module available
[2019.10.07-06.15.10:569][  0]LogNetVersion: Aragon_FPS_Blueprint 1.0.0, NetCL: 8386587, EngineNetVer: 11, GameNetVer: 0 (Checksum: 271842463)
[2019.10.07-06.15.10:929][  0]LogPackageLocalizationCache: Processed 12 localized package path(s) for 1 prioritized culture(s) in 0.038397 seconds
[2019.10.07-06.15.10:936][  0]LogUObjectArray: 43444 objects as part of root set at end of initial load.
[2019.10.07-06.15.10:936][  0]LogUObjectAllocator: 7548648 out of 0 bytes used by permanent object pool.
[2019.10.07-06.15.10:936][  0]LogUObjectArray: CloseDisregardForGC: 0/0 objects in disregard for GC pool
[2019.10.07-06.15.11:646][  0]LogTcpMessaging: Initializing TcpMessaging bridge
[2019.10.07-06.15.11:650][  0]LogUdpMessaging: Initializing bridge on interface 0.0.0.0:0 to multicast group 230.0.0.1:6666.
[2019.10.07-06.15.11:710][  0]SourceControl: Source control is disabled
[2019.10.07-06.15.11:710][  0]SourceControl: Source control is disabled
[2019.10.07-06.15.11:712][  0]SourceControl: Source control is disabled
[2019.10.07-06.15.11:712][  0]SourceControl: Source control is disabled
[2019.10.07-06.15.11:791][  0]LogAndroidPermission: UAndroidPermissionCallbackProxy::GetInstance
[2019.10.07-06.15.11:884][  0]LogOcInput: OculusInput pre-init called
[2019.10.07-06.15.11:889][  0]LogWindows: Failed to load 'OVRPlugin.dll' (GetLastError=126)
[2019.10.07-06.15.11:889][  0]LogWindows: File 'OVRPlugin.dll' does not exist
[2019.10.07-06.15.11:952][  0]LogEngine: Initializing Engine...
[2019.10.07-06.15.11:953][  0]LogHMD: Failed to initialize OpenVR with code 110
[2019.10.07-06.15.11:953][  0]LogStats: UGameplayTagsManager::InitializeManager -  0.000 s
[2019.10.07-06.15.12:151][  0]LogInit: Initializing FReadOnlyCVARCache
[2019.10.07-06.15.12:161][  0]LogAIModule: Creating AISystem for world Untitled
[2019.10.07-06.15.12:183][  0]LogInit: XAudio2 using 'Speakers (Realtek(R) Audio)' : 2 channels at 48 kHz using 32 bits per sample (channel mask 0x3)
[2019.10.07-06.15.12:495][  0]LogInit: FAudioDevice initialized.
[2019.10.07-06.15.12:495][  0]LogNetVersion: Set ProjectVersion to 1.0.0.0. Version Checksum will be recalculated on next use.
[2019.10.07-06.15.12:546][  0]LogDerivedDataCache: Saved boot cache 0.05s 73MB C:/Users/zephy/AppData/Local/UnrealEngine/4.23/DerivedDataCache/Boot.ddc.
[2019.10.07-06.15.12:549][  0]LogInit: Texture streaming: Enabled
[2019.10.07-06.15.12:564][  0]LogEngineSessionManager: EngineSessionManager initialized
[2019.10.07-06.15.12:627][  0]LogInit: Transaction tracking system initialized
[2019.10.07-06.15.12:647][  0]BlueprintLog: New page: Editor Load
[2019.10.07-06.15.12:698][  0]LocalizationService: Localization service is disabled
[2019.10.07-06.15.12:885][  0]LogCook: Display: Max memory allowance for cook 16384mb min free memory 0mb
[2019.10.07-06.15.12:885][  0]LogCook: Display: Mobile HDR setting 1
[2019.10.07-06.15.13:016][  0]LogFileCache: Scanning file cache for directory 'D:/Github Repositories/Unreal Engine 4/Unreal_Aragon_FPS/Aragon_FPS_Blueprint/Content/' took 0.01s
[2019.10.07-06.15.13:016][  0]SourceControl: Source control is disabled
[2019.10.07-06.15.13:017][  0]LightingResults: New page: Lighting Build
[2019.10.07-06.15.13:018][  0]LogWorld: UWorld::CleanupWorld for Untitled, bSessionEnded=true, bCleanupResources=true
[2019.10.07-06.15.13:019][  0]MapCheck: New page: Map Check
[2019.10.07-06.15.13:019][  0]LightingResults: New page: Lighting Build
[2019.10.07-06.15.13:044][  0]LogUObjectHash: Compacting FUObjectHashTables data took   1.37ms
[2019.10.07-06.15.13:381][  0]LogBlueprint: Warning: [Compiler Ue4ASP_Character] InputAction Event references unknown Action 'Crouch' for  InputAction Crouch
[2019.10.07-06.15.14:618][  0]LogAIModule: Creating AISystem for world FirstPersonExampleMap
[2019.10.07-06.15.14:637][  0]LogEditorServer: Finished looking for orphan Actors (0.000 secs)
[2019.10.07-06.15.14:670][  0]LogUObjectHash: Compacting FUObjectHashTables data took   2.28ms
[2019.10.07-06.15.14:670][  0]Cmd: MAP CHECKDEP NOCLEARLOG
[2019.10.07-06.15.14:671][  0]MapCheck: Map check complete: 0 Error(s), 0 Warning(s), took 0.09ms to complete.
[2019.10.07-06.15.14:671][  0]LogFileHelpers: Loading map 'FirstPersonExampleMap' took 1.654
[2019.10.07-06.15.14:804][  0]LogSlate: Updating window title bar state: overlay mode, drag disabled, window buttons hidden, title bar hidden
[2019.10.07-06.15.14:812][  0]LogSlate: Updating window title bar state: overlay mode, drag disabled, window buttons hidden, title bar hidden
[2019.10.07-06.15.14:819][  0]LogSlate: Updating window title bar state: overlay mode, drag disabled, window buttons hidden, title bar hidden
[2019.10.07-06.15.14:826][  0]LogSlate: Updating window title bar state: overlay mode, drag disabled, window buttons hidden, title bar hidden
[2019.10.07-06.15.14:830][  0]LogCollectionManager: Loaded 0 collections in 0.000890 seconds
[2019.10.07-06.15.14:836][  0]LogFileCache: Scanning file cache for directory 'D:/Github Repositories/Unreal Engine 4/Unreal_Aragon_FPS/Aragon_FPS_Blueprint/Saved/Collections/' took 0.00s
[2019.10.07-06.15.14:836][  0]LogFileCache: Scanning file cache for directory 'D:/Github Repositories/Unreal Engine 4/Unreal_Aragon_FPS/Aragon_FPS_Blueprint/Content/Developers/zephy/Collections/' took 0.00s
[2019.10.07-06.15.14:836][  0]LogFileCache: Scanning file cache for directory 'D:/Github Repositories/Unreal Engine 4/Unreal_Aragon_FPS/Aragon_FPS_Blueprint/Content/Collections/' took 0.00s
[2019.10.07-06.15.14:836][  0]LogCollectionManager: Rebuilt the GUID cache for 0 collections in 0.000001 seconds
[2019.10.07-06.15.14:844][  0]LogContentBrowser: Native class hierarchy populated in 0.0090 seconds. Added 2873 classes and 687 folders.
[2019.10.07-06.15.14:852][  0]LogContentBrowser: Native class hierarchy updated for 'WidgetCarousel' in 0.0002 seconds. Added 0 classes and 0 folders.
[2019.10.07-06.15.14:883][  0]LogContentBrowser: Native class hierarchy updated for 'AddContentDialog' in 0.0002 seconds. Added 0 classes and 0 folders.
[2019.10.07-06.15.14:894][  0]LogSlate: Took 0.000124 seconds to synchronously load lazily loaded font '../../../Engine/Content/Slate/Fonts/Roboto-Regular.ttf' (155K)
[2019.10.07-06.15.14:899][  0]LogSlate: Took 0.000167 seconds to synchronously load lazily loaded font '../../../Engine/Content/Slate/Fonts/Roboto-Bold.ttf' (160K)
[2019.10.07-06.15.14:901][  0]LogSlate: Took 0.000165 seconds to synchronously load lazily loaded font '../../../Engine/Content/Editor/Slate/Fonts/FontAwesome.ttf' (139K)
[2019.10.07-06.15.14:964][  0]LogRenderer: Reallocating scene render targets to support 1184x644 Format 10 NumSamples 1 (Frame:1).
[2019.10.07-06.15.15:090][  0]LogContentBrowser: Native class hierarchy updated for 'HierarchicalLODOutliner' in 0.0005 seconds. Added 0 classes and 0 folders.
[2019.10.07-06.15.15:090][  0]LogLoad: (Engine Initialization) Total time: 7.45 seconds
[2019.10.07-06.15.15:090][  0]LogLoad: (Engine Initialization) Total Blueprint compile time: 0.00 seconds
[2019.10.07-06.15.15:174][  0]LogAssetRegistry: Asset discovery search completed in 4.9740 seconds
[2019.10.07-06.15.15:178][  0]LogCollectionManager: Rebuilt the object cache for 0 collections in 0.000004 seconds (found 0 objects)
[2019.10.07-06.15.15:178][  0]LogCollectionManager: Fixed up redirectors for 0 collections in 0.000059 seconds (updated 0 objects)
[2019.10.07-06.15.15:179][  0]LogContentStreaming: Texture pool size now 1000 MB
[2019.10.07-06.15.15:221][  0]LogSlate: Took 0.000113 seconds to synchronously load lazily loaded font '../../../Engine/Content/Slate/Fonts/Roboto-Light.ttf' (167K)
[2019.10.07-06.15.15:800][ 33]LogSlate: FSceneViewport::OnFocusLost() reason 0
[2019.10.07-06.15.15:833][ 35]LogTemp: Repeating last play command: Selected Viewport
[2019.10.07-06.15.15:863][ 35]LogBlueprintUserMessages: Early PlayInEditor Detection: Level '/Game/FirstPersonBP/Maps/FirstPersonExampleMap.FirstPersonExampleMap:PersistentLevel' has LevelScriptBlueprint '/Game/FirstPersonBP/Maps/FirstPersonExampleMap.FirstPersonExampleMap:PersistentLevel.FirstPersonExampleMap' with GeneratedClass '/Game/FirstPersonBP/Maps/FirstPersonExampleMap.FirstPersonExampleMap_C' with ClassGeneratedBy '/Game/FirstPersonBP/Maps/FirstPersonExampleMap.FirstPersonExampleMap:PersistentLevel.FirstPersonExampleMap'
[2019.10.07-06.15.15:863][ 35]LogPlayLevel: PlayLevel: No blueprints needed recompiling
[2019.10.07-06.15.15:864][ 35]PIE: New page: PIE session: FirstPersonExampleMap (Oct 6, 2019, 4:15:15 PM)
[2019.10.07-06.15.15:865][ 35]LogOnline: OSS: Creating online subsystem instance for: NULL
[2019.10.07-06.15.15:866][ 35]LogPlayLevel: Creating play world package: /Game/FirstPersonBP/Maps/UEDPIE_0_FirstPersonExampleMap
[2019.10.07-06.15.15:878][ 35]LogPlayLevel: PIE: StaticDuplicateObject took: (0.012311s)
[2019.10.07-06.15.15:879][ 35]LogAIModule: Creating AISystem for world FirstPersonExampleMap
[2019.10.07-06.15.15:879][ 35]LogPlayLevel: PIE: World Init took: (0.001305s)
[2019.10.07-06.15.15:879][ 35]LogPlayLevel: PIE: Created PIE world by copying editor world from /Game/FirstPersonBP/Maps/FirstPersonExampleMap.FirstPersonExampleMap to /Game/FirstPersonBP/Maps/UEDPIE_0_FirstPersonExampleMap.FirstPersonExampleMap (0.013830s)
[2019.10.07-06.15.15:906][ 35]LogUObjectHash: Compacting FUObjectHashTables data took   1.39ms
[2019.10.07-06.15.15:914][ 35]LogInit: XAudio2 using 'Speakers (Realtek(R) Audio)' : 2 channels at 48 kHz using 32 bits per sample (channel mask 0x3)
[2019.10.07-06.15.16:021][ 35]LogInit: FAudioDevice initialized.
[2019.10.07-06.15.16:032][ 35]LogLoad: Game class is 'FirstPersonGameMode_C'
[2019.10.07-06.15.16:037][ 35]LogWorld: Bringing World /Game/FirstPersonBP/Maps/UEDPIE_0_FirstPersonExampleMap.FirstPersonExampleMap up for play (max tick rate 60) at 2019.10.06-23.15.16
[2019.10.07-06.15.16:039][ 35]LogWorld: Bringing up level for play took: 0.005128
[2019.10.07-06.15.16:039][ 35]LogOnline: OSS: Creating online subsystem instance for: :Context_1
[2019.10.07-06.15.16:043][ 35]LogContentBrowser: Native class hierarchy updated for 'MovieSceneCapture' in 0.0003 seconds. Added 20 classes and 0 folders.
[2019.10.07-06.15.16:047][ 35]PIE: Play in editor start time for /Game/FirstPersonBP/Maps/UEDPIE_0_FirstPersonExampleMap 0.156
[2019.10.07-06.15.16:047][ 35]LogBlueprintUserMessages: Late PlayInEditor Detection: Level '/Game/FirstPersonBP/Maps/FirstPersonExampleMap.FirstPersonExampleMap:PersistentLevel' has LevelScriptBlueprint '/Game/FirstPersonBP/Maps/FirstPersonExampleMap.FirstPersonExampleMap:PersistentLevel.FirstPersonExampleMap' with GeneratedClass '/Game/FirstPersonBP/Maps/FirstPersonExampleMap.FirstPersonExampleMap_C' with ClassGeneratedBy '/Game/FirstPersonBP/Maps/FirstPersonExampleMap.FirstPersonExampleMap:PersistentLevel.FirstPersonExampleMap'
[2019.10.07-06.15.16:148][ 38]LogSlate: Took 0.000136 seconds to synchronously load lazily loaded font '../../../Engine/Content/Slate/Fonts/Roboto-Light.ttf' (167K)
[2019.10.07-06.15.22:418][414]LogSpawn: Warning: SpawnActor failed because of collision at the spawn location [X=-934.243 Y=-6313.562 Z=293.436] for [FirstPersonProjectile_C]
[2019.10.07-06.15.22:602][425]LogSpawn: Warning: SpawnActor failed because of collision at the spawn location [X=-932.482 Y=-6308.657 Z=287.831] for [FirstPersonProjectile_C]
[2019.10.07-06.15.36:936][285]LogBlueprintUserMessages: Early EndPlayMap Detection: Level '/Game/FirstPersonBP/Maps/FirstPersonExampleMap.FirstPersonExampleMap:PersistentLevel' has LevelScriptBlueprint '/Game/FirstPersonBP/Maps/FirstPersonExampleMap.FirstPersonExampleMap:PersistentLevel.FirstPersonExampleMap' with GeneratedClass '/Game/FirstPersonBP/Maps/FirstPersonExampleMap.FirstPersonExampleMap_C' with ClassGeneratedBy '/Game/FirstPersonBP/Maps/FirstPersonExampleMap.FirstPersonExampleMap:PersistentLevel.FirstPersonExampleMap'
[2019.10.07-06.15.36:936][285]LogSlate: Updating window title bar state: overlay mode, drag disabled, window buttons hidden, title bar hidden
[2019.10.07-06.15.36:936][285]LogWorld: BeginTearingDown for /Game/FirstPersonBP/Maps/UEDPIE_0_FirstPersonExampleMap
[2019.10.07-06.15.36:936][285]LogWorld: UWorld::CleanupWorld for FirstPersonExampleMap, bSessionEnded=true, bCleanupResources=true
[2019.10.07-06.15.36:945][285]LogPlayLevel: Display: Shutting down PIE online subsystems
[2019.10.07-06.15.36:946][285]LogBlueprintUserMessages: Late EndPlayMap Detection: Level '/Game/FirstPersonBP/Maps/FirstPersonExampleMap.FirstPersonExampleMap:PersistentLevel' has LevelScriptBlueprint '/Game/FirstPersonBP/Maps/FirstPersonExampleMap.FirstPersonExampleMap:PersistentLevel.FirstPersonExampleMap' with GeneratedClass '/Game/FirstPersonBP/Maps/FirstPersonExampleMap.FirstPersonExampleMap_C' with ClassGeneratedBy '/Game/FirstPersonBP/Maps/FirstPersonExampleMap.FirstPersonExampleMap:PersistentLevel.FirstPersonExampleMap'
[2019.10.07-06.15.36:979][285]LogSlate: Updating window title bar state: overlay mode, drag disabled, window buttons hidden, title bar hidden
[2019.10.07-06.15.36:982][285]LogUObjectHash: Compacting FUObjectHashTables data took   1.38ms
[2019.10.07-06.15.37:050][288]LogPlayLevel: Display: Destroying online subsystem :Context_1
[2019.10.07-06.15.43:885][698]LogSlate: FSceneViewport::OnFocusLost() reason 0
[2019.10.07-06.15.43:986][702]LogAssetEditorManager: Opening Asset editor for Blueprint /Game/FirstPersonBP/Enemy/AI_Behavior/ShootProjectile.ShootProjectile
[2019.10.07-06.15.44:211][702]LogContentBrowser: Native class hierarchy updated for 'BlueprintGraph' in 0.0005 seconds. Added 121 classes and 0 folders.
[2019.10.07-06.15.44:945][702]LogAssetEditorManager: Opening Asset editor for Blueprint /Game/FirstPersonBP/Blueprints/FirstPersonCharacter.FirstPersonCharacter
[2019.10.07-06.15.45:320][702]LogAssetEditorManager: Opening Asset editor for Blueprint /Game/FirstPersonBP/Enemy/Blueprints/Enemy_Scout.Enemy_Scout
[2019.10.07-06.15.45:642][702]LogAssetEditorManager: Opening Asset editor for BehaviorTree /Game/FirstPersonBP/Enemy/AI_Behavior/Enemy_Scout_Behavior.Enemy_Scout_Behavior
[2019.10.07-06.15.45:762][702]LogAssetEditorManager: Opening Asset editor for Blueprint /Game/FirstPersonBP/Blueprints/EnemyProjectile.EnemyProjectile
[2019.10.07-06.15.46:100][702]LogSlate: Took 0.000165 seconds to synchronously load lazily loaded font '../../../Engine/Content/Slate/Fonts/Roboto-BoldCondensed.ttf' (158K)
[2019.10.07-06.15.48:274][826]LogSlate: Window 'EnemyProjectile' being destroyed
[2019.10.07-06.15.48:279][826]LogSlate: Window 'EnemyProjectile' being destroyed
[2019.10.07-06.15.48:284][826]LogWorld: UWorld::CleanupWorld for World_0, bSessionEnded=true, bCleanupResources=true
[2019.10.07-06.15.48:336][826]LogWorld: UWorld::CleanupWorld for World_1, bSessionEnded=true, bCleanupResources=true
[2019.10.07-06.15.48:389][826]LogActorComponent: UnregisterComponent: (/Engine/Transient.EditorFloorComp) Not registered. Aborting.
[2019.10.07-06.15.48:389][826]LogWorld: UWorld::CleanupWorld for World_2, bSessionEnded=true, bCleanupResources=true
[2019.10.07-06.15.48:492][826]LogActorComponent: UnregisterComponent: (/Engine/Transient.EditorFloorComp) Not registered. Aborting.
[2019.10.07-06.15.48:492][826]LogWorld: UWorld::CleanupWorld for World_3, bSessionEnded=true, bCleanupResources=true
[2019.10.07-06.15.49:091][854]LogUObjectHash: Compacting FUObjectHashTables data took   3.09ms
[2019.10.07-06.15.51:453][996]LogSlate: FSceneViewport::OnFocusLost() reason 2
[2019.10.07-06.15.54:332][164]LogSlate: FSceneViewport::OnFocusLost() reason 5
[2019.10.07-06.15.54:337][164]LogAssetEditorManager: Opening Asset editor for LevelScriptBlueprint /Game/FirstPersonBP/Maps/FirstPersonExampleMap.FirstPersonExampleMap:PersistentLevel.FirstPersonExampleMap
[2019.10.07-06.15.56:443][268]LogSlate: Took 0.000244 seconds to synchronously load lazily loaded font '../../../Engine/Content/Slate/Fonts/Roboto-Italic.ttf' (157K)
[2019.10.07-06.16.12:104][207]BlueprintLog: New page: Compile FirstPersonExampleMap
[2019.10.07-06.16.12:348][207]LogUObjectHash: Compacting FUObjectHashTables data took   4.86ms
[2019.10.07-06.16.14:542][336]LogSlate: Window 'FirstPersonExampleMap' being destroyed
[2019.10.07-06.16.14:547][336]LogSlate: Window 'FirstPersonExampleMap' being destroyed
[2019.10.07-06.16.14:573][336]LogWorld: UWorld::CleanupWorld for World_14, bSessionEnded=true, bCleanupResources=true
[2019.10.07-06.16.15:670][397]LogUObjectHash: Compacting FUObjectHashTables data took   4.44ms
[2019.10.07-06.16.15:677][397]LogSlate: FSceneViewport::OnFocusLost() reason 5
[2019.10.07-06.16.15:725][397]LogUObjectHash: Compacting FUObjectHashTables data took   0.80ms
[2019.10.07-06.16.16:021][397]LogSavePackage: Moving '../../../../../../Github Repositories/Unreal Engine 4/Unreal_Aragon_FPS/Aragon_FPS_Blueprint/Saved/FirstPersonExampleMap25626AA54F3F000EB041049D0BF76C64.tmp' to '../../../../../../Github Repositories/Unreal Engine 4/Unreal_Aragon_FPS/Aragon_FPS_Blueprint/Content/FirstPersonBP/Maps/FirstPersonExampleMap.umap'
[2019.10.07-06.16.16:069][397]LogFileHelpers: Saving map 'FirstPersonExampleMap' took 0.374
[2019.10.07-06.16.17:249][468]LogSlate: FSceneViewport::OnFocusLost() reason 0
[2019.10.07-06.16.17:349][472]LogUObjectHash: Compacting FUObjectHashTables data took   3.14ms
[2019.10.07-06.16.17:469][472]LogSlate: Window 'Aragon_FPS_Blueprint - Unreal Editor' being destroyed
[2019.10.07-06.16.17:470][472]LogWindowsTextInputMethodSystem: Display: IME system now deactivated.
[2019.10.07-06.16.17:587][473]Cmd: QUIT_EDITOR
[2019.10.07-06.16.17:743][473]LogExit: Preparing to exit.
[2019.10.07-06.16.18:701][473]LogWorld: UWorld::CleanupWorld for World_4, bSessionEnded=true, bCleanupResources=true
[2019.10.07-06.16.18:703][473]LogWorld: UWorld::CleanupWorld for World_5, bSessionEnded=true, bCleanupResources=true
[2019.10.07-06.16.18:705][473]LogWorld: UWorld::CleanupWorld for World_6, bSessionEnded=true, bCleanupResources=true
[2019.10.07-06.16.18:707][473]LogWorld: UWorld::CleanupWorld for World_7, bSessionEnded=true, bCleanupResources=true
[2019.10.07-06.16.18:709][473]LogWorld: UWorld::CleanupWorld for World_8, bSessionEnded=true, bCleanupResources=true
[2019.10.07-06.16.18:711][473]LogWorld: UWorld::CleanupWorld for World_9, bSessionEnded=true, bCleanupResources=true
[2019.10.07-06.16.18:712][473]LogWorld: UWorld::CleanupWorld for World_10, bSessionEnded=true, bCleanupResources=true
[2019.10.07-06.16.18:714][473]LogWorld: UWorld::CleanupWorld for World_11, bSessionEnded=true, bCleanupResources=true
[2019.10.07-06.16.18:716][473]LogWorld: UWorld::CleanupWorld for World_12, bSessionEnded=true, bCleanupResources=true
[2019.10.07-06.16.18:718][473]LogWorld: UWorld::CleanupWorld for World_13, bSessionEnded=true, bCleanupResources=true
[2019.10.07-06.16.18:754][473]LogDemo: Cleaned up 0 splitscreen connections with owner deletion
[2019.10.07-06.16.18:761][473]LogWorld: UWorld::CleanupWorld for None, bSessionEnded=true, bCleanupResources=true
[2019.10.07-06.16.18:761][473]LogExit: Editor shut down
[2019.10.07-06.16.18:761][473]LogExit: Transaction tracking system shut down
[2019.10.07-06.16.18:966][473]LogExit: Object subsystem successfully closed.
[2019.10.07-06.16.18:989][473]LogShaderCompilers: Display: Shaders left to compile 0
[2019.10.07-06.16.19:001][473]LogModuleManager: Shutting down and abandoning module BlueprintGraph (678)
[2019.10.07-06.16.19:001][473]LogModuleManager: Shutting down and abandoning module MovieSceneCapture (676)
[2019.10.07-06.16.19:001][473]LogModuleManager: Shutting down and abandoning module Voice (674)
[2019.10.07-06.16.19:001][473]LogModuleManager: Shutting down and abandoning module HierarchicalLODOutliner (672)
[2019.10.07-06.16.19:001][473]LogModuleManager: Shutting down and abandoning module AddContentDialog (670)
[2019.10.07-06.16.19:001][473]LogModuleManager: Shutting down and abandoning module WidgetCarousel (669)
[2019.10.07-06.16.19:001][473]LogModuleManager: Shutting down and abandoning module EditorWidgets (666)
[2019.10.07-06.16.19:001][473]LogModuleManager: Shutting down and abandoning module CollectionManager (664)
[2019.10.07-06.16.19:001][473]LogModuleManager: Shutting down and abandoning module SceneOutliner (662)
[2019.10.07-06.16.19:001][473]LogModuleManager: Shutting down and abandoning module StatsViewer (660)
[2019.10.07-06.16.19:001][473]LogModuleManager: Shutting down and abandoning module VirtualTexturingEditor (658)
[2019.10.07-06.16.19:001][473]LogModuleManager: Shutting down and abandoning module FoliageEdit (656)
[2019.10.07-06.16.19:001][473]LogModuleManager: Shutting down and abandoning module LandscapeEditor (654)
[2019.10.07-06.16.19:001][473]LogModuleManager: Shutting down and abandoning module MeshPaintMode (652)
[2019.10.07-06.16.19:001][473]LogModuleManager: Shutting down and abandoning module SceneDepthPickerMode (650)
[2019.10.07-06.16.19:001][473]LogModuleManager: Shutting down and abandoning module ActorPickerMode (648)
[2019.10.07-06.16.19:002][473]LogModuleManager: Shutting down and abandoning module GeometryMode (646)
[2019.10.07-06.16.19:002][473]LogModuleManager: Shutting down and abandoning module TextureAlignMode (644)
[2019.10.07-06.16.19:002][473]LogModuleManager: Shutting down and abandoning module BspMode (642)
[2019.10.07-06.16.19:002][473]LogModuleManager: Shutting down and abandoning module PIEPreviewDeviceProfileSelector (640)
[2019.10.07-06.16.19:002][473]LogModuleManager: Shutting down and abandoning module SequenceRecorderSections (638)
[2019.10.07-06.16.19:002][473]LogModuleManager: Shutting down and abandoning module AutomationWorker (636)
[2019.10.07-06.16.19:002][473]LogModuleManager: Shutting down and abandoning module OculusMR (634)
[2019.10.07-06.16.19:002][473]LogModuleManager: Shutting down and abandoning module AudioCaptureEditor (632)
[2019.10.07-06.16.19:002][473]LogModuleManager: Shutting down and abandoning module MatineeToLevelSequence (630)
[2019.10.07-06.16.19:002][473]LogModuleManager: Shutting down and abandoning module LevelSequenceEditor (628)
[2019.10.07-06.16.19:002][473]LogModuleManager: Shutting down and abandoning module PlacementMode (627)
[2019.10.07-06.16.19:002][473]LogModuleManager: Shutting down and abandoning module MaterialEditor (626)
[2019.10.07-06.16.19:002][473]LogModuleManager: Shutting down and abandoning module ActorSequenceEditor (622)
[2019.10.07-06.16.19:002][473]LogModuleManager: Shutting down and abandoning module WmfMediaFactory (620)
[2019.10.07-06.16.19:002][473]LogModuleManager: Shutting down and abandoning module WmfMediaEditor (618)
[2019.10.07-06.16.19:002][473]LogModuleManager: Shutting down and abandoning module WebMMediaFactory (616)
[2019.10.07-06.16.19:002][473]LogModuleManager: Shutting down and abandoning module WebMMediaEditor (614)
[2019.10.07-06.16.19:002][473]LogModuleManager: Shutting down and abandoning module WebMMedia (612)
[2019.10.07-06.16.19:002][473]LogModuleManager: Shutting down and abandoning module MediaPlayerEditor (610)
[2019.10.07-06.16.19:002][473]LogModuleManager: Shutting down and abandoning module MediaCompositingEditor (608)
[2019.10.07-06.16.19:002][473]LogModuleManager: Shutting down and abandoning module SequenceRecorder (607)
[2019.10.07-06.16.19:002][473]LogModuleManager: Shutting down and abandoning module OpenExrWrapper (604)
[2019.10.07-06.16.19:002][473]LogModuleManager: Shutting down and abandoning module ImgMediaFactory (602)
[2019.10.07-06.16.19:002][473]LogModuleManager: Shutting down and abandoning module ImgMediaEditor (600)
[2019.10.07-06.16.19:002][473]LogModuleManager: Shutting down and abandoning module AvfMediaFactory (598)
[2019.10.07-06.16.19:002][473]LogModuleManager: Shutting down and abandoning module AvfMediaEditor (596)
[2019.10.07-06.16.19:002][473]LogModuleManager: Shutting down and abandoning module AndroidMediaFactory (594)
[2019.10.07-06.16.19:002][473]LogModuleManager: Shutting down and abandoning module AndroidMediaEditor (592)
[2019.10.07-06.16.19:002][473]LogModuleManager: Shutting down and abandoning module MagicLeapCameraPreviewFactory (590)
[2019.10.07-06.16.19:002][473]LogModuleManager: Shutting down and abandoning module MagicLeapMediaCodecFactory (588)
[2019.10.07-06.16.19:002][473]LogModuleManager: Shutting down and abandoning module MagicLeapMediaFactory (586)
[2019.10.07-06.16.19:002][473]LogModuleManager: Shutting down and abandoning module MagicLeapMediaEditor (584)
[2019.10.07-06.16.19:002][473]LogModuleManager: Shutting down and abandoning module CharacterAI (582)
[2019.10.07-06.16.19:002][473]LogModuleManager: Shutting down and abandoning module SmartSnapping (580)
[2019.10.07-06.16.19:002][473]LogModuleManager: Shutting down and abandoning module SessionServices (578)
[2019.10.07-06.16.19:002][473]LogModuleManager: Shutting down and abandoning module MeshPaint (576)
[2019.10.07-06.16.19:002][473]LogModuleManager: Shutting down and abandoning module ViewportSnapping (574)
[2019.10.07-06.16.19:002][473]LogModuleManager: Shutting down and abandoning module ViewportInteraction (572)
[2019.10.07-06.16.19:002][473]LogModuleManager: Shutting down and abandoning module ClothPainter (570)
[2019.10.07-06.16.19:002][473]LogModuleManager: Shutting down and abandoning module SkeletalMeshEditor (569)
[2019.10.07-06.16.19:002][473]LogModuleManager: Shutting down and abandoning module LogVisualizer (566)
[2019.10.07-06.16.19:002][473]LogModuleManager: Shutting down and abandoning module IntroTutorials (564)
[2019.10.07-06.16.19:002][473]LogModuleManager: Shutting down and abandoning module GameProjectGeneration (563)
[2019.10.07-06.16.19:002][473]LogModuleManager: Shutting down and abandoning module LuminPlatformEditor (560)
[2019.10.07-06.16.19:002][473]LogModuleManager: Shutting down and abandoning module IOSPlatformEditor (558)
[2019.10.07-06.16.19:003][473]LogModuleManager: Shutting down and abandoning module HTML5PlatformEditor (556)
[2019.10.07-06.16.19:003][473]LogModuleManager: Shutting down and abandoning module AndroidPlatformEditor (554)
[2019.10.07-06.16.19:003][473]LogModuleManager: Shutting down and abandoning module AndroidDeviceDetection (553)
[2019.10.07-06.16.19:766][473]LogModuleManager: Shutting down and abandoning module WindowsPlatformEditor (550)
[2019.10.07-06.16.19:766][473]LogModuleManager: Shutting down and abandoning module LuminRuntimeSettings (548)
[2019.10.07-06.16.19:766][473]LogModuleManager: Shutting down and abandoning module IOSRuntimeSettings (546)
[2019.10.07-06.16.19:766][473]LogModuleManager: Shutting down and abandoning module AndroidRuntimeSettings (544)
[2019.10.07-06.16.19:766][473]LogModuleManager: Shutting down and abandoning module TimeManagementEditor (542)
[2019.10.07-06.16.19:766][473]LogModuleManager: Shutting down and abandoning module InputBindingEditor (540)
[2019.10.07-06.16.19:766][473]LogModuleManager: Shutting down and abandoning module MergeActors (538)
[2019.10.07-06.16.19:766][473]LogModuleManager: Shutting down and abandoning module LocalizationDashboard (536)
[2019.10.07-06.16.19:766][473]LogModuleManager: Shutting down and abandoning module LocalizationService (535)
[2019.10.07-06.16.19:766][473]LogModuleManager: Shutting down and abandoning module HardwareTargeting (532)
[2019.10.07-06.16.19:766][473]LogModuleManager: Shutting down and abandoning module DeviceProfileEditor (530)
[2019.10.07-06.16.19:767][473]LogModuleManager: Shutting down and abandoning module UndoHistory (528)
[2019.10.07-06.16.19:767][473]LogModuleManager: Shutting down and abandoning module XmlParser (526)
[2019.10.07-06.16.19:767][473]LogModuleManager: Shutting down and abandoning module Blutility (524)
[2019.10.07-06.16.19:767][473]LogModuleManager: Shutting down and abandoning module ProjectSettingsViewer (522)
[2019.10.07-06.16.19:767][473]LogModuleManager: Shutting down and abandoning module ProjectTargetPlatformEditor (521)
[2019.10.07-06.16.19:767][473]LogModuleManager: Shutting down and abandoning module EditorSettingsViewer (518)
[2019.10.07-06.16.19:767][473]LogModuleManager: Shutting down and abandoning module SettingsEditor (516)
[2019.10.07-06.16.19:767][473]LogModuleManager: Shutting down and abandoning module ProjectLauncher (514)
[2019.10.07-06.16.19:767][473]LogModuleManager: Shutting down and abandoning module SessionFrontend (512)
[2019.10.07-06.16.19:767][473]LogModuleManager: Shutting down and abandoning module ProfilerClient (510)
[2019.10.07-06.16.19:767][473]LogModuleManager: Shutting down and abandoning module DeviceManager (508)
[2019.10.07-06.16.19:767][473]LogModuleManager: Shutting down and abandoning module TargetDeviceServices (507)
[2019.10.07-06.16.19:810][473]LogModuleManager: Shutting down and abandoning module AutomationController (504)
[2019.10.07-06.16.19:810][473]LogModuleManager: Shutting down and abandoning module AutomationWindow (502)
[2019.10.07-06.16.19:810][473]LogModuleManager: Shutting down and abandoning module Layers (500)
[2019.10.07-06.16.19:810][473]LogModuleManager: Shutting down and abandoning module ComponentVisualizers (498)
[2019.10.07-06.16.19:810][473]LogModuleManager: Shutting down and abandoning module DetailCustomizations (496)
[2019.10.07-06.16.19:810][473]LogModuleManager: Shutting down and abandoning module PackagesDialog (494)
[2019.10.07-06.16.19:810][473]LogModuleManager: Shutting down and abandoning module AnimationBlueprintEditor (492)
[2019.10.07-06.16.19:810][473]LogModuleManager: Shutting down and abandoning module Persona (490)
[2019.10.07-06.16.19:810][473]LogModuleManager: Shutting down and abandoning module AdvancedPreviewScene (489)
[2019.10.07-06.16.19:810][473]LogModuleManager: Shutting down and abandoning module AnimGraph (487)
[2019.10.07-06.16.19:810][473]LogModuleManager: Shutting down and abandoning module Kismet (484)
[2019.10.07-06.16.19:815][473]LogModuleManager: Shutting down and abandoning module KismetWidgets (483)
[2019.10.07-06.16.19:816][473]LogModuleManager: Shutting down and abandoning module GraphEditor (480)
[2019.10.07-06.16.19:816][473]LogModuleManager: Shutting down and abandoning module StructViewer (478)
[2019.10.07-06.16.19:816][473]LogModuleManager: Shutting down and abandoning module ClassViewer (476)
[2019.10.07-06.16.19:816][473]LogModuleManager: Shutting down and abandoning module Toolbox (474)
[2019.10.07-06.16.19:816][473]LogModuleManager: Shutting down and abandoning module ModuleUI (472)
[2019.10.07-06.16.19:816][473]LogModuleManager: Shutting down and abandoning module MovieSceneTools (470)
[2019.10.07-06.16.19:816][473]LogModuleManager: Shutting down and abandoning module OutputLog (468)
[2019.10.07-06.16.19:816][473]LogModuleManager: Shutting down and abandoning module GammaUI (466)
[2019.10.07-06.16.19:816][473]LogModuleManager: Shutting down and abandoning module Documentation (464)
[2019.10.07-06.16.19:816][473]LogModuleManager: Shutting down and abandoning module LiveCoding (462)
[2019.10.07-06.16.19:816][473]LogModuleManager: Shutting down and abandoning module LevelSequence (460)
[2019.10.07-06.16.19:816][473]LogModuleManager: Shutting down and abandoning module MovieSceneTracks (458)
[2019.10.07-06.16.19:816][473]LogModuleManager: Shutting down and abandoning module MovieScene (456)
[2019.10.07-06.16.19:816][473]LogModuleManager: Shutting down and abandoning module StreamingPauseRendering (454)
[2019.10.07-06.16.19:816][473]LogModuleManager: Shutting down and abandoning module LauncherPlatform (452)
[2019.10.07-06.16.19:816][473]LogModuleManager: Shutting down and abandoning module AnalyticsET (450)
[2019.10.07-06.16.19:816][473]LogModuleManager: Shutting down and abandoning module PortalServices (448)
[2019.10.07-06.16.19:816][473]LogModuleManager: Shutting down and abandoning module PortalRpc (446)
[2019.10.07-06.16.19:816][473]LogModuleManager: Shutting down and abandoning module MessagingRpc (444)
[2019.10.07-06.16.19:816][473]LogModuleManager: Shutting down and abandoning module AIModule (442)
[2019.10.07-06.16.19:816][473]LogModuleManager: Shutting down and abandoning module GameplayDebugger (441)
[2019.10.07-06.16.19:816][473]LogModuleManager: Shutting down and abandoning module AITestSuite (439)
[2019.10.07-06.16.19:816][473]LogModuleManager: Shutting down and abandoning module NavigationSystem (437)
[2019.10.07-06.16.19:816][473]LogModuleManager: Shutting down and abandoning module DesktopPlatform (434)
[2019.10.07-06.16.19:816][473]LogModuleManager: Shutting down and abandoning module ImageWriteQueue (432)
[2019.10.07-06.16.19:820][473]LogModuleManager: Shutting down and abandoning module ProfilerService (430)
[2019.10.07-06.16.20:030][473]LogModuleManager: Shutting down and abandoning module TaskGraph (428)
[2019.10.07-06.16.20:030][473]LogModuleManager: Shutting down and abandoning module ScreenshotTools (426)
[2019.10.07-06.16.20:030][473]LogModuleManager: Shutting down and abandoning module SteamVRController (424)
[2019.10.07-06.16.20:030][473]LogModuleManager: Shutting down and abandoning module ProceduralMeshComponentEditor (422)
[2019.10.07-06.16.20:030][473]LogModuleManager: Shutting down and abandoning module ProceduralMeshComponent (420)
[2019.10.07-06.16.20:030][473]LogModuleManager: Shutting down and abandoning module OculusEditor (418)
[2019.10.07-06.16.20:030][473]LogModuleManager: Shutting down and abandoning module OculusInput (416)
[2019.10.07-06.16.20:030][473]LogModuleManager: Shutting down and abandoning module MobilePatchingUtils (414)
[2019.10.07-06.16.20:030][473]LogModuleManager: Shutting down and abandoning module EditableMesh (412)
[2019.10.07-06.16.20:030][473]LogModuleManager: Shutting down and abandoning module CustomMeshComponent (410)
[2019.10.07-06.16.20:030][473]LogModuleManager: Shutting down and abandoning module CableComponent (408)
[2019.10.07-06.16.20:031][473]LogModuleManager: Shutting down and abandoning module AudioCapture (406)
[2019.10.07-06.16.20:031][473]LogModuleManager: Shutting down and abandoning module ArchVisCharacter (404)
[2019.10.07-06.16.20:031][473]LogModuleManager: Shutting down and abandoning module AppleImageUtilsBlueprintSupport (402)
[2019.10.07-06.16.20:031][473]LogModuleManager: Shutting down and abandoning module AppleImageUtils (400)
[2019.10.07-06.16.20:031][473]LogModuleManager: Shutting down and abandoning module AndroidPermission (398)
[2019.10.07-06.16.20:031][473]LogModuleManager: Shutting down and abandoning module NUTUnrealEngine4 (396)
[2019.10.07-06.16.20:031][473]LogModuleManager: Shutting down and abandoning module NetcodeUnitTest (394)
[2019.10.07-06.16.20:031][473]LogModuleManager: Shutting down and abandoning module MediaCompositing (392)
[2019.10.07-06.16.20:031][473]LogModuleManager: Shutting down and abandoning module ImgMedia (390)
[2019.10.07-06.16.20:031][473]LogModuleManager: Shutting down and abandoning module MagicLeapHelperVulkan (388)
[2019.10.07-06.16.20:031][473]LogModuleManager: Shutting down and abandoning module MagicLeapHelperOpenGL (386)
[2019.10.07-06.16.20:031][473]LogModuleManager: Shutting down and abandoning module MagicLeapAudio (384)
[2019.10.07-06.16.20:031][473]LogModuleManager: Shutting down and abandoning module HTML5Networking (382)
[2019.10.07-06.16.20:031][473]LogModuleManager: Shutting down and abandoning module GeometryCacheTracks (380)
[2019.10.07-06.16.20:031][473]LogModuleManager: Shutting down and abandoning module GeometryCacheSequencer (378)
[2019.10.07-06.16.20:031][473]LogModuleManager: Shutting down and abandoning module BackChannel (376)
[2019.10.07-06.16.20:031][473]LogModuleManager: Shutting down and abandoning module AutomationUtilsEditor (374)
[2019.10.07-06.16.20:031][473]LogModuleManager: Shutting down and abandoning module AutomationUtils (372)
[2019.10.07-06.16.20:031][473]LogModuleManager: Shutting down and abandoning module AlembicImporter (370)
[2019.10.07-06.16.20:031][473]LogModuleManager: Shutting down and abandoning module AlembicLibrary (369)
[2019.10.07-06.16.20:031][473]LogModuleManager: Shutting down and abandoning module GeometryCache (368)
[2019.10.07-06.16.20:031][473]LogModuleManager: Shutting down and abandoning module GeometryCacheEd (367)
[2019.10.07-06.16.20:031][473]LogModuleManager: Shutting down and abandoning module VariantManagerContent (362)
[2019.10.07-06.16.20:031][473]LogModuleManager: Shutting down and abandoning module DatasmithContentEditor (360)
[2019.10.07-06.16.20:031][473]LogModuleManager: Shutting down and abandoning module SpeedTreeImporter (358)
[2019.10.07-06.16.20:031][473]LogModuleManager: Shutting down and abandoning module PluginBrowser (356)
[2019.10.07-06.16.20:031][473]LogModuleManager: Shutting down and abandoning module MobileLauncherProfileWizard (354)
[2019.10.07-06.16.20:031][473]LogModuleManager: Shutting down and abandoning module MaterialAnalyzer (352)
[2019.10.07-06.16.20:031][473]LogModuleManager: Shutting down and abandoning module CurveEditorTools (350)
[2019.10.07-06.16.20:031][473]LogModuleManager: Shutting down and abandoning module CurveEditor (349)
[2019.10.07-06.16.20:031][473]LogModuleManager: Shutting down and abandoning module CryptoKeysOpenSSL (346)
[2019.10.07-06.16.20:031][473]LogModuleManager: Shutting down and abandoning module CryptoKeys (344)
[2019.10.07-06.16.20:031][473]LogModuleManager: Shutting down and abandoning module VisualStudioSourceCodeAccess (342)
[2019.10.07-06.16.20:031][473]LogModuleManager: Shutting down and abandoning module VisualStudioCodeSourceCodeAccess (340)
[2019.10.07-06.16.20:031][473]LogModuleManager: Shutting down and abandoning module UObjectPlugin (338)
[2019.10.07-06.16.20:031][473]LogModuleManager: Shutting down and abandoning module SubversionSourceControl (336)
[2019.10.07-06.16.20:031][473]LogModuleManager: Shutting down and abandoning module PerforceSourceControl (334)
[2019.10.07-06.16.20:031][473]LogModuleManager: Shutting down and abandoning module GitSourceControl (332)
[2019.10.07-06.16.20:031][473]LogModuleManager: Shutting down and abandoning module SourceControl (331)
[2019.10.07-06.16.20:031][473]LogModuleManager: Shutting down and abandoning module CLionSourceCodeAccess (328)
[2019.10.07-06.16.20:031][473]LogModuleManager: Shutting down and abandoning module AnimationSharingEd (326)
[2019.10.07-06.16.20:031][473]LogModuleManager: Shutting down and abandoning module ActorLayerUtilitiesEditor (324)
[2019.10.07-06.16.20:031][473]LogModuleManager: Shutting down and abandoning module ActorLayerUtilities (322)
[2019.10.07-06.16.20:031][473]LogModuleManager: Shutting down and abandoning module LightPropagationVolumeEditor (320)
[2019.10.07-06.16.20:031][473]LogModuleManager: Shutting down and abandoning module PaperTiledImporter (318)
[2019.10.07-06.16.20:031][473]LogModuleManager: Shutting down and abandoning module PaperSpriteSheetImporter (316)
[2019.10.07-06.16.20:031][473]LogModuleManager: Shutting down and abandoning module Paper2DEditor (314)
[2019.10.07-06.16.20:032][473]LogModuleManager: Shutting down and abandoning module SignificanceManager (312)
[2019.10.07-06.16.20:032][473]LogModuleManager: Shutting down and abandoning module RuntimePhysXCooking (310)
[2019.10.07-06.16.20:032][473]LogModuleManager: Shutting down and abandoning module PhysXVehiclesEditor (308)
[2019.10.07-06.16.20:032][473]LogModuleManager: Shutting down and abandoning module LocationServicesBPLibrary (304)
[2019.10.07-06.16.20:032][473]LogModuleManager: Shutting down and abandoning module ApexDestructionEditor (302)
[2019.10.07-06.16.20:032][473]LogModuleManager: Shutting down and abandoning module ApexDestruction (300)
[2019.10.07-06.16.20:032][473]LogModuleManager: Shutting down and abandoning module ActorSequence (298)
[2019.10.07-06.16.20:032][473]LogModuleManager: Shutting down and abandoning module UdpMessaging (296)
[2019.10.07-06.16.20:133][473]LogModuleManager: Shutting down and abandoning module TcpMessaging (294)
[2019.10.07-06.16.20:233][473]LogModuleManager: Shutting down and abandoning module MagicLeapIdentity (292)
[2019.10.07-06.16.20:233][473]LogModuleManager: Shutting down and abandoning module MagicLeapSecureStorage (290)
[2019.10.07-06.16.20:233][473]LogModuleManager: Shutting down and abandoning module MagicLeapHandTracking (288)
[2019.10.07-06.16.20:233][473]LogModuleManager: Shutting down and abandoning module MagicLeapEyeTracker (286)
[2019.10.07-06.16.20:233][473]LogModuleManager: Shutting down and abandoning module MagicLeapController (284)
[2019.10.07-06.16.20:233][473]LogSlate: Slate User Destroyed.  User Index 0, Is Virtual User: 0
[2019.10.07-06.16.20:233][473]LogModuleManager: Shutting down and abandoning module MagicLeapAR (282)
[2019.10.07-06.16.20:233][473]LogModuleManager: Shutting down and abandoning module AugmentedReality (281)
[2019.10.07-06.16.20:233][473]LogModuleManager: Shutting down and abandoning module GameplayTagsEditor (278)
[2019.10.07-06.16.20:233][473]LogModuleManager: Shutting down and abandoning module FacialAnimationEditor (276)
[2019.10.07-06.16.20:233][473]LogModuleManager: Shutting down and abandoning module FacialAnimation (274)
[2019.10.07-06.16.20:233][473]LogModuleManager: Shutting down and abandoning module DataValidation (272)
[2019.10.07-06.16.20:233][473]LogModuleManager: Shutting down and abandoning module AssetManagerEditor (270)
[2019.10.07-06.16.20:233][473]LogModuleManager: Shutting down and abandoning module LevelEditor (269)
[2019.10.07-06.16.20:234][473]LogModuleManager: Shutting down and abandoning module PixelInspectorModule (268)
[2019.10.07-06.16.20:234][473]LogModuleManager: Shutting down and abandoning module CommonMenuExtensions (266)
[2019.10.07-06.16.20:234][473]LogModuleManager: Shutting down and abandoning module MainFrame (264)
[2019.10.07-06.16.20:234][473]LogModuleManager: Shutting down and abandoning module HotReload (263)
[2019.10.07-06.16.20:234][473]LogModuleManager: Shutting down and abandoning module ContentBrowser (259)
[2019.10.07-06.16.20:235][473]LogModuleManager: Shutting down and abandoning module TreeMap (257)
[2019.10.07-06.16.20:235][473]LogModuleManager: Shutting down and abandoning module AnimationSharing (254)
[2019.10.07-06.16.20:235][473]LogModuleManager: Shutting down and abandoning module LightPropagationVolumeRuntime (252)
[2019.10.07-06.16.20:235][473]LogModuleManager: Shutting down and abandoning module Paper2D (250)
[2019.10.07-06.16.20:235][473]LogModuleManager: Shutting down and abandoning module WindowsMoviePlayer (248)
[2019.10.07-06.16.20:237][473]LogModuleManager: Shutting down and abandoning module WebMMoviePlayer (246)
[2019.10.07-06.16.20:237][473]LogModuleManager: Shutting down and abandoning module NetworkReplayStreaming (244)
[2019.10.07-06.16.20:237][473]LogModuleManager: Shutting down and abandoning module PacketHandler (242)
[2019.10.07-06.16.20:237][473]LogModuleManager: Shutting down and abandoning module ClothingSystemEditor (240)
[2019.10.07-06.16.20:237][473]LogModuleManager: Shutting down and abandoning module ClothingSystemRuntime (238)
[2019.10.07-06.16.20:238][473]LogModuleManager: Shutting down and abandoning module MediaAssets (236)
[2019.10.07-06.16.20:238][473]LogModuleManager: Shutting down and abandoning module Overlay (234)
[2019.10.07-06.16.20:238][473]LogModuleManager: Shutting down and abandoning module OverlayEditor (233)
[2019.10.07-06.16.20:238][473]LogModuleManager: Shutting down and abandoning module VREditor (230)
[2019.10.07-06.16.20:238][473]LogModuleManager: Shutting down and abandoning module StringTableEditor (228)
[2019.10.07-06.16.20:238][473]LogModuleManager: Shutting down and abandoning module GameplayTasksEditor (226)
[2019.10.07-06.16.20:238][473]LogModuleManager: Shutting down and abandoning module BehaviorTreeEditor (224)
[2019.10.07-06.16.20:238][473]LogModuleManager: Shutting down and abandoning module FunctionalTesting (222)
[2019.10.07-06.16.20:238][473]LogModuleManager: Shutting down and abandoning module CollisionAnalyzer (220)
[2019.10.07-06.16.20:238][473]LogModuleManager: Shutting down and abandoning module WorkspaceMenuStructure (219)
[2019.10.07-06.16.20:238][473]LogModuleManager: Shutting down and abandoning module UMG (216)
[2019.10.07-06.16.20:238][473]LogModuleManager: Shutting down and abandoning module UMGEditor (215)
[2019.10.07-06.16.20:238][473]LogModuleManager: Shutting down and abandoning module Sequencer (214)
[2019.10.07-06.16.20:238][473]LogModuleManager: Shutting down and abandoning module MessageLog (211)
[2019.10.07-06.16.20:238][473]LogModuleManager: Shutting down and abandoning module SlateReflector (206)
[2019.10.07-06.16.20:238][473]LogModuleManager: Shutting down and abandoning module Slate (204)
[2019.10.07-06.16.20:238][473]LogModuleManager: Shutting down and abandoning module LandscapeEditorUtilities (202)
[2019.10.07-06.16.20:238][473]LogModuleManager: Shutting down and abandoning module EditorStyle (200)
[2019.10.07-06.16.20:239][473]LogModuleManager: Shutting down and abandoning module UnrealEd (198)
[2019.10.07-06.16.20:239][473]LogModuleManager: Shutting down and abandoning module MRMesh (196)
[2019.10.07-06.16.20:239][473]LogModuleManager: Shutting down and abandoning module SourceCodeAccess (194)
[2019.10.07-06.16.20:239][473]LogModuleManager: Shutting down and abandoning module HeadMountedDisplay (192)
[2019.10.07-06.16.20:239][473]LogModuleManager: Shutting down and abandoning module XAudio2 (190)
[2019.10.07-06.16.20:239][473]LogModuleManager: Shutting down and abandoning module Networking (188)
[2019.10.07-06.16.20:239][473]LogModuleManager: Shutting down and abandoning module Core (186)
[2019.10.07-06.16.20:239][473]LogModuleManager: Shutting down and abandoning module KismetCompiler (184)
[2019.10.07-06.16.20:239][473]LogModuleManager: Shutting down and abandoning module MeshUtilities (182)
[2019.10.07-06.16.20:239][473]LogModuleManager: Shutting down and abandoning module MeshMergeUtilities (181)
[2019.10.07-06.16.20:239][473]LogModuleManager: Shutting down and abandoning module MeshReductionInterface (180)
[2019.10.07-06.16.20:239][473]LogModuleManager: Shutting down and abandoning module SkeletalMeshReduction (179)
[2019.10.07-06.16.20:239][473]LogModuleManager: Shutting down and abandoning module ProxyLODMeshReduction (177)
[2019.10.07-06.16.20:239][473]LogModuleManager: Shutting down and abandoning module QuadricMeshReduction (175)
[2019.10.07-06.16.20:239][473]LogModuleManager: Shutting down and abandoning module MaterialBaking (171)
[2019.10.07-06.16.20:239][473]LogModuleManager: Shutting down and abandoning module NullInstallBundleManager (166)
[2019.10.07-06.16.20:239][473]LogModuleManager: Shutting down and abandoning module DerivedDataCache (164)
[2019.10.07-06.16.20:707][473]LogDerivedDataCache: Shutdown
[2019.10.07-06.16.20:707][473]LogModuleManager: Shutting down and abandoning module XGEController (162)
[2019.10.07-06.16.20:707][473]LogXGEController: Cleaning working directory: C:/Users/zephy/AppData/Local/Temp/UnrealXGEWorkingDir/
[2019.10.07-06.16.20:707][473]LogModuleManager: Shutting down and abandoning module TargetPlatform (160)
[2019.10.07-06.16.20:707][473]LogModuleManager: Shutting down and abandoning module VulkanShaderFormat (159)
[2019.10.07-06.16.20:707][473]LogModuleManager: Shutting down and abandoning module ShaderFormatVectorVM (157)
[2019.10.07-06.16.20:707][473]LogModuleManager: Shutting down and abandoning module ShaderFormatOpenGL (155)
[2019.10.07-06.16.20:707][473]LogModuleManager: Shutting down and abandoning module ShaderFormatD3D (153)
[2019.10.07-06.16.20:707][473]LogModuleManager: Shutting down and abandoning module MetalShaderFormat (151)
[2019.10.07-06.16.20:707][473]LogModuleManager: Shutting down and abandoning module TextureFormatUncompressed (149)
[2019.10.07-06.16.20:707][473]LogModuleManager: Shutting down and abandoning module TextureFormatPVR (147)
[2019.10.07-06.16.20:708][473]LogModuleManager: Shutting down and abandoning module TextureFormatDXT (145)
[2019.10.07-06.16.20:708][473]LogModuleManager: Shutting down and abandoning module TextureFormatIntelISPCTexComp (143)
[2019.10.07-06.16.20:708][473]LogModuleManager: Shutting down and abandoning module TextureFormatASTC (141)
[2019.10.07-06.16.20:708][473]LogModuleManager: Shutting down and abandoning module ImageWrapper (140)
[2019.10.07-06.16.20:708][473]LogModuleManager: Shutting down and abandoning module TextureFormatAndroid (137)
[2019.10.07-06.16.20:708][473]LogModuleManager: Shutting down and abandoning module AudioFormatOpus (135)
[2019.10.07-06.16.20:708][473]LogModuleManager: Shutting down and abandoning module AudioFormatOgg (133)
[2019.10.07-06.16.20:708][473]LogModuleManager: Shutting down and abandoning module AudioFormatADPCM (131)
[2019.10.07-06.16.20:708][473]LogModuleManager: Shutting down and abandoning module LuminTargetPlatform (129)
[2019.10.07-06.16.20:709][473]LogModuleManager: Shutting down and abandoning module LinuxTargetPlatform (127)
[2019.10.07-06.16.20:709][473]LogModuleManager: Shutting down and abandoning module LinuxServerTargetPlatform (125)
[2019.10.07-06.16.20:710][473]LogModuleManager: Shutting down and abandoning module LinuxNoEditorTargetPlatform (123)
[2019.10.07-06.16.20:710][473]LogModuleManager: Shutting down and abandoning module LinuxClientTargetPlatform (121)
[2019.10.07-06.16.20:710][473]LogModuleManager: Shutting down and abandoning module TVOSTargetPlatform (119)
[2019.10.07-06.16.20:711][473]LogModuleManager: Shutting down and abandoning module Messaging (117)
[2019.10.07-06.16.20:711][473]LogModuleManager: Shutting down and abandoning module IOSTargetPlatform (115)
[2019.10.07-06.16.20:712][473]LogModuleManager: Shutting down and abandoning module HTML5TargetPlatform (113)
[2019.10.07-06.16.20:712][473]LogModuleManager: Shutting down and abandoning module AndroidTargetPlatform (111)
[2019.10.07-06.16.20:719][473]LogModuleManager: Shutting down and abandoning module WindowsTargetPlatform (109)
[2019.10.07-06.16.20:719][473]LogModuleManager: Shutting down and abandoning module WindowsServerTargetPlatform (107)
[2019.10.07-06.16.20:719][473]LogModuleManager: Shutting down and abandoning module WindowsNoEditorTargetPlatform (105)
[2019.10.07-06.16.20:719][473]LogModuleManager: Shutting down and abandoning module WindowsClientTargetPlatform (103)
[2019.10.07-06.16.20:719][473]LogModuleManager: Shutting down and abandoning module MacTargetPlatform (101)
[2019.10.07-06.16.20:719][473]LogModuleManager: Shutting down and abandoning module MacServerTargetPlatform (99)
[2019.10.07-06.16.20:719][473]LogModuleManager: Shutting down and abandoning module MacNoEditorTargetPlatform (97)
[2019.10.07-06.16.20:719][473]LogModuleManager: Shutting down and abandoning module MacClientTargetPlatform (95)
[2019.10.07-06.16.20:719][473]LogModuleManager: Shutting down and abandoning module AllDesktopTargetPlatform (93)
[2019.10.07-06.16.20:719][473]LogModuleManager: Shutting down and abandoning module InputCore (90)
[2019.10.07-06.16.20:719][473]LogModuleManager: Shutting down and abandoning module Settings (88)
[2019.10.07-06.16.20:719][473]LogModuleManager: Shutting down and abandoning module DirectoryWatcher (86)
[2019.10.07-06.16.20:719][473]LogModuleManager: Shutting down and abandoning module PhysXCooking (84)
[2019.10.07-06.16.20:719][473]LogModuleManager: Shutting down and abandoning module WindowsPlatformFeatures (82)
[2019.10.07-06.16.20:719][473]LogModuleManager: Shutting down and abandoning module GameplayMediaEncoder (81)
[2019.10.07-06.16.20:719][473]LogModuleManager: Shutting down and abandoning module SteamVR (78)
[2019.10.07-06.16.20:719][473]LogHMD: Freeing OpenVRDLLHandle.
[2019.10.07-06.16.20:719][473]LogModuleManager: Shutting down and abandoning module OculusHMD (76)
[2019.10.07-06.16.20:719][473]LogModuleManager: Shutting down and abandoning module ExampleDeviceProfileSelector (74)
[2019.10.07-06.16.20:719][473]LogModuleManager: Shutting down and abandoning module LauncherChunkInstaller (72)
[2019.10.07-06.16.20:719][473]LogModuleManager: Shutting down and abandoning module OnlineBlueprintSupport (70)
[2019.10.07-06.16.20:719][473]LogModuleManager: Shutting down and abandoning module OnlineSubsystem (66)
[2019.10.07-06.16.20:720][473]LogModuleManager: Shutting down and abandoning module XMPP (61)
[2019.10.07-06.16.20:720][473]LogModuleManager: Shutting down and abandoning module WebSockets (60)
[2019.10.07-06.16.20:731][473]LogModuleManager: Shutting down and abandoning module HTTP (57)
[2019.10.07-06.16.20:731][473]LogHttp: Display: Http module shutting down, but needs to wait on 1 outstanding Http requests:
[2019.10.07-06.16.20:731][473]LogHttp: Display: 	verb=[POST] url=[https://datarouter.ol.epicgames.com/datarouter/api/v1/public/data?SessionID=%7BDBBF8D41-4EE5-0B1E-0B8B-6090FDFE995E%7D&AppID=UEEditor.Rocket.Release&AppVersion=4.23.0-8386587%2B%2B%2BUE4%2BRelease-4.23&UserID=d4d161b84812c7e667c49992bf2d58ac%7C99cf27e62a1c4a64a245b957c03fd7b3%7C3c1b74fa-845f-4d72-b1e1-092e07fbb08c&AppEnvironment=datacollector-binary&UploadType=eteventstream] status=Processing
[2019.10.07-06.16.20:742][473]LogModuleManager: Shutting down and abandoning module SSL (56)
[2019.10.07-06.16.20:743][473]LogModuleManager: Shutting down and abandoning module WmfMedia (52)
[2019.10.07-06.16.20:744][473]LogModuleManager: Shutting down and abandoning module Media (51)
[2019.10.07-06.16.20:744][473]LogModuleManager: Shutting down and abandoning module MagicLeap (48)
[2019.10.07-06.16.20:744][473]LogModuleManager: Shutting down and abandoning module DatasmithContent (46)
[2019.10.07-06.16.20:745][473]LogModuleManager: Shutting down and abandoning module AISupportModule (44)
[2019.10.07-06.16.20:745][473]LogModuleManager: Shutting down and abandoning module PlatformCryptoOpenSSL (42)
[2019.10.07-06.16.20:745][473]LogModuleManager: Shutting down and abandoning module PlatformCrypto (40)
[2019.10.07-06.16.20:745][473]LogModuleManager: Shutting down and abandoning module AnimationModifiers (38)
[2019.10.07-06.16.20:745][473]LogModuleManager: Shutting down and abandoning module PropertyEditor (37)
[2019.10.07-06.16.20:745][473]LogModuleManager: Shutting down and abandoning module AudioEditor (34)
[2019.10.07-06.16.20:745][473]LogModuleManager: Shutting down and abandoning module TextureCompressor (32)
[2019.10.07-06.16.20:745][473]LogModuleManager: Shutting down and abandoning module RenderCore (30)
[2019.10.07-06.16.20:745][473]LogModuleManager: Shutting down and abandoning module Landscape (28)
[2019.10.07-06.16.20:745][473]LogModuleManager: Shutting down and abandoning module SlateRHIRenderer (26)
[2019.10.07-06.16.20:746][473]LogModuleManager: Shutting down and abandoning module OpenGLDrv (24)
[2019.10.07-06.16.20:746][473]LogModuleManager: Shutting down and abandoning module D3D11RHI (22)
[2019.10.07-06.16.20:746][473]LogModuleManager: Shutting down and abandoning module AnimGraphRuntime (20)
[2019.10.07-06.16.20:746][473]LogModuleManager: Shutting down and abandoning module Renderer (18)
[2019.10.07-06.16.20:746][473]LogModuleManager: Shutting down and abandoning module Engine (16)
[2019.10.07-06.16.20:746][473]LogModuleManager: Shutting down and abandoning module CoreUObject (14)
[2019.10.07-06.16.20:746][473]LogModuleManager: Shutting down and abandoning module NetworkFile (12)
[2019.10.07-06.16.20:746][473]LogModuleManager: Shutting down and abandoning module CookedIterativeFile (10)
[2019.10.07-06.16.20:746][473]LogModuleManager: Shutting down and abandoning module StreamingFile (8)
[2019.10.07-06.16.20:746][473]LogModuleManager: Shutting down and abandoning module SandboxFile (6)
[2019.10.07-06.16.20:746][473]LogModuleManager: Shutting down and abandoning module PakFile (4)
[2019.10.07-06.16.20:746][473]LogModuleManager: Shutting down and abandoning module RSA (3)
[2019.10.07-06.16.20:747][473]LogD3D11RHI: Shutdown
[2019.10.07-06.16.20:747][473]LogD3D11RHI: CleanupD3DDevice
[2019.10.07-06.16.20:747][473]LogRendererCore: FGlobalDynamicReadBuffer::Cleanup()
[2019.10.07-06.16.20:747][473]LogRendererCore: FGlobalDynamicReadBuffer::Cleanup()
[2019.10.07-06.16.20:747][473]LogRendererCore: FGlobalDynamicReadBuffer::Cleanup()
[2019.10.07-06.16.20:865][473]LogD3D11RHI: ~FD3D11DynamicRHI
[2019.10.07-06.16.20:877][473]LogExit: Exiting.
[2019.10.07-06.16.20:913][473]Log file closed, 10/06/19 23:16:20
