Log file open, 10/14/19 20:21:51
LogWindows: Failed to load 'aqProf.dll' (GetLastError=126)
LogWindows: File 'aqProf.dll' does not exist
LogWindows: Failed to load 'VtuneApi.dll' (GetLastError=126)
LogWindows: File 'VtuneApi.dll' does not exist
LogWindows: Failed to load 'VtuneApi32e.dll' (GetLastError=126)
LogWindows: File 'VtuneApi32e.dll' does not exist
LogConsoleResponse: Display: Failed to find resolution value strings in scalability ini. Falling back to default.
LogInit: Display: Running engine for game: Aragon_FPS_Blueprint
LogPlatformFile: Not using cached read wrapper
LogTaskGraph: Started task graph with 5 named threads and 35 total threads with 3 sets of task threads.
LogStats: Stats thread started at 0.065622
LogD3D11RHI: Loaded GFSDK_Aftermath_Lib.x64.dll
LogICUInternationalization: ICU TimeZone Detection - Raw Offset: -8:00, Platform Override: ''
LogPluginManager: Mounting plugin Paper2D
LogPluginManager: Mounting plugin AISupport
LogPluginManager: Mounting plugin LightPropagationVolume
LogPluginManager: Mounting plugin ActorLayerUtilities
LogPluginManager: Mounting plugin AnimationSharing
LogPluginManager: Mounting plugin CLionSourceCodeAccess
LogPluginManager: Mounting plugin CodeLiteSourceCodeAccess
LogPluginManager: Mounting plugin GitSourceControl
LogPluginManager: Mounting plugin KDevelopSourceCodeAccess
LogPluginManager: Mounting plugin NullSourceCodeAccess
LogPluginManager: Mounting plugin PerforceSourceControl
LogPluginManager: Mounting plugin SubversionSourceControl
LogPluginManager: Mounting plugin UObjectPlugin
LogPluginManager: Mounting plugin VisualStudioCodeSourceCodeAccess
LogPluginManager: Mounting plugin VisualStudioSourceCodeAccess
LogPluginManager: Mounting plugin XCodeSourceCodeAccess
LogPluginManager: Mounting plugin AssetManagerEditor
LogPluginManager: Mounting plugin CryptoKeys
LogPluginManager: Mounting plugin CurveEditorTools
LogPluginManager: Mounting plugin DataValidation
LogPluginManager: Mounting plugin FacialAnimation
LogPluginManager: Mounting plugin GameplayTagsEditor
LogPluginManager: Mounting plugin MacGraphicsSwitching
LogPluginManager: Mounting plugin MaterialAnalyzer
LogPluginManager: Mounting plugin MobileLauncherProfileWizard
LogPluginManager: Mounting plugin PluginBrowser
LogPluginManager: Mounting plugin SpeedTreeImporter
LogPluginManager: Mounting plugin DatasmithContent
LogPluginManager: Mounting plugin VariantManagerContent
LogPluginManager: Mounting plugin AlembicImporter
LogPluginManager: Mounting plugin AutomationUtils
LogPluginManager: Mounting plugin BackChannel
LogPluginManager: Mounting plugin CharacterAI
LogPluginManager: Mounting plugin GeometryCache
LogPluginManager: Mounting plugin HTML5Networking
LogPluginManager: Mounting plugin PlatformCrypto
LogPluginManager: Mounting plugin ProxyLODPlugin
LogPluginManager: Mounting plugin SkeletalReduction
LogPluginManager: Mounting plugin MagicLeap
LogPluginManager: Mounting plugin MagicLeapMedia
LogPluginManager: Mounting plugin AndroidMedia
LogPluginManager: Mounting plugin AvfMedia
LogPluginManager: Mounting plugin ImgMedia
LogPluginManager: Mounting plugin MediaCompositing
LogPluginManager: Mounting plugin MediaPlayerEditor
LogPluginManager: Mounting plugin WebMMedia
LogPluginManager: Mounting plugin WmfMedia
LogPluginManager: Mounting plugin TcpMessaging
LogPluginManager: Mounting plugin UdpMessaging
LogPluginManager: Mounting plugin ActorSequence
LogPluginManager: Mounting plugin LevelSequenceEditor
LogPluginManager: Mounting plugin MatineeToLevelSequence
LogPluginManager: Mounting plugin NetcodeUnitTest
LogPluginManager: Mounting plugin NUTUnrealEngine4
LogPluginManager: Mounting plugin OnlineSubsystemGooglePlay
LogPluginManager: Mounting plugin OnlineSubsystemIOS
LogPluginManager: Mounting plugin OnlineSubsystem
LogPluginManager: Mounting plugin OnlineSubsystemNull
LogPluginManager: Mounting plugin OnlineSubsystemUtils
LogPluginManager: Mounting plugin LauncherChunkInstaller
LogPluginManager: Mounting plugin AndroidDeviceProfileSelector
LogPluginManager: Mounting plugin AndroidMoviePlayer
LogPluginManager: Mounting plugin AndroidPermission
LogPluginManager: Mounting plugin ApexDestruction
LogPluginManager: Mounting plugin AppleImageUtils
LogPluginManager: Mounting plugin AppleMoviePlayer
LogPluginManager: Mounting plugin ArchVisCharacter
LogPluginManager: Mounting plugin AudioCapture
LogPluginManager: Mounting plugin CableComponent
LogPluginManager: Mounting plugin CustomMeshComponent
LogPluginManager: Mounting plugin EditableMesh
LogPluginManager: Mounting plugin ExampleDeviceProfileSelector
LogPluginManager: Mounting plugin GoogleCloudMessaging
LogPluginManager: Mounting plugin IOSDeviceProfileSelector
LogPluginManager: Mounting plugin LinuxDeviceProfileSelector
LogPluginManager: Mounting plugin LocationServicesBPLibrary
LogPluginManager: Mounting plugin MobilePatchingUtils
LogPluginManager: Mounting plugin OculusVR
LogPluginManager: Mounting plugin PhysXVehicles
LogPluginManager: Mounting plugin ProceduralMeshComponent
LogPluginManager: Mounting plugin RuntimePhysXCooking
LogPluginManager: Mounting plugin SignificanceManager
LogPluginManager: Mounting plugin SteamVR
LogPluginManager: Mounting plugin WebMMoviePlayer
LogPluginManager: Mounting plugin WindowsMoviePlayer
LogPluginManager: Mounting plugin ScreenshotTools
LogInit: Using libcurl 7.55.1-DEV
LogInit:  - built for x86_64-pc-win32
LogInit:  - supports SSL with OpenSSL/1.1.1
LogInit:  - supports HTTP deflate (compression) using libz 1.2.8
LogInit:  - other features:
LogInit:      CURL_VERSION_SSL
LogInit:      CURL_VERSION_LIBZ
LogInit:      CURL_VERSION_IPV6
LogInit:      CURL_VERSION_ASYNCHDNS
LogInit:      CURL_VERSION_LARGEFILE
LogInit:      CURL_VERSION_IDN
LogInit:  CurlRequestOptions (configurable via config and command line):
LogInit:  - bVerifyPeer = true  - Libcurl will verify peer certificate
LogInit:  - bUseHttpProxy = false  - Libcurl will NOT use HTTP proxy
LogInit:  - bDontReuseConnections = false  - Libcurl will reuse connections
LogInit:  - MaxHostConnections = 16  - Libcurl will limit the number of connections to a host
LogInit:  - LocalHostAddr = Default
LogInit:  - BufferSize = 65536
LogOnline: OSS: Creating online subsystem instance for: NULL
LogInit: WinSock: version 1.1 (2.2), MaxSocks=32767, MaxUdp=65467
LogInit: Build: ++UE4+Release-4.23-CL-8386587
LogInit: Engine Version: 4.23.0-8386587+++UE4+Release-4.23
LogInit: Compatible Engine Version: 4.23.0-8386587+++UE4+Release-4.23
LogInit: Net CL: 8386587
LogInit: OS: Windows 10 (Release 1903) (), CPU: Intel(R) Core(TM) i7-8750H CPU @ 2.20GHz, GPU: Intel(R) UHD Graphics 630
LogInit: Compiled (64-bit): Aug 31 2019 02:04:44
LogInit: Compiled with Visual C++: 19.16.27030.01
LogInit: Build Configuration: Development
LogInit: Branch Name: ++UE4+Release-4.23
LogInit: Command Line:  /Game/FirstPersonBP/Maps/FirstPersonExampleMap -game -PIEVIACONSOLE -ResX=1280 -ResY=720 -Multiprocess -messaging -SessionName="Play in Standalone Game" -windowed
LogInit: Base Directory: D:/Apps/Epic Games/UE_4.23/Engine/Binaries/Win64/
LogInit: Installed Engine Build: 1
LogDevObjectVersion: Number of dev versions registered: 23
LogDevObjectVersion:   Dev-Blueprints (B0D832E4-1F89-4F0D-ACCF-7EB736FD4AA2): 10
LogDevObjectVersion:   Dev-Build (E1C64328-A22C-4D53-A36C-8E866417BD8C): 0
LogDevObjectVersion:   Dev-Core (375EC13C-06E4-48FB-B500-84F0262A717E): 3
LogDevObjectVersion:   Dev-Editor (E4B068ED-F494-42E9-A231-DA0B2E46BB41): 34
LogDevObjectVersion:   Dev-Framework (CFFC743F-43B0-4480-9391-14DF171D2073): 35
LogDevObjectVersion:   Dev-Mobile (B02B49B5-BB20-44E9-A304-32B752E40360): 2
LogDevObjectVersion:   Dev-Networking (A4E4105C-59A1-49B5-A7C5-40C4547EDFEE): 0
LogDevObjectVersion:   Dev-Online (39C831C9-5AE6-47DC-9A44-9C173E1C8E7C): 0
LogDevObjectVersion:   Dev-Physics (78F01B33-EBEA-4F98-B9B4-84EACCB95AA2): 0
LogDevObjectVersion:   Dev-Platform (6631380F-2D4D-43E0-8009-CF276956A95A): 0
LogDevObjectVersion:   Dev-Rendering (12F88B9F-8875-4AFC-A67C-D90C383ABD29): 31
LogDevObjectVersion:   Dev-Sequencer (7B5AE74C-D270-4C10-A958-57980B212A5A): 11
LogDevObjectVersion:   Dev-VR (D7296918-1DD6-4BDD-9DE2-64A83CC13884): 2
LogDevObjectVersion:   Dev-LoadTimes (C2A15278-BFE7-4AFE-6C17-90FF531DF755): 1
LogDevObjectVersion:   Private-Geometry (6EACA3D4-40EC-4CC1-B786-8BED09428FC5): 3
LogDevObjectVersion:   Dev-AnimPhys (29E575DD-E0A3-4627-9D10-D276232CDCEA): 17
LogDevObjectVersion:   Dev-Anim (AF43A65D-7FD3-4947-9873-3E8ED9C1BB05): 2
LogDevObjectVersion:   Dev-ReflectionCapture (6B266CEC-1EC7-4B8F-A30B-E4D90942FC07): 1
LogDevObjectVersion:   Dev-Automation (0DF73D61-A23F-47EA-B727-89E90C41499A): 1
LogDevObjectVersion:   FortniteMain (601D1886-AC64-4F84-AA16-D3DE0DEAC7D6): 27
LogDevObjectVersion:   Dev-Enterprise (9DFFBCD6-494F-0158-E221-12823C92A888): 6
LogDevObjectVersion:   Dev-Niagara (F2AED0AC-9AFE-416F-8664-AA7FFA26D6FC): 1
LogDevObjectVersion:   Dev-Destruction (174F1F0B-B4C6-45A5-B13F-2EE8D0FB917D): 9
LogInit: Presizing for max 16777216 objects, including 0 objects not considered by GC, pre-allocating 0 bytes for permanent pool.
LogInit: Object subsystem initialized
LogConfig: Setting CVar [[con.DebugEarlyDefault:1]]
LogConfig: Setting CVar [[r.setres:1280x720]]
[2019.10.15-03.21.52:105][  0]LogConfig: Setting CVar [[con.DebugEarlyDefault:1]]
[2019.10.15-03.21.52:105][  0]LogConfig: Setting CVar [[r.setres:1280x720]]
[2019.10.15-03.21.52:106][  0]LogConfig: Applying CVar settings from Section [/Script/Engine.RendererSettings] File [D:/Github/Unreal Engine 4/Unreal_Aragon_FPS/Aragon_FPS_Blueprint/Saved/Config/Windows/Engine.ini]
[2019.10.15-03.21.52:106][  0]LogConfig: Setting CVar [[r.GPUCrashDebugging:0]]
[2019.10.15-03.21.52:106][  0]LogConfig: Applying CVar settings from Section [/Script/Engine.RendererOverrideSettings] File [D:/Github/Unreal Engine 4/Unreal_Aragon_FPS/Aragon_FPS_Blueprint/Saved/Config/Windows/Engine.ini]
[2019.10.15-03.21.52:106][  0]LogConfig: Applying CVar settings from Section [/Script/Engine.StreamingSettings] File [D:/Github/Unreal Engine 4/Unreal_Aragon_FPS/Aragon_FPS_Blueprint/Saved/Config/Windows/Engine.ini]
[2019.10.15-03.21.52:106][  0]LogConfig: Setting CVar [[s.MinBulkDataSizeForAsyncLoading:131072]]
[2019.10.15-03.21.52:106][  0]LogConfig: Setting CVar [[s.AsyncLoadingThreadEnabled:0]]
[2019.10.15-03.21.52:106][  0]LogConfig: Setting CVar [[s.EventDrivenLoaderEnabled:1]]
[2019.10.15-03.21.52:106][  0]LogConfig: Setting CVar [[s.WarnIfTimeLimitExceeded:0]]
[2019.10.15-03.21.52:106][  0]LogConfig: Setting CVar [[s.TimeLimitExceededMultiplier:1.5]]
[2019.10.15-03.21.52:106][  0]LogConfig: Setting CVar [[s.TimeLimitExceededMinTime:0.005]]
[2019.10.15-03.21.52:106][  0]LogConfig: Setting CVar [[s.UseBackgroundLevelStreaming:1]]
[2019.10.15-03.21.52:106][  0]LogConfig: Setting CVar [[s.PriorityAsyncLoadingExtraTime:15.0]]
[2019.10.15-03.21.52:106][  0]LogConfig: Setting CVar [[s.LevelStreamingActorsUpdateTimeLimit:5.0]]
[2019.10.15-03.21.52:106][  0]LogConfig: Setting CVar [[s.PriorityLevelStreamingActorsUpdateExtraTime:5.0]]
[2019.10.15-03.21.52:106][  0]LogConfig: Setting CVar [[s.LevelStreamingComponentsRegistrationGranularity:10]]
[2019.10.15-03.21.52:106][  0]LogConfig: Setting CVar [[s.UnregisterComponentsTimeLimit:1.0]]
[2019.10.15-03.21.52:106][  0]LogConfig: Setting CVar [[s.LevelStreamingComponentsUnregistrationGranularity:5]]
[2019.10.15-03.21.52:106][  0]LogConfig: Applying CVar settings from Section [/Script/Engine.GarbageCollectionSettings] File [D:/Github/Unreal Engine 4/Unreal_Aragon_FPS/Aragon_FPS_Blueprint/Saved/Config/Windows/Engine.ini]
[2019.10.15-03.21.52:106][  0]LogConfig: Setting CVar [[gc.MaxObjectsNotConsideredByGC:1]]
[2019.10.15-03.21.52:106][  0]LogConfig: Setting CVar [[gc.SizeOfPermanentObjectPool:0]]
[2019.10.15-03.21.52:106][  0]LogConfig: Setting CVar [[gc.FlushStreamingOnGC:0]]
[2019.10.15-03.21.52:106][  0]LogConfig: Setting CVar [[gc.NumRetriesBeforeForcingGC:10]]
[2019.10.15-03.21.52:106][  0]LogConfig: Setting CVar [[gc.AllowParallelGC:1]]
[2019.10.15-03.21.52:106][  0]LogConfig: Setting CVar [[gc.TimeBetweenPurgingPendingKillObjects:61.1]]
[2019.10.15-03.21.52:106][  0]LogConfig: Setting CVar [[gc.MaxObjectsInEditor:16777216]]
[2019.10.15-03.21.52:106][  0]LogConfig: Setting CVar [[gc.IncrementalBeginDestroyEnabled:1]]
[2019.10.15-03.21.52:106][  0]LogConfig: Setting CVar [[gc.CreateGCClusters:1]]
[2019.10.15-03.21.52:106][  0]LogConfig: Setting CVar [[gc.MinGCClusterSize:5]]
[2019.10.15-03.21.52:106][  0]LogConfig: Setting CVar [[gc.ActorClusteringEnabled:0]]
[2019.10.15-03.21.52:106][  0]LogConfig: Setting CVar [[gc.BlueprintClusteringEnabled:0]]
[2019.10.15-03.21.52:106][  0]LogConfig: Setting CVar [[gc.UseDisregardForGCOnDedicatedServers:0]]
[2019.10.15-03.21.52:106][  0]LogConfig: Applying CVar settings from Section [/Script/Engine.NetworkSettings] File [D:/Github/Unreal Engine 4/Unreal_Aragon_FPS/Aragon_FPS_Blueprint/Saved/Config/Windows/Engine.ini]
[2019.10.15-03.21.52:106][  0]LogConfig: Applying CVar settings from Section [/Script/UnrealEd.CookerSettings] File [D:/Github/Unreal Engine 4/Unreal_Aragon_FPS/Aragon_FPS_Blueprint/Saved/Config/Windows/Engine.ini]
[2019.10.15-03.21.52:109][  0]LogConfig: Applying CVar settings from Section [ViewDistanceQuality@3] File [D:/Github/Unreal Engine 4/Unreal_Aragon_FPS/Aragon_FPS_Blueprint/Saved/Config/Windows/Scalability.ini]
[2019.10.15-03.21.52:109][  0]LogConfig: Setting CVar [[r.SkeletalMeshLODBias:0]]
[2019.10.15-03.21.52:109][  0]LogConfig: Setting CVar [[r.ViewDistanceScale:1.0]]
[2019.10.15-03.21.52:109][  0]LogConfig: Applying CVar settings from Section [AntiAliasingQuality@3] File [D:/Github/Unreal Engine 4/Unreal_Aragon_FPS/Aragon_FPS_Blueprint/Saved/Config/Windows/Scalability.ini]
[2019.10.15-03.21.52:109][  0]LogConfig: Setting CVar [[r.PostProcessAAQuality:4]]
[2019.10.15-03.21.52:109][  0]LogConfig: Applying CVar settings from Section [ShadowQuality@3] File [D:/Github/Unreal Engine 4/Unreal_Aragon_FPS/Aragon_FPS_Blueprint/Saved/Config/Windows/Scalability.ini]
[2019.10.15-03.21.52:109][  0]LogConfig: Setting CVar [[r.LightFunctionQuality:1]]
[2019.10.15-03.21.52:109][  0]LogConfig: Setting CVar [[r.ShadowQuality:5]]
[2019.10.15-03.21.52:109][  0]LogConfig: Setting CVar [[r.Shadow.CSM.MaxCascades:10]]
[2019.10.15-03.21.52:109][  0]LogConfig: Setting CVar [[r.Shadow.MaxResolution:2048]]
[2019.10.15-03.21.52:109][  0]LogConfig: Setting CVar [[r.Shadow.MaxCSMResolution:2048]]
[2019.10.15-03.21.52:109][  0]LogConfig: Setting CVar [[r.Shadow.RadiusThreshold:0.01]]
[2019.10.15-03.21.52:109][  0]LogConfig: Setting CVar [[r.Shadow.DistanceScale:1.0]]
[2019.10.15-03.21.52:109][  0]LogConfig: Setting CVar [[r.Shadow.CSM.TransitionScale:1.0]]
[2019.10.15-03.21.52:109][  0]LogConfig: Setting CVar [[r.Shadow.PreShadowResolutionFactor:1.0]]
[2019.10.15-03.21.52:109][  0]LogConfig: Setting CVar [[r.DistanceFieldShadowing:1]]
[2019.10.15-03.21.52:109][  0]LogConfig: Setting CVar [[r.DistanceFieldAO:1]]
[2019.10.15-03.21.52:109][  0]LogConfig: Setting CVar [[r.AOQuality:2]]
[2019.10.15-03.21.52:109][  0]LogConfig: Setting CVar [[r.VolumetricFog:1]]
[2019.10.15-03.21.52:109][  0]LogConfig: Setting CVar [[r.VolumetricFog.GridPixelSize:8]]
[2019.10.15-03.21.52:109][  0]LogConfig: Setting CVar [[r.VolumetricFog.GridSizeZ:128]]
[2019.10.15-03.21.52:109][  0]LogConfig: Setting CVar [[r.VolumetricFog.HistoryMissSupersampleCount:4]]
[2019.10.15-03.21.52:109][  0]LogConfig: Setting CVar [[r.LightMaxDrawDistanceScale:1]]
[2019.10.15-03.21.52:109][  0]LogConfig: Setting CVar [[r.CapsuleShadows:1]]
[2019.10.15-03.21.52:109][  0]LogConfig: Applying CVar settings from Section [PostProcessQuality@3] File [D:/Github/Unreal Engine 4/Unreal_Aragon_FPS/Aragon_FPS_Blueprint/Saved/Config/Windows/Scalability.ini]
[2019.10.15-03.21.52:109][  0]LogConfig: Setting CVar [[r.MotionBlurQuality:4]]
[2019.10.15-03.21.52:109][  0]LogConfig: Setting CVar [[r.AmbientOcclusionMipLevelFactor:0.4]]
[2019.10.15-03.21.52:109][  0]LogConfig: Setting CVar [[r.AmbientOcclusionMaxQuality:100]]
[2019.10.15-03.21.52:109][  0]LogConfig: Setting CVar [[r.AmbientOcclusionLevels:-1]]
[2019.10.15-03.21.52:109][  0]LogConfig: Setting CVar [[r.AmbientOcclusionRadiusScale:1.0]]
[2019.10.15-03.21.52:109][  0]LogConfig: Setting CVar [[r.DepthOfFieldQuality:2]]
[2019.10.15-03.21.52:109][  0]LogConfig: Setting CVar [[r.RenderTargetPoolMin:400]]
[2019.10.15-03.21.52:109][  0]LogConfig: Setting CVar [[r.LensFlareQuality:2]]
[2019.10.15-03.21.52:109][  0]LogConfig: Setting CVar [[r.SceneColorFringeQuality:1]]
[2019.10.15-03.21.52:109][  0]LogConfig: Setting CVar [[r.EyeAdaptationQuality:2]]
[2019.10.15-03.21.52:109][  0]LogConfig: Setting CVar [[r.BloomQuality:5]]
[2019.10.15-03.21.52:109][  0]LogConfig: Setting CVar [[r.FastBlurThreshold:100]]
[2019.10.15-03.21.52:109][  0]LogConfig: Setting CVar [[r.Upscale.Quality:3]]
[2019.10.15-03.21.52:109][  0]LogConfig: Setting CVar [[r.Tonemapper.GrainQuantization:1]]
[2019.10.15-03.21.52:109][  0]LogConfig: Setting CVar [[r.LightShaftQuality:1]]
[2019.10.15-03.21.52:109][  0]LogConfig: Setting CVar [[r.Filter.SizeScale:1]]
[2019.10.15-03.21.52:109][  0]LogConfig: Setting CVar [[r.Tonemapper.Quality:5]]
[2019.10.15-03.21.52:109][  0]LogConfig: Setting CVar [[r.DOF.Gather.AccumulatorQuality:1        ; higher gathering accumulator quality]]
[2019.10.15-03.21.52:109][  0]LogConfig: Setting CVar [[r.DOF.Gather.PostfilterMethod:1          ; Median3x3 postfilering method]]
[2019.10.15-03.21.52:109][  0]LogConfig: Setting CVar [[r.DOF.Gather.EnableBokehSettings:0       ; no bokeh simulation when gathering]]
[2019.10.15-03.21.52:109][  0]LogConfig: Setting CVar [[r.DOF.Gather.RingCount:4                 ; medium number of samples when gathering]]
[2019.10.15-03.21.52:109][  0]LogConfig: Setting CVar [[r.DOF.Scatter.ForegroundCompositing:1    ; additive foreground scattering]]
[2019.10.15-03.21.52:109][  0]LogConfig: Setting CVar [[r.DOF.Scatter.BackgroundCompositing:2    ; additive background scattering]]
[2019.10.15-03.21.52:109][  0]LogConfig: Setting CVar [[r.DOF.Scatter.EnableBokehSettings:1      ; bokeh simulation when scattering]]
[2019.10.15-03.21.52:109][  0]LogConfig: Setting CVar [[r.DOF.Scatter.MaxSpriteRatio:0.1         ; only a maximum of 10% of scattered bokeh]]
[2019.10.15-03.21.52:109][  0]LogConfig: Setting CVar [[r.DOF.Recombine.Quality:1                ; cheap slight out of focus]]
[2019.10.15-03.21.52:109][  0]LogConfig: Setting CVar [[r.DOF.Recombine.EnableBokehSettings:0    ; no bokeh simulation on slight out of focus]]
[2019.10.15-03.21.52:109][  0]LogConfig: Setting CVar [[r.DOF.TemporalAAQuality:1                ; more stable temporal accumulation]]
[2019.10.15-03.21.52:109][  0]LogConfig: Setting CVar [[r.DOF.Kernel.MaxForegroundRadius:0.025]]
[2019.10.15-03.21.52:109][  0]LogConfig: Setting CVar [[r.DOF.Kernel.MaxBackgroundRadius:0.025]]
[2019.10.15-03.21.52:109][  0]LogConfig: Applying CVar settings from Section [TextureQuality@3] File [D:/Github/Unreal Engine 4/Unreal_Aragon_FPS/Aragon_FPS_Blueprint/Saved/Config/Windows/Scalability.ini]
[2019.10.15-03.21.52:109][  0]LogConfig: Setting CVar [[r.Streaming.MipBias:0]]
[2019.10.15-03.21.52:109][  0]LogConfig: Setting CVar [[r.Streaming.AmortizeCPUToGPUCopy:0]]
[2019.10.15-03.21.52:109][  0]LogConfig: Setting CVar [[r.Streaming.MaxNumTexturesToStreamPerFrame:0]]
[2019.10.15-03.21.52:109][  0]LogConfig: Setting CVar [[r.Streaming.Boost:1]]
[2019.10.15-03.21.52:109][  0]LogConfig: Setting CVar [[r.MaxAnisotropy:8]]
[2019.10.15-03.21.52:109][  0]LogConfig: Setting CVar [[r.Streaming.LimitPoolSizeToVRAM:0]]
[2019.10.15-03.21.52:110][  0]LogConfig: Setting CVar [[r.Streaming.PoolSize:1000]]
[2019.10.15-03.21.52:110][  0]LogConfig: Setting CVar [[r.Streaming.MaxEffectiveScreenSize:0]]
[2019.10.15-03.21.52:110][  0]LogConfig: Applying CVar settings from Section [EffectsQuality@3] File [D:/Github/Unreal Engine 4/Unreal_Aragon_FPS/Aragon_FPS_Blueprint/Saved/Config/Windows/Scalability.ini]
[2019.10.15-03.21.52:110][  0]LogConfig: Setting CVar [[r.TranslucencyLightingVolumeDim:64]]
[2019.10.15-03.21.52:110][  0]LogConfig: Setting CVar [[r.RefractionQuality:2]]
[2019.10.15-03.21.52:110][  0]LogConfig: Setting CVar [[r.SSR.Quality:3]]
[2019.10.15-03.21.52:110][  0]LogConfig: Setting CVar [[r.SceneColorFormat:4]]
[2019.10.15-03.21.52:110][  0]LogConfig: Setting CVar [[r.DetailMode:2]]
[2019.10.15-03.21.52:110][  0]LogConfig: Setting CVar [[r.TranslucencyVolumeBlur:1]]
[2019.10.15-03.21.52:110][  0]LogConfig: Setting CVar [[r.MaterialQualityLevel:1 ; High quality]]
[2019.10.15-03.21.52:110][  0]LogConfig: Setting CVar [[r.SSS.Scale:1]]
[2019.10.15-03.21.52:110][  0]LogConfig: Setting CVar [[r.SSS.SampleSet:2]]
[2019.10.15-03.21.52:110][  0]LogConfig: Setting CVar [[r.SSS.Quality:1]]
[2019.10.15-03.21.52:110][  0]LogConfig: Setting CVar [[r.SSS.HalfRes:1]]
[2019.10.15-03.21.52:110][  0]LogConfig: Setting CVar [[r.EmitterSpawnRateScale:1.0]]
[2019.10.15-03.21.52:110][  0]LogConfig: Setting CVar [[r.ParticleLightQuality:2]]
[2019.10.15-03.21.52:110][  0]LogConfig: Applying CVar settings from Section [FoliageQuality@3] File [D:/Github/Unreal Engine 4/Unreal_Aragon_FPS/Aragon_FPS_Blueprint/Saved/Config/Windows/Scalability.ini]
[2019.10.15-03.21.52:110][  0]LogConfig: Setting CVar [[foliage.DensityScale:1.0]]
[2019.10.15-03.21.52:110][  0]LogConfig: Setting CVar [[grass.DensityScale:1.0]]
[2019.10.15-03.21.52:110][  0]LogInit: Selected Device Profile: [Windows]
[2019.10.15-03.21.52:110][  0]LogInit: Applying CVar settings loaded from the selected device profile: [Windows]
[2019.10.15-03.21.52:112][  0]LogHAL: Display: Platform has ~ 16 GB [17018155008 / 17179869184 / 16], which maps to Larger [LargestMinGB=32, LargerMinGB=12, DefaultMinGB=8, SmallerMinGB=6, SmallestMinGB=0)
[2019.10.15-03.21.52:112][  0]LogInit: Going up to parent DeviceProfile []
[2019.10.15-03.21.52:112][  0]LogConfig: Applying CVar settings from Section [ViewDistanceQuality@3] File [D:/Github/Unreal Engine 4/Unreal_Aragon_FPS/Aragon_FPS_Blueprint/Saved/Config/Windows/Scalability.ini]
[2019.10.15-03.21.52:112][  0]LogConfig: Setting CVar [[r.SkeletalMeshLODBias:0]]
[2019.10.15-03.21.52:112][  0]LogConfig: Setting CVar [[r.ViewDistanceScale:1.0]]
[2019.10.15-03.21.52:112][  0]LogConfig: Applying CVar settings from Section [AntiAliasingQuality@3] File [D:/Github/Unreal Engine 4/Unreal_Aragon_FPS/Aragon_FPS_Blueprint/Saved/Config/Windows/Scalability.ini]
[2019.10.15-03.21.52:112][  0]LogConfig: Setting CVar [[r.PostProcessAAQuality:4]]
[2019.10.15-03.21.52:112][  0]LogConfig: Applying CVar settings from Section [ShadowQuality@3] File [D:/Github/Unreal Engine 4/Unreal_Aragon_FPS/Aragon_FPS_Blueprint/Saved/Config/Windows/Scalability.ini]
[2019.10.15-03.21.52:112][  0]LogConfig: Setting CVar [[r.LightFunctionQuality:1]]
[2019.10.15-03.21.52:112][  0]LogConfig: Setting CVar [[r.ShadowQuality:5]]
[2019.10.15-03.21.52:112][  0]LogConfig: Setting CVar [[r.Shadow.CSM.MaxCascades:10]]
[2019.10.15-03.21.52:112][  0]LogConfig: Setting CVar [[r.Shadow.MaxResolution:2048]]
[2019.10.15-03.21.52:112][  0]LogConfig: Setting CVar [[r.Shadow.MaxCSMResolution:2048]]
[2019.10.15-03.21.52:112][  0]LogConfig: Setting CVar [[r.Shadow.RadiusThreshold:0.01]]
[2019.10.15-03.21.52:112][  0]LogConfig: Setting CVar [[r.Shadow.DistanceScale:1.0]]
[2019.10.15-03.21.52:113][  0]LogConfig: Setting CVar [[r.Shadow.CSM.TransitionScale:1.0]]
[2019.10.15-03.21.52:113][  0]LogConfig: Setting CVar [[r.Shadow.PreShadowResolutionFactor:1.0]]
[2019.10.15-03.21.52:113][  0]LogConfig: Setting CVar [[r.DistanceFieldShadowing:1]]
[2019.10.15-03.21.52:113][  0]LogConfig: Setting CVar [[r.DistanceFieldAO:1]]
[2019.10.15-03.21.52:113][  0]LogConfig: Setting CVar [[r.AOQuality:2]]
[2019.10.15-03.21.52:113][  0]LogConfig: Setting CVar [[r.VolumetricFog:1]]
[2019.10.15-03.21.52:113][  0]LogConfig: Setting CVar [[r.VolumetricFog.GridPixelSize:8]]
[2019.10.15-03.21.52:113][  0]LogConfig: Setting CVar [[r.VolumetricFog.GridSizeZ:128]]
[2019.10.15-03.21.52:113][  0]LogConfig: Setting CVar [[r.VolumetricFog.HistoryMissSupersampleCount:4]]
[2019.10.15-03.21.52:113][  0]LogConfig: Setting CVar [[r.LightMaxDrawDistanceScale:1]]
[2019.10.15-03.21.52:113][  0]LogConfig: Setting CVar [[r.CapsuleShadows:1]]
[2019.10.15-03.21.52:113][  0]LogConfig: Applying CVar settings from Section [PostProcessQuality@3] File [D:/Github/Unreal Engine 4/Unreal_Aragon_FPS/Aragon_FPS_Blueprint/Saved/Config/Windows/Scalability.ini]
[2019.10.15-03.21.52:113][  0]LogConfig: Setting CVar [[r.MotionBlurQuality:4]]
[2019.10.15-03.21.52:113][  0]LogConfig: Setting CVar [[r.AmbientOcclusionMipLevelFactor:0.4]]
[2019.10.15-03.21.52:113][  0]LogConfig: Setting CVar [[r.AmbientOcclusionMaxQuality:100]]
[2019.10.15-03.21.52:113][  0]LogConfig: Setting CVar [[r.AmbientOcclusionLevels:-1]]
[2019.10.15-03.21.52:113][  0]LogConfig: Setting CVar [[r.AmbientOcclusionRadiusScale:1.0]]
[2019.10.15-03.21.52:113][  0]LogConfig: Setting CVar [[r.DepthOfFieldQuality:2]]
[2019.10.15-03.21.52:113][  0]LogConfig: Setting CVar [[r.RenderTargetPoolMin:400]]
[2019.10.15-03.21.52:113][  0]LogConfig: Setting CVar [[r.LensFlareQuality:2]]
[2019.10.15-03.21.52:113][  0]LogConfig: Setting CVar [[r.SceneColorFringeQuality:1]]
[2019.10.15-03.21.52:113][  0]LogConfig: Setting CVar [[r.EyeAdaptationQuality:2]]
[2019.10.15-03.21.52:113][  0]LogConfig: Setting CVar [[r.BloomQuality:5]]
[2019.10.15-03.21.52:113][  0]LogConfig: Setting CVar [[r.FastBlurThreshold:100]]
[2019.10.15-03.21.52:113][  0]LogConfig: Setting CVar [[r.Upscale.Quality:3]]
[2019.10.15-03.21.52:113][  0]LogConfig: Setting CVar [[r.Tonemapper.GrainQuantization:1]]
[2019.10.15-03.21.52:113][  0]LogConfig: Setting CVar [[r.LightShaftQuality:1]]
[2019.10.15-03.21.52:113][  0]LogConfig: Setting CVar [[r.Filter.SizeScale:1]]
[2019.10.15-03.21.52:113][  0]LogConfig: Setting CVar [[r.Tonemapper.Quality:5]]
[2019.10.15-03.21.52:113][  0]LogConfig: Setting CVar [[r.DOF.Gather.AccumulatorQuality:1        ; higher gathering accumulator quality]]
[2019.10.15-03.21.52:113][  0]LogConfig: Setting CVar [[r.DOF.Gather.PostfilterMethod:1          ; Median3x3 postfilering method]]
[2019.10.15-03.21.52:113][  0]LogConfig: Setting CVar [[r.DOF.Gather.EnableBokehSettings:0       ; no bokeh simulation when gathering]]
[2019.10.15-03.21.52:113][  0]LogConfig: Setting CVar [[r.DOF.Gather.RingCount:4                 ; medium number of samples when gathering]]
[2019.10.15-03.21.52:113][  0]LogConfig: Setting CVar [[r.DOF.Scatter.ForegroundCompositing:1    ; additive foreground scattering]]
[2019.10.15-03.21.52:113][  0]LogConfig: Setting CVar [[r.DOF.Scatter.BackgroundCompositing:2    ; additive background scattering]]
[2019.10.15-03.21.52:113][  0]LogConfig: Setting CVar [[r.DOF.Scatter.EnableBokehSettings:1      ; bokeh simulation when scattering]]
[2019.10.15-03.21.52:113][  0]LogConfig: Setting CVar [[r.DOF.Scatter.MaxSpriteRatio:0.1         ; only a maximum of 10% of scattered bokeh]]
[2019.10.15-03.21.52:113][  0]LogConfig: Setting CVar [[r.DOF.Recombine.Quality:1                ; cheap slight out of focus]]
[2019.10.15-03.21.52:113][  0]LogConfig: Setting CVar [[r.DOF.Recombine.EnableBokehSettings:0    ; no bokeh simulation on slight out of focus]]
[2019.10.15-03.21.52:113][  0]LogConfig: Setting CVar [[r.DOF.TemporalAAQuality:1                ; more stable temporal accumulation]]
[2019.10.15-03.21.52:113][  0]LogConfig: Setting CVar [[r.DOF.Kernel.MaxForegroundRadius:0.025]]
[2019.10.15-03.21.52:113][  0]LogConfig: Setting CVar [[r.DOF.Kernel.MaxBackgroundRadius:0.025]]
[2019.10.15-03.21.52:113][  0]LogConfig: Applying CVar settings from Section [TextureQuality@3] File [D:/Github/Unreal Engine 4/Unreal_Aragon_FPS/Aragon_FPS_Blueprint/Saved/Config/Windows/Scalability.ini]
[2019.10.15-03.21.52:113][  0]LogConfig: Setting CVar [[r.Streaming.MipBias:0]]
[2019.10.15-03.21.52:113][  0]LogConfig: Setting CVar [[r.Streaming.AmortizeCPUToGPUCopy:0]]
[2019.10.15-03.21.52:113][  0]LogConfig: Setting CVar [[r.Streaming.MaxNumTexturesToStreamPerFrame:0]]
[2019.10.15-03.21.52:113][  0]LogConfig: Setting CVar [[r.Streaming.Boost:1]]
[2019.10.15-03.21.52:113][  0]LogConfig: Setting CVar [[r.MaxAnisotropy:8]]
[2019.10.15-03.21.52:113][  0]LogConfig: Setting CVar [[r.Streaming.LimitPoolSizeToVRAM:0]]
[2019.10.15-03.21.52:113][  0]LogConfig: Setting CVar [[r.Streaming.PoolSize:1000]]
[2019.10.15-03.21.52:113][  0]LogConfig: Setting CVar [[r.Streaming.MaxEffectiveScreenSize:0]]
[2019.10.15-03.21.52:113][  0]LogConfig: Applying CVar settings from Section [EffectsQuality@3] File [D:/Github/Unreal Engine 4/Unreal_Aragon_FPS/Aragon_FPS_Blueprint/Saved/Config/Windows/Scalability.ini]
[2019.10.15-03.21.52:113][  0]LogConfig: Setting CVar [[r.TranslucencyLightingVolumeDim:64]]
[2019.10.15-03.21.52:113][  0]LogConfig: Setting CVar [[r.RefractionQuality:2]]
[2019.10.15-03.21.52:113][  0]LogConfig: Setting CVar [[r.SSR.Quality:3]]
[2019.10.15-03.21.52:113][  0]LogConfig: Setting CVar [[r.SceneColorFormat:4]]
[2019.10.15-03.21.52:113][  0]LogConfig: Setting CVar [[r.DetailMode:2]]
[2019.10.15-03.21.52:113][  0]LogConfig: Setting CVar [[r.TranslucencyVolumeBlur:1]]
[2019.10.15-03.21.52:113][  0]LogConfig: Setting CVar [[r.MaterialQualityLevel:1 ; High quality]]
[2019.10.15-03.21.52:113][  0]LogConfig: Setting CVar [[r.SSS.Scale:1]]
[2019.10.15-03.21.52:113][  0]LogConfig: Setting CVar [[r.SSS.SampleSet:2]]
[2019.10.15-03.21.52:113][  0]LogConfig: Setting CVar [[r.SSS.Quality:1]]
[2019.10.15-03.21.52:113][  0]LogConfig: Setting CVar [[r.SSS.HalfRes:1]]
[2019.10.15-03.21.52:113][  0]LogConfig: Setting CVar [[r.EmitterSpawnRateScale:1.0]]
[2019.10.15-03.21.52:113][  0]LogConfig: Setting CVar [[r.ParticleLightQuality:2]]
[2019.10.15-03.21.52:113][  0]LogConfig: Applying CVar settings from Section [FoliageQuality@3] File [D:/Github/Unreal Engine 4/Unreal_Aragon_FPS/Aragon_FPS_Blueprint/Saved/Config/Windows/Scalability.ini]
[2019.10.15-03.21.52:113][  0]LogConfig: Setting CVar [[foliage.DensityScale:1.0]]
[2019.10.15-03.21.52:113][  0]LogConfig: Setting CVar [[grass.DensityScale:1.0]]
[2019.10.15-03.21.52:113][  0]LogConfig: Applying CVar settings from Section [Startup] File [../../../Engine/Config/ConsoleVariables.ini]
[2019.10.15-03.21.52:114][  0]LogConfig: Setting CVar [[net.UseAdaptiveNetUpdateFrequency:0]]
[2019.10.15-03.21.52:114][  0]LogConfig: Setting CVar [[p.chaos.AllowCreatePhysxBodies:1]]
[2019.10.15-03.21.52:114][  0]LogConfig: Applying CVar settings from Section [ConsoleVariables] File [D:/Github/Unreal Engine 4/Unreal_Aragon_FPS/Aragon_FPS_Blueprint/Saved/Config/Windows/Engine.ini]
[2019.10.15-03.21.52:114][  0]LogInit: Computer: MSI
[2019.10.15-03.21.52:114][  0]LogInit: User: zephy
[2019.10.15-03.21.52:114][  0]LogInit: CPU Page size=4096, Cores=6
[2019.10.15-03.21.52:114][  0]LogInit: High frequency timer resolution =10.000000 MHz
[2019.10.15-03.21.52:114][  0]LogMemory: Memory total: Physical=15.8GB (16GB approx)
[2019.10.15-03.21.52:114][  0]LogMemory: Platform Memory Stats for Windows
[2019.10.15-03.21.52:114][  0]LogMemory: Process Physical Memory: 103.12 MB used, 103.13 MB peak
[2019.10.15-03.21.52:114][  0]LogMemory: Process Virtual Memory: 104.17 MB used, 104.17 MB peak
[2019.10.15-03.21.52:114][  0]LogMemory: Physical Memory: 9366.62 MB used,  6863.16 MB free, 16229.78 MB total
[2019.10.15-03.21.52:114][  0]LogMemory: Virtual Memory: 4688.99 MB used,  134213040.00 MB free, 134217728.00 MB total
[2019.10.15-03.21.52:119][  0]LogWindows: WindowsPlatformFeatures enabled
[2019.10.15-03.21.52:144][  0]LogInit: Using OS detected language (en-US).
[2019.10.15-03.21.52:144][  0]LogInit: Using OS detected locale (en-US).
[2019.10.15-03.21.52:144][  0]LogTextLocalizationManager: No specific localization for 'en-US' exists, so the 'en' localization will be used.
[2019.10.15-03.21.52:355][  0]LogSlate: New Slate User Created.  User Index 0, Is Virtual User: 0
[2019.10.15-03.21.52:356][  0]LogSlate: Slate User Registered.  User Index 0, Is Virtual User: 0
[2019.10.15-03.21.52:385][  0]LogHMD: Failed to initialize OpenVR with code 110
[2019.10.15-03.21.52:385][  0]LogD3D11RHI: D3D11 adapters:
[2019.10.15-03.21.52:470][  0]LogD3D11RHI:    0. 'NVIDIA GeForce GTX 1070' (Feature Level 11_0)
[2019.10.15-03.21.52:470][  0]LogD3D11RHI:       8081/0/8114 MB DedicatedVideo/DedicatedSystem/SharedSystem, Outputs:1, VendorId:0x10de
[2019.10.15-03.21.52:482][  0]LogD3D11RHI:    1. 'Intel(R) UHD Graphics 630' (Feature Level 11_0)
[2019.10.15-03.21.52:482][  0]LogD3D11RHI:       128/0/8114 MB DedicatedVideo/DedicatedSystem/SharedSystem, Outputs:0, VendorId:0x8086
[2019.10.15-03.21.52:484][  0]LogD3D11RHI:    2. 'Microsoft Basic Render Driver' (Feature Level 11_0)
[2019.10.15-03.21.52:484][  0]LogD3D11RHI:       0/0/8114 MB DedicatedVideo/DedicatedSystem/SharedSystem, Outputs:0, VendorId:0x1414
[2019.10.15-03.21.52:485][  0]LogD3D11RHI: Chosen D3D11 Adapter: 0
[2019.10.15-03.21.52:515][  0]LogD3D11RHI: Creating new Direct3DDevice
[2019.10.15-03.21.52:515][  0]LogD3D11RHI:     GPU DeviceId: 0x1ba1 (for the marketing name, search the web for "GPU Device Id")
[2019.10.15-03.21.52:515][  0]LogWindows: EnumDisplayDevices:
[2019.10.15-03.21.52:515][  0]LogWindows:    0. 'Intel(R) UHD Graphics 630' (P:1 D:1)
[2019.10.15-03.21.52:515][  0]LogWindows:    1. 'Intel(R) UHD Graphics 630' (P:0 D:0)
[2019.10.15-03.21.52:516][  0]LogWindows:    2. 'Intel(R) UHD Graphics 630' (P:0 D:0)
[2019.10.15-03.21.52:516][  0]LogWindows:    3. 'NVIDIA GeForce GTX 1070' (P:0 D:0)
[2019.10.15-03.21.52:516][  0]LogWindows:    4. 'NVIDIA GeForce GTX 1070' (P:0 D:0)
[2019.10.15-03.21.52:516][  0]LogWindows:    5. 'NVIDIA GeForce GTX 1070' (P:0 D:0)
[2019.10.15-03.21.52:516][  0]LogWindows:    6. 'NVIDIA GeForce GTX 1070' (P:0 D:0)
[2019.10.15-03.21.52:517][  0]LogWindows: DebugString: PrimaryIsNotTheChoosenAdapter PrimaryIsNotTheChoosenAdapter PrimaryIsNotTheChoosenAdapter FoundDriverCount:4 
[2019.10.15-03.21.52:517][  0]LogD3D11RHI:     Adapter Name: NVIDIA GeForce GTX 1070
[2019.10.15-03.21.52:517][  0]LogD3D11RHI:   Driver Version: 436.48 (internal:26.21.14.3648, unified:436.48)
[2019.10.15-03.21.52:517][  0]LogD3D11RHI:      Driver Date: 9-26-2019
[2019.10.15-03.21.52:517][  0]LogRHI: Texture pool is 5656 MB (70% of 8081 MB)
[2019.10.15-03.21.52:557][  0]LogD3D11RHI: Async texture creation enabled
[2019.10.15-03.21.52:579][  0]LogD3D11RHI: GPU Timing Frequency: 1000.000000 (Debug: 2 1)
[2019.10.15-03.21.52:861][  0]LogTemp: Display: Module 'WindowsClientTargetPlatform' loaded TargetPlatform 'WindowsClient'
[2019.10.15-03.21.52:870][  0]LogTemp: Display: Module 'WindowsNoEditorTargetPlatform' loaded TargetPlatform 'WindowsNoEditor'
[2019.10.15-03.21.52:877][  0]LogTemp: Display: Module 'WindowsServerTargetPlatform' loaded TargetPlatform 'WindowsServer'
[2019.10.15-03.21.52:881][  0]LogTemp: Display: Module 'WindowsTargetPlatform' loaded TargetPlatform 'Windows'
[2019.10.15-03.21.52:881][  0]LogTargetPlatformManager: Display: Building Assets For Windows
[2019.10.15-03.21.52:888][  0]LogAudioDebug: Display: Lib vorbis DLL was dynamically loaded.
[2019.10.15-03.21.52:923][  0]LogShaderCompilers: Guid format shader working directory is -34 characters bigger than the processId version (../../../../../../Github/Unreal Engine 4/Unreal_Aragon_FPS/Aragon_FPS_Blueprint/Intermediate/Shaders/WorkingDirectory/12816/).
[2019.10.15-03.21.52:923][  0]LogShaderCompilers: Cleaned the shader compiler working directory 'C:/Users/zephy/AppData/Local/Temp/UnrealShaderWorkingDir/C8B8190F41AA5011DE1E359023E25025/'.
[2019.10.15-03.21.52:924][  0]LogXGEController: Cannot use XGE Controller as Incredibuild is not installed on this machine.
[2019.10.15-03.21.52:925][  0]LogShaderCompilers: Cannot use XGE Shader Compiler as Incredibuild is not installed on this machine.
[2019.10.15-03.21.52:925][  0]LogShaderCompilers: Display: Using Local Shader Compiler.
[2019.10.15-03.21.53:491][  0]LogDerivedDataCache: Display: Max Cache Size: 512 MB
[2019.10.15-03.21.53:534][  0]LogDerivedDataCache: Loaded boot cache 0.04s 73MB C:/Users/zephy/AppData/Local/UnrealEngine/4.23/DerivedDataCache/Boot.ddc.
[2019.10.15-03.21.53:534][  0]LogDerivedDataCache: Display: Loaded Boot cache: C:/Users/zephy/AppData/Local/UnrealEngine/4.23/DerivedDataCache/Boot.ddc
[2019.10.15-03.21.53:534][  0]LogDerivedDataCache: FDerivedDataBackendGraph:  Pak pak cache file ../../../../../../Github/Unreal Engine 4/Unreal_Aragon_FPS/Aragon_FPS_Blueprint/DerivedDataCache/DDC.ddp not found, will not use a pak cache.
[2019.10.15-03.21.53:534][  0]LogDerivedDataCache: Unable to find inner node Pak for hierarchical cache Hierarchy.
[2019.10.15-03.21.53:534][  0]LogDerivedDataCache: FDerivedDataBackendGraph:  CompressedPak pak cache file ../../../../../../Github/Unreal Engine 4/Unreal_Aragon_FPS/Aragon_FPS_Blueprint/DerivedDataCache/Compressed.ddp not found, will not use a pak cache.
[2019.10.15-03.21.53:534][  0]LogDerivedDataCache: Unable to find inner node CompressedPak for hierarchical cache Hierarchy.
[2019.10.15-03.21.53:546][  0]LogDerivedDataCache: Display: Pak cache opened for reading ../../../Engine/DerivedDataCache/Compressed.ddp.
[2019.10.15-03.21.53:546][  0]LogDerivedDataCache: FDerivedDataBackendGraph:  EnterprisePak pak cache file ../../../Enterprise/DerivedDataCache/Compressed.ddp not found, will not use a pak cache.
[2019.10.15-03.21.53:546][  0]LogDerivedDataCache: Unable to find inner node EnterprisePak for hierarchical cache Hierarchy.
[2019.10.15-03.21.53:547][  0]LogDerivedDataCache: Using Local data cache path C:/Users/zephy/AppData/Local/UnrealEngine/Common/DerivedDataCache: Writable
[2019.10.15-03.21.53:547][  0]LogDerivedDataCache: Shared data cache path not found in *engine.ini, will not use an Shared cache.
[2019.10.15-03.21.53:547][  0]LogDerivedDataCache: Unable to find inner node Shared for hierarchical cache Hierarchy.
[2019.10.15-03.21.53:567][  0]LogMaterial: Verifying Global Shaders for PCD3D_SM5
[2019.10.15-03.21.53:569][  0]LogSlate: Using FreeType 2.6.0
[2019.10.15-03.21.53:569][  0]LogSlate: SlateFontServices - WITH_FREETYPE: 1, WITH_HARFBUZZ: 1
[2019.10.15-03.21.53:685][  0]LogInit: Using OS detected language (en-US).
[2019.10.15-03.21.53:685][  0]LogInit: Using OS detected locale (en-US).
[2019.10.15-03.21.53:685][  0]LogTextLocalizationManager: No localization for 'en-US' exists, so 'en' will be used for the language.
[2019.10.15-03.21.53:685][  0]LogTextLocalizationManager: No localization for 'en-US' exists, so 'en' will be used for the locale.
[2019.10.15-03.21.53:685][  0]LogSlate: FontCache flush requested. Reason: Culture for localization was changed
[2019.10.15-03.21.53:685][  0]LogSlate: FontCache flush requested. Reason: Culture for localization was changed
[2019.10.15-03.21.53:686][  0]LogTextLocalizationManager: Compacting localization data took   0.00ms
[2019.10.15-03.21.53:689][  0]LogAssetRegistry: FAssetRegistry took 0.0015 seconds to start up
[2019.10.15-03.21.53:890][  0]LogPackageLocalizationCache: Processed 12 localized package path(s) for 1 prioritized culture(s) in 0.000447 seconds
[2019.10.15-03.21.53:945][  0]LogInit: Selected Device Profile: [Windows]
[2019.10.15-03.21.54:067][  0]LogMeshReduction: Using QuadricMeshReduction for automatic static mesh reduction
[2019.10.15-03.21.54:067][  0]LogMeshReduction: Using SimplygonMeshReduction for automatic skeletal mesh reduction
[2019.10.15-03.21.54:067][  0]LogMeshReduction: Using ProxyLODMeshReduction for automatic mesh merging
[2019.10.15-03.21.54:067][  0]LogMeshReduction: No distributed automatic mesh merging module available
[2019.10.15-03.21.54:067][  0]LogMeshMerging: No distributed automatic mesh merging module available
[2019.10.15-03.21.54:075][  0]LogNetVersion: Aragon_FPS_Blueprint 1.0.0, NetCL: 8386587, EngineNetVer: 11, GameNetVer: 0 (Checksum: 271842463)
[2019.10.15-03.21.54:504][  0]LogMoviePlayer: Initializing movie player
[2019.10.15-03.21.54:596][  0]LogTcpMessaging: Initializing TcpMessaging bridge
[2019.10.15-03.21.54:598][  0]LogUdpMessaging: Initializing bridge on interface 0.0.0.0:0 to multicast group 230.0.0.1:6666.
[2019.10.15-03.21.54:613][  0]LogCollectionManager: Loaded 0 collections in 0.000907 seconds
[2019.10.15-03.21.54:616][  0]LogFileCache: Scanning file cache for directory 'D:/Github/Unreal Engine 4/Unreal_Aragon_FPS/Aragon_FPS_Blueprint/Saved/Collections/' took 0.00s
[2019.10.15-03.21.54:616][  0]LogFileCache: Scanning file cache for directory 'D:/Github/Unreal Engine 4/Unreal_Aragon_FPS/Aragon_FPS_Blueprint/Content/Developers/zephy/Collections/' took 0.00s
[2019.10.15-03.21.54:616][  0]LogFileCache: Scanning file cache for directory 'D:/Github/Unreal Engine 4/Unreal_Aragon_FPS/Aragon_FPS_Blueprint/Content/Collections/' took 0.00s
[2019.10.15-03.21.54:616][  0]LogCollectionManager: Rebuilt the object cache for 0 collections in 0.000004 seconds (found 0 objects)
[2019.10.15-03.21.54:616][  0]LogCollectionManager: Fixed up redirectors for 0 collections in 0.000085 seconds (updated 0 objects)
[2019.10.15-03.21.54:643][  0]SourceControl: Source control is disabled
[2019.10.15-03.21.54:643][  0]SourceControl: Source control is disabled
[2019.10.15-03.21.54:644][  0]SourceControl: Source control is disabled
[2019.10.15-03.21.54:675][  0]LogAndroidPermission: UAndroidPermissionCallbackProxy::GetInstance
[2019.10.15-03.21.54:755][  0]LogOcInput: OculusInput pre-init called
[2019.10.15-03.21.54:764][  0]LogUObjectArray: 48999 objects as part of root set at end of initial load.
[2019.10.15-03.21.54:764][  0]LogUObjectAllocator: 8639048 out of 0 bytes used by permanent object pool.
[2019.10.15-03.21.54:764][  0]LogUObjectArray: CloseDisregardForGC: 0/0 objects in disregard for GC pool
[2019.10.15-03.21.54:816][  0]LogEngine: Initializing Engine...
[2019.10.15-03.21.54:817][  0]LogHMD: Failed to initialize OpenVR with code 110
[2019.10.15-03.21.54:819][  0]LogStats: UGameplayTagsManager::InitializeManager -  0.000 s
[2019.10.15-03.21.54:964][  0]LogInit: Initializing FReadOnlyCVARCache
[2019.10.15-03.21.54:976][  0]LogInit: XAudio2 using 'Speakers (Realtek(R) Audio)' : 2 channels at 48 kHz using 32 bits per sample (channel mask 0x3)
[2019.10.15-03.21.55:673][  0]LogInit: FAudioDevice initialized.
[2019.10.15-03.21.55:674][  0]LogNetVersion: Set ProjectVersion to 1.0.0.0. Version Checksum will be recalculated on next use.
[2019.10.15-03.21.55:675][  0]LogInit: Texture streaming: Enabled
[2019.10.15-03.21.55:827][  0]LogSlate: Updating window title bar state: overlay mode, drag disabled, window buttons hidden, title bar hidden
[2019.10.15-03.21.55:828][  0]LogInit: Display: Game Engine Initialized.
[2019.10.15-03.21.55:871][  0]LogInit: Display: Starting Game.
[2019.10.15-03.21.55:871][  0]LogNet: Browse: /Game/FirstPersonBP/Maps/FirstPersonExampleMap?Name=Player
[2019.10.15-03.21.55:872][  0]LogLoad: LoadMap: /Game/FirstPersonBP/Maps/FirstPersonExampleMap?Name=Player
[2019.10.15-03.21.55:872][  0]LogWorld: BeginTearingDown for /Temp/Untitled_0
[2019.10.15-03.21.55:873][  0]LogWorld: UWorld::CleanupWorld for Untitled, bSessionEnded=true, bCleanupResources=true
[2019.10.15-03.21.55:898][  0]LogUObjectHash: Compacting FUObjectHashTables data took   1.27ms
[2019.10.15-03.21.56:190][  0]LogBlueprint: Warning: [Compiler Ue4ASP_Character] InputAction Event references unknown Action 'Crouch' for  InputAction Crouch
[2019.10.15-03.21.57:387][  0]LogAIModule: Creating AISystem for world FirstPersonExampleMap
[2019.10.15-03.21.57:387][  0]LogLoad: Game class is 'FirstPersonGameMode_C'
[2019.10.15-03.21.57:401][  0]LogWorld: Bringing World /Game/FirstPersonBP/Maps/FirstPersonExampleMap.FirstPersonExampleMap up for play (max tick rate 0) at 2019.10.14-20.21.57
[2019.10.15-03.21.57:402][  0]LogWorld: Bringing up level for play took: 0.014257
[2019.10.15-03.21.57:406][  0]LogBlueprintUserMessages: [FirstPersonCharacter_C_1] Save Found
[2019.10.15-03.21.57:408][  0]LogLoad: Took 1.536302 seconds to LoadMap(/Game/FirstPersonBP/Maps/FirstPersonExampleMap)
[2019.10.15-03.21.57:432][  0]LogRenderer: Reallocating scene render targets to support 1280x720 Format 10 NumSamples 1 (Frame:1).
[2019.10.15-03.21.57:432][  0]LogLoad: (Engine Initialization) Total time: 6.16 seconds
[2019.10.15-03.21.57:432][  0]LogLoad: (Engine Initialization) Total Blueprint compile time: 0.00 seconds
[2019.10.15-03.21.57:475][  0]LogContentStreaming: Texture pool size now 1000 MB
[2019.10.15-03.21.57:618][  0]LogRenderer: Reallocating scene render targets to support 128x128 Format 10 NumSamples 1 (Frame:1).
[2019.10.15-03.21.57:644][  0]LogRenderer: Reallocating scene render targets to support 1280x720 Format 10 NumSamples 1 (Frame:2).
[2019.10.15-03.22.06:484][548]LogSpawn: Warning: SpawnActor failed because of collision at the spawn location [X=-1583.889 Y=-5753.413 Z=180.000] for [Enemy_Scout_C]
[2019.10.15-03.22.10:563][801]LogCharacterMovement: Enemy_SwordUser_C_3 is stuck and failed to move! Velocity: X=-99.10 Y=0.54 Z=0.00 Location: X=574.26 Y=-5215.42 Z=272.43 Normal: X=0.89 Y=-0.46 Z=-0.01 PenetrationDepth:0.000 Actor:Enemy_Scout_C_2 Component:Gun BoneName:None (0 other events since notify)
[2019.10.15-03.22.33:487][222]LogSpawn: Warning: SpawnActor failed because of collision at the spawn location [X=-1202.718 Y=-8155.859 Z=464.086] for [Enemy_SwordUser_C]
[2019.10.15-03.22.42:488][780]LogSpawn: Warning: SpawnActor failed because of collision at the spawn location [X=-955.270 Y=-9590.215 Z=180.000] for [Enemy_Scout_C]
[2019.10.15-03.22.50:178][257]LogCharacterMovement: FirstPersonCharacter_C_1 is stuck and failed to move! Velocity: X=-63.08 Y=-19.64 Z=0.00 Location: X=-450.11 Y=-7468.61 Z=266.72 Normal: X=0.10 Y=-0.81 Z=-0.58 PenetrationDepth:13.978 Actor:Enemy_SwordUser_C_5 Component:Sword BoneName:None (0 other events since notify)
[2019.10.15-03.22.57:276][697]LogCharacterMovement: Enemy_SwordUser_C_3 is stuck and failed to move! Velocity: X=-138.45 Y=237.61 Z=0.00 Location: X=-1433.90 Y=-6550.08 Z=272.53 Normal: X=-0.83 Y=-0.56 Z=-0.00 PenetrationDepth:0.395 Actor:Enemy_SwordUser_C_12 Component:Sword BoneName:None (0 other events since notify)
[2019.10.15-03.22.59:622][842]LogNet: Browse: /Game/FirstPersonBP/Maps/FirstPersonExampleMap
[2019.10.15-03.22.59:622][842]LogLoad: LoadMap: /Game/FirstPersonBP/Maps/FirstPersonExampleMap
[2019.10.15-03.22.59:622][842]LogWorld: BeginTearingDown for /Game/FirstPersonBP/Maps/FirstPersonExampleMap
[2019.10.15-03.22.59:623][842]LogWorld: UWorld::CleanupWorld for FirstPersonExampleMap, bSessionEnded=true, bCleanupResources=true
[2019.10.15-03.22.59:681][842]LogUObjectHash: Compacting FUObjectHashTables data took   2.24ms
[2019.10.15-03.22.59:964][842]LogBlueprint: Warning: [Compiler Ue4ASP_Character] InputAction Event references unknown Action 'Crouch' for  InputAction Crouch
[2019.10.15-03.23.01:162][842]LogAIModule: Creating AISystem for world FirstPersonExampleMap
[2019.10.15-03.23.01:162][842]LogLoad: Game class is 'FirstPersonGameMode_C'
[2019.10.15-03.23.01:174][842]LogWorld: Bringing World /Game/FirstPersonBP/Maps/FirstPersonExampleMap.FirstPersonExampleMap up for play (max tick rate 0) at 2019.10.14-20.23.01
[2019.10.15-03.23.01:174][842]LogWorld: Bringing up level for play took: 0.011250
[2019.10.15-03.23.01:176][842]LogBlueprintUserMessages: [FirstPersonCharacter_C_1] Save Found
[2019.10.15-03.23.01:178][842]LogLoad: Took 1.555442 seconds to LoadMap(/Game/FirstPersonBP/Maps/FirstPersonExampleMap)
[2019.10.15-03.23.12:044][512]Closing by request
[2019.10.15-03.23.12:044][512]LogWindows: FPlatformMisc::RequestExit(0)
[2019.10.15-03.23.12:066][513]LogWorld: BeginTearingDown for /Game/FirstPersonBP/Maps/FirstPersonExampleMap
[2019.10.15-03.23.12:066][513]LogWorld: UWorld::CleanupWorld for FirstPersonExampleMap, bSessionEnded=true, bCleanupResources=true
[2019.10.15-03.23.12:880][513]LogSlate: Window 'Aragon_FPS_Blueprint (64-bit Development PCD3D_SM5) ' being destroyed
[2019.10.15-03.23.12:882][513]LogWindowsTextInputMethodSystem: Display: IME system now deactivated.
[2019.10.15-03.23.12:901][513]LogWindowsTextInputMethodSystem: Display: IME system now deactivated.
[2019.10.15-03.23.12:905][513]LogExit: Preparing to exit.
[2019.10.15-03.23.12:906][513]LogMoviePlayer: Shutting down movie player
[2019.10.15-03.23.13:654][513]LogSlate: Updating window title bar state: overlay mode, drag disabled, window buttons hidden, title bar hidden
[2019.10.15-03.23.13:672][513]LogDemo: Cleaned up 0 splitscreen connections with owner deletion
[2019.10.15-03.23.13:676][513]LogExit: Game engine shut down
[2019.10.15-03.23.13:750][513]LogExit: Object subsystem successfully closed.
[2019.10.15-03.23.13:762][513]LogShaderCompilers: Display: Shaders left to compile 0
[2019.10.15-03.23.13:769][513]LogModuleManager: Shutting down and abandoning module SequenceRecorderSections (416)
[2019.10.15-03.23.13:769][513]LogModuleManager: Shutting down and abandoning module SequenceRecorder (414)
[2019.10.15-03.23.13:769][513]LogModuleManager: Shutting down and abandoning module AutomationController (412)
[2019.10.15-03.23.13:769][513]LogModuleManager: Shutting down and abandoning module AutomationWorker (410)
[2019.10.15-03.23.13:769][513]LogModuleManager: Shutting down and abandoning module Voice (408)
[2019.10.15-03.23.13:769][513]LogModuleManager: Shutting down and abandoning module AIModule (406)
[2019.10.15-03.23.13:769][513]LogModuleManager: Shutting down and abandoning module GameplayDebugger (405)
[2019.10.15-03.23.13:770][513]LogModuleManager: Shutting down and abandoning module AITestSuite (403)
[2019.10.15-03.23.13:770][513]LogModuleManager: Shutting down and abandoning module NavigationSystem (401)
[2019.10.15-03.23.13:770][513]LogModuleManager: Shutting down and abandoning module OculusMR (398)
[2019.10.15-03.23.13:770][513]LogModuleManager: Shutting down and abandoning module WmfMediaFactory (396)
[2019.10.15-03.23.13:770][513]LogModuleManager: Shutting down and abandoning module WebMMediaFactory (394)
[2019.10.15-03.23.13:770][513]LogModuleManager: Shutting down and abandoning module WebMMedia (392)
[2019.10.15-03.23.13:770][513]LogModuleManager: Shutting down and abandoning module OpenExrWrapper (390)
[2019.10.15-03.23.13:770][513]LogModuleManager: Shutting down and abandoning module ImgMediaFactory (388)
[2019.10.15-03.23.13:770][513]LogModuleManager: Shutting down and abandoning module AvfMediaFactory (386)
[2019.10.15-03.23.13:770][513]LogModuleManager: Shutting down and abandoning module MagicLeapCameraPreviewFactory (384)
[2019.10.15-03.23.13:770][513]LogModuleManager: Shutting down and abandoning module MagicLeapMediaCodecFactory (382)
[2019.10.15-03.23.13:770][513]LogModuleManager: Shutting down and abandoning module MagicLeapMediaFactory (380)
[2019.10.15-03.23.13:770][513]LogModuleManager: Shutting down and abandoning module CharacterAI (378)
[2019.10.15-03.23.13:770][513]LogModuleManager: Shutting down and abandoning module SessionServices (376)
[2019.10.15-03.23.13:770][513]LogModuleManager: Shutting down and abandoning module MovieSceneCapture (374)
[2019.10.15-03.23.13:770][513]LogModuleManager: Shutting down and abandoning module LiveCoding (372)
[2019.10.15-03.23.13:770][513]LogModuleManager: Shutting down and abandoning module LevelSequence (370)
[2019.10.15-03.23.13:770][513]LogModuleManager: Shutting down and abandoning module MovieSceneTracks (368)
[2019.10.15-03.23.13:770][513]LogModuleManager: Shutting down and abandoning module MovieScene (366)
[2019.10.15-03.23.13:770][513]LogModuleManager: Shutting down and abandoning module StreamingPauseRendering (364)
[2019.10.15-03.23.13:770][513]LogModuleManager: Shutting down and abandoning module PortalServices (362)
[2019.10.15-03.23.13:770][513]LogModuleManager: Shutting down and abandoning module PortalRpc (360)
[2019.10.15-03.23.13:770][513]LogModuleManager: Shutting down and abandoning module MessagingRpc (358)
[2019.10.15-03.23.13:770][513]LogModuleManager: Shutting down and abandoning module ImageWriteQueue (356)
[2019.10.15-03.23.13:772][513]LogModuleManager: Shutting down and abandoning module ProfilerService (354)
[2019.10.15-03.23.13:915][513]LogModuleManager: Shutting down and abandoning module TaskGraph (352)
[2019.10.15-03.23.13:915][513]LogModuleManager: Shutting down and abandoning module SteamVRController (350)
[2019.10.15-03.23.13:915][513]LogModuleManager: Shutting down and abandoning module ProceduralMeshComponent (348)
[2019.10.15-03.23.13:915][513]LogModuleManager: Shutting down and abandoning module OculusInput (346)
[2019.10.15-03.23.13:915][513]LogModuleManager: Shutting down and abandoning module MobilePatchingUtils (344)
[2019.10.15-03.23.13:916][513]LogModuleManager: Shutting down and abandoning module EditableMesh (342)
[2019.10.15-03.23.13:916][513]LogModuleManager: Shutting down and abandoning module CustomMeshComponent (340)
[2019.10.15-03.23.13:916][513]LogModuleManager: Shutting down and abandoning module CableComponent (338)
[2019.10.15-03.23.13:916][513]LogModuleManager: Shutting down and abandoning module AudioCapture (336)
[2019.10.15-03.23.13:916][513]LogModuleManager: Shutting down and abandoning module ArchVisCharacter (334)
[2019.10.15-03.23.13:916][513]LogModuleManager: Shutting down and abandoning module AppleImageUtilsBlueprintSupport (332)
[2019.10.15-03.23.13:916][513]LogModuleManager: Shutting down and abandoning module AppleImageUtils (330)
[2019.10.15-03.23.13:916][513]LogModuleManager: Shutting down and abandoning module AndroidPermission (328)
[2019.10.15-03.23.13:916][513]LogModuleManager: Shutting down and abandoning module NUTUnrealEngine4 (326)
[2019.10.15-03.23.13:916][513]LogModuleManager: Shutting down and abandoning module NetcodeUnitTest (324)
[2019.10.15-03.23.13:916][513]LogModuleManager: Shutting down and abandoning module MediaCompositing (322)
[2019.10.15-03.23.13:916][513]LogModuleManager: Shutting down and abandoning module ImgMedia (320)
[2019.10.15-03.23.13:916][513]LogModuleManager: Shutting down and abandoning module MagicLeapHelperVulkan (318)
[2019.10.15-03.23.13:916][513]LogModuleManager: Shutting down and abandoning module MagicLeapHelperOpenGL (316)
[2019.10.15-03.23.13:916][513]LogModuleManager: Shutting down and abandoning module MagicLeapAudio (314)
[2019.10.15-03.23.13:916][513]LogModuleManager: Shutting down and abandoning module HTML5Networking (312)
[2019.10.15-03.23.13:916][513]LogModuleManager: Shutting down and abandoning module GeometryCacheTracks (310)
[2019.10.15-03.23.13:916][513]LogModuleManager: Shutting down and abandoning module GeometryCacheSequencer (309)
[2019.10.15-03.23.13:916][513]LogModuleManager: Shutting down and abandoning module GeometryCache (306)
[2019.10.15-03.23.13:916][513]LogModuleManager: Shutting down and abandoning module GeometryCacheEd (305)
[2019.10.15-03.23.13:916][513]LogModuleManager: Shutting down and abandoning module BackChannel (302)
[2019.10.15-03.23.13:916][513]LogModuleManager: Shutting down and abandoning module AutomationUtils (300)
[2019.10.15-03.23.13:916][513]LogModuleManager: Shutting down and abandoning module VariantManagerContent (298)
[2019.10.15-03.23.13:916][513]LogModuleManager: Shutting down and abandoning module CryptoKeysOpenSSL (296)
[2019.10.15-03.23.13:916][513]LogModuleManager: Shutting down and abandoning module CryptoKeys (294)
[2019.10.15-03.23.13:916][513]LogModuleManager: Shutting down and abandoning module VisualStudioSourceCodeAccess (292)
[2019.10.15-03.23.13:916][513]LogModuleManager: Shutting down and abandoning module HotReload (291)
[2019.10.15-03.23.13:916][513]LogModuleManager: Shutting down and abandoning module VisualStudioCodeSourceCodeAccess (288)
[2019.10.15-03.23.13:916][513]LogModuleManager: Shutting down and abandoning module UObjectPlugin (286)
[2019.10.15-03.23.13:916][513]LogModuleManager: Shutting down and abandoning module SubversionSourceControl (284)
[2019.10.15-03.23.13:916][513]LogModuleManager: Shutting down and abandoning module PerforceSourceControl (282)
[2019.10.15-03.23.13:916][513]LogModuleManager: Shutting down and abandoning module SourceControl (281)
[2019.10.15-03.23.13:916][513]LogModuleManager: Shutting down and abandoning module CLionSourceCodeAccess (278)
[2019.10.15-03.23.13:916][513]LogModuleManager: Shutting down and abandoning module ActorLayerUtilities (276)
[2019.10.15-03.23.13:916][513]LogModuleManager: Shutting down and abandoning module SignificanceManager (274)
[2019.10.15-03.23.13:916][513]LogModuleManager: Shutting down and abandoning module RuntimePhysXCooking (272)
[2019.10.15-03.23.13:916][513]LogModuleManager: Shutting down and abandoning module PhysXVehiclesEditor (270)
[2019.10.15-03.23.13:916][513]LogModuleManager: Shutting down and abandoning module LocationServicesBPLibrary (266)
[2019.10.15-03.23.13:916][513]LogModuleManager: Shutting down and abandoning module ApexDestructionEditor (264)
[2019.10.15-03.23.13:916][513]LogModuleManager: Shutting down and abandoning module ContentBrowser (263)
[2019.10.15-03.23.13:916][513]LogModuleManager: Shutting down and abandoning module CollectionManager (262)
[2019.10.15-03.23.13:916][513]LogModuleManager: Shutting down and abandoning module DirectoryWatcher (261)
[2019.10.15-03.23.13:916][513]LogModuleManager: Shutting down and abandoning module ApexDestruction (256)
[2019.10.15-03.23.13:916][513]LogModuleManager: Shutting down and abandoning module ActorSequence (254)
[2019.10.15-03.23.13:917][513]LogModuleManager: Shutting down and abandoning module UdpMessaging (252)
[2019.10.15-03.23.14:018][513]LogModuleManager: Shutting down and abandoning module TcpMessaging (250)
[2019.10.15-03.23.14:639][513]LogModuleManager: Shutting down and abandoning module MagicLeapIdentity (248)
[2019.10.15-03.23.14:639][513]LogModuleManager: Shutting down and abandoning module MagicLeapSecureStorage (246)
[2019.10.15-03.23.14:639][513]LogModuleManager: Shutting down and abandoning module MagicLeapHandTracking (244)
[2019.10.15-03.23.14:639][513]LogModuleManager: Shutting down and abandoning module MagicLeapEyeTracker (242)
[2019.10.15-03.23.14:639][513]LogModuleManager: Shutting down and abandoning module MagicLeapController (240)
[2019.10.15-03.23.14:639][513]LogSlate: Slate User Destroyed.  User Index 0, Is Virtual User: 0
[2019.10.15-03.23.14:639][513]LogModuleManager: Shutting down and abandoning module MagicLeapAR (238)
[2019.10.15-03.23.14:639][513]LogModuleManager: Shutting down and abandoning module AugmentedReality (237)
[2019.10.15-03.23.14:639][513]LogModuleManager: Shutting down and abandoning module GameplayTagsEditor (234)
[2019.10.15-03.23.14:640][513]LogModuleManager: Shutting down and abandoning module FacialAnimation (232)
[2019.10.15-03.23.14:640][513]LogModuleManager: Shutting down and abandoning module AssetManagerEditor (230)
[2019.10.15-03.23.14:640][513]LogModuleManager: Shutting down and abandoning module TreeMap (229)
[2019.10.15-03.23.14:640][513]LogModuleManager: Shutting down and abandoning module AnimationSharing (226)
[2019.10.15-03.23.14:640][513]LogModuleManager: Shutting down and abandoning module LightPropagationVolumeRuntime (224)
[2019.10.15-03.23.14:640][513]LogModuleManager: Shutting down and abandoning module Paper2D (222)
[2019.10.15-03.23.14:640][513]LogModuleManager: Shutting down and abandoning module WindowsMoviePlayer (220)
[2019.10.15-03.23.14:642][513]LogModuleManager: Shutting down and abandoning module WebMMoviePlayer (218)
[2019.10.15-03.23.14:642][513]LogModuleManager: Shutting down and abandoning module NetworkReplayStreaming (216)
[2019.10.15-03.23.14:642][513]LogModuleManager: Shutting down and abandoning module PacketHandler (214)
[2019.10.15-03.23.14:642][513]LogModuleManager: Shutting down and abandoning module ClothingSystemEditor (212)
[2019.10.15-03.23.14:642][513]LogModuleManager: Shutting down and abandoning module ClothingSystemRuntime (210)
[2019.10.15-03.23.14:642][513]LogModuleManager: Shutting down and abandoning module MediaAssets (208)
[2019.10.15-03.23.14:642][513]LogModuleManager: Shutting down and abandoning module Overlay (206)
[2019.10.15-03.23.14:642][513]LogModuleManager: Shutting down and abandoning module OverlayEditor (205)
[2019.10.15-03.23.14:642][513]LogModuleManager: Shutting down and abandoning module VREditor (202)
[2019.10.15-03.23.14:642][513]LogModuleManager: Shutting down and abandoning module StringTableEditor (200)
[2019.10.15-03.23.14:643][513]LogModuleManager: Shutting down and abandoning module GameplayTasksEditor (198)
[2019.10.15-03.23.14:643][513]LogModuleManager: Shutting down and abandoning module BehaviorTreeEditor (196)
[2019.10.15-03.23.14:643][513]LogModuleManager: Shutting down and abandoning module FunctionalTesting (194)
[2019.10.15-03.23.14:643][513]LogModuleManager: Shutting down and abandoning module CollisionAnalyzer (192)
[2019.10.15-03.23.14:643][513]LogModuleManager: Shutting down and abandoning module WorkspaceMenuStructure (191)
[2019.10.15-03.23.14:643][513]LogModuleManager: Shutting down and abandoning module UMG (188)
[2019.10.15-03.23.14:643][513]LogModuleManager: Shutting down and abandoning module UMGEditor (187)
[2019.10.15-03.23.14:643][513]LogModuleManager: Shutting down and abandoning module Sequencer (186)
[2019.10.15-03.23.14:643][513]LogModuleManager: Shutting down and abandoning module MessageLog (183)
[2019.10.15-03.23.14:643][513]LogModuleManager: Shutting down and abandoning module SlateReflector (178)
[2019.10.15-03.23.14:643][513]LogModuleManager: Shutting down and abandoning module Slate (176)
[2019.10.15-03.23.14:643][513]LogModuleManager: Shutting down and abandoning module LandscapeEditorUtilities (174)
[2019.10.15-03.23.14:643][513]LogModuleManager: Shutting down and abandoning module EditorStyle (172)
[2019.10.15-03.23.14:644][513]LogModuleManager: Shutting down and abandoning module UnrealEd (170)
[2019.10.15-03.23.14:644][513]LogModuleManager: Shutting down and abandoning module MRMesh (168)
[2019.10.15-03.23.14:644][513]LogModuleManager: Shutting down and abandoning module Messaging (166)
[2019.10.15-03.23.14:644][513]LogModuleManager: Shutting down and abandoning module SourceCodeAccess (164)
[2019.10.15-03.23.14:644][513]LogModuleManager: Shutting down and abandoning module HeadMountedDisplay (162)
[2019.10.15-03.23.14:644][513]LogModuleManager: Shutting down and abandoning module XAudio2 (160)
[2019.10.15-03.23.14:644][513]LogModuleManager: Shutting down and abandoning module Networking (158)
[2019.10.15-03.23.14:644][513]LogModuleManager: Shutting down and abandoning module Core (156)
[2019.10.15-03.23.14:644][513]LogModuleManager: Shutting down and abandoning module KismetCompiler (154)
[2019.10.15-03.23.14:644][513]LogModuleManager: Shutting down and abandoning module MeshUtilities (152)
[2019.10.15-03.23.14:644][513]LogModuleManager: Shutting down and abandoning module MeshMergeUtilities (151)
[2019.10.15-03.23.14:644][513]LogModuleManager: Shutting down and abandoning module MeshReductionInterface (150)
[2019.10.15-03.23.14:644][513]LogModuleManager: Shutting down and abandoning module SkeletalMeshReduction (149)
[2019.10.15-03.23.14:644][513]LogModuleManager: Shutting down and abandoning module ProxyLODMeshReduction (147)
[2019.10.15-03.23.14:644][513]LogModuleManager: Shutting down and abandoning module QuadricMeshReduction (145)
[2019.10.15-03.23.14:644][513]LogModuleManager: Shutting down and abandoning module MaterialBaking (141)
[2019.10.15-03.23.14:644][513]LogModuleManager: Shutting down and abandoning module NullInstallBundleManager (136)
[2019.10.15-03.23.14:644][513]LogModuleManager: Shutting down and abandoning module PIEPreviewDeviceProfileSelector (134)
[2019.10.15-03.23.14:644][513]LogModuleManager: Shutting down and abandoning module DerivedDataCache (132)
[2019.10.15-03.23.15:139][513]LogDerivedDataCache: Shutdown
[2019.10.15-03.23.15:139][513]LogModuleManager: Shutting down and abandoning module XGEController (130)
[2019.10.15-03.23.15:139][513]LogModuleManager: Shutting down and abandoning module TargetPlatform (128)
[2019.10.15-03.23.15:139][513]LogModuleManager: Shutting down and abandoning module VulkanShaderFormat (127)
[2019.10.15-03.23.15:139][513]LogModuleManager: Shutting down and abandoning module ShaderFormatVectorVM (125)
[2019.10.15-03.23.15:139][513]LogModuleManager: Shutting down and abandoning module ShaderFormatOpenGL (123)
[2019.10.15-03.23.15:139][513]LogModuleManager: Shutting down and abandoning module ShaderFormatD3D (121)
[2019.10.15-03.23.15:139][513]LogModuleManager: Shutting down and abandoning module MetalShaderFormat (119)
[2019.10.15-03.23.15:139][513]LogModuleManager: Shutting down and abandoning module TextureFormatUncompressed (117)
[2019.10.15-03.23.15:139][513]LogModuleManager: Shutting down and abandoning module TextureFormatPVR (115)
[2019.10.15-03.23.15:139][513]LogModuleManager: Shutting down and abandoning module TextureFormatDXT (113)
[2019.10.15-03.23.15:139][513]LogModuleManager: Shutting down and abandoning module TextureFormatIntelISPCTexComp (111)
[2019.10.15-03.23.15:139][513]LogModuleManager: Shutting down and abandoning module TextureFormatASTC (109)
[2019.10.15-03.23.15:139][513]LogModuleManager: Shutting down and abandoning module ImageWrapper (108)
[2019.10.15-03.23.15:139][513]LogModuleManager: Shutting down and abandoning module TextureFormatAndroid (105)
[2019.10.15-03.23.15:139][513]LogModuleManager: Shutting down and abandoning module AudioFormatOpus (103)
[2019.10.15-03.23.15:139][513]LogModuleManager: Shutting down and abandoning module AudioFormatOgg (101)
[2019.10.15-03.23.15:140][513]LogModuleManager: Shutting down and abandoning module AudioFormatADPCM (99)
[2019.10.15-03.23.15:140][513]LogModuleManager: Shutting down and abandoning module WindowsTargetPlatform (97)
[2019.10.15-03.23.15:140][513]LogModuleManager: Shutting down and abandoning module WindowsServerTargetPlatform (95)
[2019.10.15-03.23.15:140][513]LogModuleManager: Shutting down and abandoning module WindowsNoEditorTargetPlatform (93)
[2019.10.15-03.23.15:140][513]LogModuleManager: Shutting down and abandoning module WindowsClientTargetPlatform (91)
[2019.10.15-03.23.15:140][513]LogModuleManager: Shutting down and abandoning module InputCore (88)
[2019.10.15-03.23.15:140][513]LogModuleManager: Shutting down and abandoning module Settings (86)
[2019.10.15-03.23.15:140][513]LogModuleManager: Shutting down and abandoning module PhysXCooking (84)
[2019.10.15-03.23.15:140][513]LogModuleManager: Shutting down and abandoning module WindowsPlatformFeatures (82)
[2019.10.15-03.23.15:140][513]LogModuleManager: Shutting down and abandoning module GameplayMediaEncoder (81)
[2019.10.15-03.23.15:140][513]LogModuleManager: Shutting down and abandoning module SteamVR (78)
[2019.10.15-03.23.15:140][513]LogHMD: Freeing OpenVRDLLHandle.
[2019.10.15-03.23.15:140][513]LogModuleManager: Shutting down and abandoning module OculusHMD (76)
[2019.10.15-03.23.15:140][513]LogModuleManager: Shutting down and abandoning module ExampleDeviceProfileSelector (74)
[2019.10.15-03.23.15:140][513]LogModuleManager: Shutting down and abandoning module LauncherChunkInstaller (72)
[2019.10.15-03.23.15:140][513]LogModuleManager: Shutting down and abandoning module OnlineBlueprintSupport (70)
[2019.10.15-03.23.15:140][513]LogModuleManager: Shutting down and abandoning module OnlineSubsystem (66)
[2019.10.15-03.23.15:140][513]LogModuleManager: Shutting down and abandoning module XMPP (61)
[2019.10.15-03.23.15:140][513]LogModuleManager: Shutting down and abandoning module WebSockets (60)
[2019.10.15-03.23.15:174][513]LogModuleManager: Shutting down and abandoning module HTTP (57)
[2019.10.15-03.23.15:189][513]LogModuleManager: Shutting down and abandoning module SSL (56)
[2019.10.15-03.23.15:190][513]LogModuleManager: Shutting down and abandoning module WmfMedia (52)
[2019.10.15-03.23.15:191][513]LogModuleManager: Shutting down and abandoning module Media (51)
[2019.10.15-03.23.15:192][513]LogModuleManager: Shutting down and abandoning module MagicLeap (48)
[2019.10.15-03.23.15:192][513]LogModuleManager: Shutting down and abandoning module DatasmithContent (46)
[2019.10.15-03.23.15:192][513]LogModuleManager: Shutting down and abandoning module AISupportModule (44)
[2019.10.15-03.23.15:192][513]LogModuleManager: Shutting down and abandoning module PlatformCryptoOpenSSL (42)
[2019.10.15-03.23.15:192][513]LogModuleManager: Shutting down and abandoning module PlatformCrypto (40)
[2019.10.15-03.23.15:192][513]LogModuleManager: Shutting down and abandoning module AnimationModifiers (38)
[2019.10.15-03.23.15:192][513]LogModuleManager: Shutting down and abandoning module PropertyEditor (37)
[2019.10.15-03.23.15:192][513]LogModuleManager: Shutting down and abandoning module AudioEditor (34)
[2019.10.15-03.23.15:192][513]LogModuleManager: Shutting down and abandoning module TextureCompressor (32)
[2019.10.15-03.23.15:193][513]LogModuleManager: Shutting down and abandoning module RenderCore (30)
[2019.10.15-03.23.15:193][513]LogModuleManager: Shutting down and abandoning module Landscape (28)
[2019.10.15-03.23.15:193][513]LogModuleManager: Shutting down and abandoning module SlateRHIRenderer (26)
[2019.10.15-03.23.15:193][513]LogModuleManager: Shutting down and abandoning module OpenGLDrv (24)
[2019.10.15-03.23.15:193][513]LogModuleManager: Shutting down and abandoning module D3D11RHI (22)
[2019.10.15-03.23.15:193][513]LogModuleManager: Shutting down and abandoning module AnimGraphRuntime (20)
[2019.10.15-03.23.15:194][513]LogModuleManager: Shutting down and abandoning module Renderer (18)
[2019.10.15-03.23.15:194][513]LogModuleManager: Shutting down and abandoning module Engine (16)
[2019.10.15-03.23.15:194][513]LogModuleManager: Shutting down and abandoning module CoreUObject (14)
[2019.10.15-03.23.15:194][513]LogModuleManager: Shutting down and abandoning module NetworkFile (12)
[2019.10.15-03.23.15:194][513]LogModuleManager: Shutting down and abandoning module CookedIterativeFile (10)
[2019.10.15-03.23.15:194][513]LogModuleManager: Shutting down and abandoning module StreamingFile (8)
[2019.10.15-03.23.15:194][513]LogModuleManager: Shutting down and abandoning module SandboxFile (6)
[2019.10.15-03.23.15:194][513]LogModuleManager: Shutting down and abandoning module PakFile (4)
[2019.10.15-03.23.15:194][513]LogModuleManager: Shutting down and abandoning module RSA (3)
[2019.10.15-03.23.15:194][513]LogD3D11RHI: Shutdown
[2019.10.15-03.23.15:194][513]LogD3D11RHI: CleanupD3DDevice
[2019.10.15-03.23.15:194][513]LogRendererCore: FGlobalDynamicReadBuffer::Cleanup()
[2019.10.15-03.23.15:195][513]LogRendererCore: FGlobalDynamicReadBuffer::Cleanup()
[2019.10.15-03.23.15:195][513]LogRendererCore: FGlobalDynamicReadBuffer::Cleanup()
[2019.10.15-03.23.15:287][513]LogD3D11RHI: ~FD3D11DynamicRHI
[2019.10.15-03.23.15:297][513]LogExit: Exiting.
[2019.10.15-03.23.15:334][513]Log file closed, 10/14/19 20:23:15
