Log file open, 09/24/19 14:32:21
LogWindows: Failed to load 'aqProf.dll' (GetLastError=126)
LogWindows: File 'aqProf.dll' does not exist
LogWindows: Failed to load 'VtuneApi.dll' (GetLastError=126)
LogWindows: File 'VtuneApi.dll' does not exist
LogWindows: Failed to load 'VtuneApi32e.dll' (GetLastError=126)
LogWindows: File 'VtuneApi32e.dll' does not exist
LogConsoleResponse: Display: Failed to find resolution value strings in scalability ini. Falling back to default.
LogInit: Display: Running engine for game: Aragon_FPS_Blueprint
LogPlatformFile: Not using cached read wrapper
LogTaskGraph: Started task graph with 5 named threads and 35 total threads with 3 sets of task threads.
LogStats: Stats thread started at 0.078722
LogD3D11RHI: Loaded GFSDK_Aftermath_Lib.x64.dll
LogICUInternationalization: ICU TimeZone Detection - Raw Offset: -8:00, Platform Override: ''
LogPluginManager: Mounting plugin Paper2D
LogPluginManager: Mounting plugin AISupport
LogPluginManager: Mounting plugin LightPropagationVolume
LogPluginManager: Mounting plugin ActorLayerUtilities
LogPluginManager: Mounting plugin AnimationSharing
LogPluginManager: Mounting plugin CLionSourceCodeAccess
LogPluginManager: Mounting plugin CodeLiteSourceCodeAccess
LogPluginManager: Mounting plugin GitSourceControl
LogPluginManager: Mounting plugin KDevelopSourceCodeAccess
LogPluginManager: Mounting plugin NullSourceCodeAccess
LogPluginManager: Mounting plugin PerforceSourceControl
LogPluginManager: Mounting plugin SubversionSourceControl
LogPluginManager: Mounting plugin UObjectPlugin
LogPluginManager: Mounting plugin VisualStudioCodeSourceCodeAccess
LogPluginManager: Mounting plugin VisualStudioSourceCodeAccess
LogPluginManager: Mounting plugin XCodeSourceCodeAccess
LogPluginManager: Mounting plugin AssetManagerEditor
LogPluginManager: Mounting plugin CryptoKeys
LogPluginManager: Mounting plugin CurveEditorTools
LogPluginManager: Mounting plugin DataValidation
LogPluginManager: Mounting plugin FacialAnimation
LogPluginManager: Mounting plugin GameplayTagsEditor
LogPluginManager: Mounting plugin MacGraphicsSwitching
LogPluginManager: Mounting plugin MaterialAnalyzer
LogPluginManager: Mounting plugin MobileLauncherProfileWizard
LogPluginManager: Mounting plugin PluginBrowser
LogPluginManager: Mounting plugin SpeedTreeImporter
LogPluginManager: Mounting plugin DatasmithContent
LogPluginManager: Mounting plugin VariantManagerContent
LogPluginManager: Mounting plugin AlembicImporter
LogPluginManager: Mounting plugin AutomationUtils
LogPluginManager: Mounting plugin BackChannel
LogPluginManager: Mounting plugin CharacterAI
LogPluginManager: Mounting plugin GeometryCache
LogPluginManager: Mounting plugin HTML5Networking
LogPluginManager: Mounting plugin PlatformCrypto
LogPluginManager: Mounting plugin ProxyLODPlugin
LogPluginManager: Mounting plugin SkeletalReduction
LogPluginManager: Mounting plugin MagicLeap
LogPluginManager: Mounting plugin MagicLeapMedia
LogPluginManager: Mounting plugin AndroidMedia
LogPluginManager: Mounting plugin AvfMedia
LogPluginManager: Mounting plugin ImgMedia
LogPluginManager: Mounting plugin MediaCompositing
LogPluginManager: Mounting plugin MediaPlayerEditor
LogPluginManager: Mounting plugin WebMMedia
LogPluginManager: Mounting plugin WmfMedia
LogPluginManager: Mounting plugin TcpMessaging
LogPluginManager: Mounting plugin UdpMessaging
LogPluginManager: Mounting plugin ActorSequence
LogPluginManager: Mounting plugin LevelSequenceEditor
LogPluginManager: Mounting plugin MatineeToLevelSequence
LogPluginManager: Mounting plugin NetcodeUnitTest
LogPluginManager: Mounting plugin NUTUnrealEngine4
LogPluginManager: Mounting plugin OnlineSubsystemGooglePlay
LogPluginManager: Mounting plugin OnlineSubsystemIOS
LogPluginManager: Mounting plugin OnlineSubsystem
LogPluginManager: Mounting plugin OnlineSubsystemNull
LogPluginManager: Mounting plugin OnlineSubsystemUtils
LogPluginManager: Mounting plugin LauncherChunkInstaller
LogPluginManager: Mounting plugin AndroidDeviceProfileSelector
LogPluginManager: Mounting plugin AndroidMoviePlayer
LogPluginManager: Mounting plugin AndroidPermission
LogPluginManager: Mounting plugin ApexDestruction
LogPluginManager: Mounting plugin AppleImageUtils
LogPluginManager: Mounting plugin AppleMoviePlayer
LogPluginManager: Mounting plugin ArchVisCharacter
LogPluginManager: Mounting plugin AudioCapture
LogPluginManager: Mounting plugin CableComponent
LogPluginManager: Mounting plugin CustomMeshComponent
LogPluginManager: Mounting plugin EditableMesh
LogPluginManager: Mounting plugin ExampleDeviceProfileSelector
LogPluginManager: Mounting plugin GoogleCloudMessaging
LogPluginManager: Mounting plugin IOSDeviceProfileSelector
LogPluginManager: Mounting plugin LinuxDeviceProfileSelector
LogPluginManager: Mounting plugin LocationServicesBPLibrary
LogPluginManager: Mounting plugin MobilePatchingUtils
LogPluginManager: Mounting plugin OculusVR
LogPluginManager: Mounting plugin PhysXVehicles
LogPluginManager: Mounting plugin ProceduralMeshComponent
LogPluginManager: Mounting plugin RuntimePhysXCooking
LogPluginManager: Mounting plugin SignificanceManager
LogPluginManager: Mounting plugin SteamVR
LogPluginManager: Mounting plugin WebMMoviePlayer
LogPluginManager: Mounting plugin WindowsMoviePlayer
LogPluginManager: Mounting plugin ScreenshotTools
LogInit: Using libcurl 7.55.1-DEV
LogInit:  - built for x86_64-pc-win32
LogInit:  - supports SSL with OpenSSL/1.1.1
LogInit:  - supports HTTP deflate (compression) using libz 1.2.8
LogInit:  - other features:
LogInit:      CURL_VERSION_SSL
LogInit:      CURL_VERSION_LIBZ
LogInit:      CURL_VERSION_IPV6
LogInit:      CURL_VERSION_ASYNCHDNS
LogInit:      CURL_VERSION_LARGEFILE
LogInit:      CURL_VERSION_IDN
LogInit:  CurlRequestOptions (configurable via config and command line):
LogInit:  - bVerifyPeer = true  - Libcurl will verify peer certificate
LogInit:  - bUseHttpProxy = false  - Libcurl will NOT use HTTP proxy
LogInit:  - bDontReuseConnections = false  - Libcurl will reuse connections
LogInit:  - MaxHostConnections = 16  - Libcurl will limit the number of connections to a host
LogInit:  - LocalHostAddr = Default
LogInit:  - BufferSize = 65536
LogOnline: OSS: Creating online subsystem instance for: NULL
LogInit: WinSock: version 1.1 (2.2), MaxSocks=32767, MaxUdp=65467
LogInit: Build: ++UE4+Release-4.23-CL-8386587
LogInit: Engine Version: 4.23.0-8386587+++UE4+Release-4.23
LogInit: Compatible Engine Version: 4.23.0-8386587+++UE4+Release-4.23
LogInit: Net CL: 8386587
LogInit: OS: Windows 10 (Release 1803) (), CPU: Intel(R) Core(TM) i7-8750H CPU @ 2.20GHz, GPU: Intel(R) UHD Graphics 630
LogInit: Compiled (64-bit): Aug 31 2019 02:04:44
LogInit: Compiled with Visual C++: 19.16.27030.01
LogInit: Build Configuration: Development
LogInit: Branch Name: ++UE4+Release-4.23
LogInit: Command Line: 
LogInit: Base Directory: D:/Apps/Epic Games/UE_4.23/Engine/Binaries/Win64/
LogInit: Installed Engine Build: 1
LogDevObjectVersion: Number of dev versions registered: 23
LogDevObjectVersion:   Dev-Blueprints (B0D832E4-1F89-4F0D-ACCF-7EB736FD4AA2): 10
LogDevObjectVersion:   Dev-Build (E1C64328-A22C-4D53-A36C-8E866417BD8C): 0
LogDevObjectVersion:   Dev-Core (375EC13C-06E4-48FB-B500-84F0262A717E): 3
LogDevObjectVersion:   Dev-Editor (E4B068ED-F494-42E9-A231-DA0B2E46BB41): 34
LogDevObjectVersion:   Dev-Framework (CFFC743F-43B0-4480-9391-14DF171D2073): 35
LogDevObjectVersion:   Dev-Mobile (B02B49B5-BB20-44E9-A304-32B752E40360): 2
LogDevObjectVersion:   Dev-Networking (A4E4105C-59A1-49B5-A7C5-40C4547EDFEE): 0
LogDevObjectVersion:   Dev-Online (39C831C9-5AE6-47DC-9A44-9C173E1C8E7C): 0
LogDevObjectVersion:   Dev-Physics (78F01B33-EBEA-4F98-B9B4-84EACCB95AA2): 0
LogDevObjectVersion:   Dev-Platform (6631380F-2D4D-43E0-8009-CF276956A95A): 0
LogDevObjectVersion:   Dev-Rendering (12F88B9F-8875-4AFC-A67C-D90C383ABD29): 31
LogDevObjectVersion:   Dev-Sequencer (7B5AE74C-D270-4C10-A958-57980B212A5A): 11
LogDevObjectVersion:   Dev-VR (D7296918-1DD6-4BDD-9DE2-64A83CC13884): 2
LogDevObjectVersion:   Dev-LoadTimes (C2A15278-BFE7-4AFE-6C17-90FF531DF755): 1
LogDevObjectVersion:   Private-Geometry (6EACA3D4-40EC-4CC1-B786-8BED09428FC5): 3
LogDevObjectVersion:   Dev-AnimPhys (29E575DD-E0A3-4627-9D10-D276232CDCEA): 17
LogDevObjectVersion:   Dev-Anim (AF43A65D-7FD3-4947-9873-3E8ED9C1BB05): 2
LogDevObjectVersion:   Dev-ReflectionCapture (6B266CEC-1EC7-4B8F-A30B-E4D90942FC07): 1
LogDevObjectVersion:   Dev-Automation (0DF73D61-A23F-47EA-B727-89E90C41499A): 1
LogDevObjectVersion:   FortniteMain (601D1886-AC64-4F84-AA16-D3DE0DEAC7D6): 27
LogDevObjectVersion:   Dev-Enterprise (9DFFBCD6-494F-0158-E221-12823C92A888): 6
LogDevObjectVersion:   Dev-Niagara (F2AED0AC-9AFE-416F-8664-AA7FFA26D6FC): 1
LogDevObjectVersion:   Dev-Destruction (174F1F0B-B4C6-45A5-B13F-2EE8D0FB917D): 9
LogInit: Presizing for max 16777216 objects, including 0 objects not considered by GC, pre-allocating 0 bytes for permanent pool.
LogInit: Object subsystem initialized
LogConfig: Setting CVar [[con.DebugEarlyDefault:1]]
LogConfig: Setting CVar [[r.setres:1280x720]]
[2019.09.24-21.32.21:680][  0]LogConfig: Setting CVar [[r.VSync:0]]
[2019.09.24-21.32.21:680][  0]LogConfig: Setting CVar [[r.RHICmdBypass:0]]
[2019.09.24-21.32.21:680][  0]LogConfig: Applying CVar settings from Section [/Script/Engine.RendererSettings] File [D:/Github Repositories/Unreal Engine 4/Unreal_Aragon_FPS/Aragon_FPS_Blueprint/Saved/Config/Windows/Engine.ini]
[2019.09.24-21.32.21:681][  0]LogConfig: Setting CVar [[r.GPUCrashDebugging:0]]
[2019.09.24-21.32.21:681][  0]LogConfig: Applying CVar settings from Section [/Script/Engine.RendererOverrideSettings] File [D:/Github Repositories/Unreal Engine 4/Unreal_Aragon_FPS/Aragon_FPS_Blueprint/Saved/Config/Windows/Engine.ini]
[2019.09.24-21.32.21:681][  0]LogConfig: Applying CVar settings from Section [/Script/Engine.StreamingSettings] File [D:/Github Repositories/Unreal Engine 4/Unreal_Aragon_FPS/Aragon_FPS_Blueprint/Saved/Config/Windows/Engine.ini]
[2019.09.24-21.32.21:681][  0]LogConfig: Setting CVar [[s.MinBulkDataSizeForAsyncLoading:131072]]
[2019.09.24-21.32.21:681][  0]LogConfig: Setting CVar [[s.AsyncLoadingThreadEnabled:0]]
[2019.09.24-21.32.21:681][  0]LogConfig: Setting CVar [[s.EventDrivenLoaderEnabled:1]]
[2019.09.24-21.32.21:681][  0]LogConfig: Setting CVar [[s.WarnIfTimeLimitExceeded:0]]
[2019.09.24-21.32.21:681][  0]LogConfig: Setting CVar [[s.TimeLimitExceededMultiplier:1.5]]
[2019.09.24-21.32.21:681][  0]LogConfig: Setting CVar [[s.TimeLimitExceededMinTime:0.005]]
[2019.09.24-21.32.21:681][  0]LogConfig: Setting CVar [[s.UseBackgroundLevelStreaming:1]]
[2019.09.24-21.32.21:681][  0]LogConfig: Setting CVar [[s.PriorityAsyncLoadingExtraTime:15.0]]
[2019.09.24-21.32.21:681][  0]LogConfig: Setting CVar [[s.LevelStreamingActorsUpdateTimeLimit:5.0]]
[2019.09.24-21.32.21:681][  0]LogConfig: Setting CVar [[s.PriorityLevelStreamingActorsUpdateExtraTime:5.0]]
[2019.09.24-21.32.21:681][  0]LogConfig: Setting CVar [[s.LevelStreamingComponentsRegistrationGranularity:10]]
[2019.09.24-21.32.21:681][  0]LogConfig: Setting CVar [[s.UnregisterComponentsTimeLimit:1.0]]
[2019.09.24-21.32.21:681][  0]LogConfig: Setting CVar [[s.LevelStreamingComponentsUnregistrationGranularity:5]]
[2019.09.24-21.32.21:681][  0]LogConfig: Applying CVar settings from Section [/Script/Engine.GarbageCollectionSettings] File [D:/Github Repositories/Unreal Engine 4/Unreal_Aragon_FPS/Aragon_FPS_Blueprint/Saved/Config/Windows/Engine.ini]
[2019.09.24-21.32.21:681][  0]LogConfig: Setting CVar [[gc.MaxObjectsNotConsideredByGC:1]]
[2019.09.24-21.32.21:681][  0]LogConfig: Setting CVar [[gc.SizeOfPermanentObjectPool:0]]
[2019.09.24-21.32.21:681][  0]LogConfig: Setting CVar [[gc.FlushStreamingOnGC:0]]
[2019.09.24-21.32.21:681][  0]LogConfig: Setting CVar [[gc.NumRetriesBeforeForcingGC:10]]
[2019.09.24-21.32.21:681][  0]LogConfig: Setting CVar [[gc.AllowParallelGC:1]]
[2019.09.24-21.32.21:681][  0]LogConfig: Setting CVar [[gc.TimeBetweenPurgingPendingKillObjects:61.1]]
[2019.09.24-21.32.21:681][  0]LogConfig: Setting CVar [[gc.MaxObjectsInEditor:16777216]]
[2019.09.24-21.32.21:681][  0]LogConfig: Setting CVar [[gc.IncrementalBeginDestroyEnabled:1]]
[2019.09.24-21.32.21:681][  0]LogConfig: Setting CVar [[gc.CreateGCClusters:1]]
[2019.09.24-21.32.21:681][  0]LogConfig: Setting CVar [[gc.MinGCClusterSize:5]]
[2019.09.24-21.32.21:681][  0]LogConfig: Setting CVar [[gc.ActorClusteringEnabled:0]]
[2019.09.24-21.32.21:681][  0]LogConfig: Setting CVar [[gc.BlueprintClusteringEnabled:0]]
[2019.09.24-21.32.21:681][  0]LogConfig: Setting CVar [[gc.UseDisregardForGCOnDedicatedServers:0]]
[2019.09.24-21.32.21:681][  0]LogConfig: Applying CVar settings from Section [/Script/Engine.NetworkSettings] File [D:/Github Repositories/Unreal Engine 4/Unreal_Aragon_FPS/Aragon_FPS_Blueprint/Saved/Config/Windows/Engine.ini]
[2019.09.24-21.32.21:681][  0]LogConfig: Applying CVar settings from Section [/Script/UnrealEd.CookerSettings] File [D:/Github Repositories/Unreal Engine 4/Unreal_Aragon_FPS/Aragon_FPS_Blueprint/Saved/Config/Windows/Engine.ini]
[2019.09.24-21.32.21:683][  0]LogConfig: Applying CVar settings from Section [ViewDistanceQuality@3] File [D:/Github Repositories/Unreal Engine 4/Unreal_Aragon_FPS/Aragon_FPS_Blueprint/Saved/Config/Windows/Scalability.ini]
[2019.09.24-21.32.21:684][  0]LogConfig: Setting CVar [[r.SkeletalMeshLODBias:0]]
[2019.09.24-21.32.21:684][  0]LogConfig: Setting CVar [[r.ViewDistanceScale:1.0]]
[2019.09.24-21.32.21:684][  0]LogConfig: Applying CVar settings from Section [AntiAliasingQuality@3] File [D:/Github Repositories/Unreal Engine 4/Unreal_Aragon_FPS/Aragon_FPS_Blueprint/Saved/Config/Windows/Scalability.ini]
[2019.09.24-21.32.21:684][  0]LogConfig: Setting CVar [[r.PostProcessAAQuality:4]]
[2019.09.24-21.32.21:684][  0]LogConfig: Applying CVar settings from Section [ShadowQuality@3] File [D:/Github Repositories/Unreal Engine 4/Unreal_Aragon_FPS/Aragon_FPS_Blueprint/Saved/Config/Windows/Scalability.ini]
[2019.09.24-21.32.21:684][  0]LogConfig: Setting CVar [[r.LightFunctionQuality:1]]
[2019.09.24-21.32.21:684][  0]LogConfig: Setting CVar [[r.ShadowQuality:5]]
[2019.09.24-21.32.21:684][  0]LogConfig: Setting CVar [[r.Shadow.CSM.MaxCascades:10]]
[2019.09.24-21.32.21:684][  0]LogConfig: Setting CVar [[r.Shadow.MaxResolution:2048]]
[2019.09.24-21.32.21:684][  0]LogConfig: Setting CVar [[r.Shadow.MaxCSMResolution:2048]]
[2019.09.24-21.32.21:684][  0]LogConfig: Setting CVar [[r.Shadow.RadiusThreshold:0.01]]
[2019.09.24-21.32.21:684][  0]LogConfig: Setting CVar [[r.Shadow.DistanceScale:1.0]]
[2019.09.24-21.32.21:684][  0]LogConfig: Setting CVar [[r.Shadow.CSM.TransitionScale:1.0]]
[2019.09.24-21.32.21:684][  0]LogConfig: Setting CVar [[r.Shadow.PreShadowResolutionFactor:1.0]]
[2019.09.24-21.32.21:684][  0]LogConfig: Setting CVar [[r.DistanceFieldShadowing:1]]
[2019.09.24-21.32.21:684][  0]LogConfig: Setting CVar [[r.DistanceFieldAO:1]]
[2019.09.24-21.32.21:684][  0]LogConfig: Setting CVar [[r.AOQuality:2]]
[2019.09.24-21.32.21:684][  0]LogConfig: Setting CVar [[r.VolumetricFog:1]]
[2019.09.24-21.32.21:684][  0]LogConfig: Setting CVar [[r.VolumetricFog.GridPixelSize:8]]
[2019.09.24-21.32.21:684][  0]LogConfig: Setting CVar [[r.VolumetricFog.GridSizeZ:128]]
[2019.09.24-21.32.21:684][  0]LogConfig: Setting CVar [[r.VolumetricFog.HistoryMissSupersampleCount:4]]
[2019.09.24-21.32.21:684][  0]LogConfig: Setting CVar [[r.LightMaxDrawDistanceScale:1]]
[2019.09.24-21.32.21:684][  0]LogConfig: Setting CVar [[r.CapsuleShadows:1]]
[2019.09.24-21.32.21:684][  0]LogConfig: Applying CVar settings from Section [PostProcessQuality@3] File [D:/Github Repositories/Unreal Engine 4/Unreal_Aragon_FPS/Aragon_FPS_Blueprint/Saved/Config/Windows/Scalability.ini]
[2019.09.24-21.32.21:684][  0]LogConfig: Setting CVar [[r.MotionBlurQuality:4]]
[2019.09.24-21.32.21:684][  0]LogConfig: Setting CVar [[r.AmbientOcclusionMipLevelFactor:0.4]]
[2019.09.24-21.32.21:684][  0]LogConfig: Setting CVar [[r.AmbientOcclusionMaxQuality:100]]
[2019.09.24-21.32.21:684][  0]LogConfig: Setting CVar [[r.AmbientOcclusionLevels:-1]]
[2019.09.24-21.32.21:684][  0]LogConfig: Setting CVar [[r.AmbientOcclusionRadiusScale:1.0]]
[2019.09.24-21.32.21:684][  0]LogConfig: Setting CVar [[r.DepthOfFieldQuality:2]]
[2019.09.24-21.32.21:684][  0]LogConfig: Setting CVar [[r.RenderTargetPoolMin:400]]
[2019.09.24-21.32.21:684][  0]LogConfig: Setting CVar [[r.LensFlareQuality:2]]
[2019.09.24-21.32.21:684][  0]LogConfig: Setting CVar [[r.SceneColorFringeQuality:1]]
[2019.09.24-21.32.21:684][  0]LogConfig: Setting CVar [[r.EyeAdaptationQuality:2]]
[2019.09.24-21.32.21:684][  0]LogConfig: Setting CVar [[r.BloomQuality:5]]
[2019.09.24-21.32.21:684][  0]LogConfig: Setting CVar [[r.FastBlurThreshold:100]]
[2019.09.24-21.32.21:684][  0]LogConfig: Setting CVar [[r.Upscale.Quality:3]]
[2019.09.24-21.32.21:684][  0]LogConfig: Setting CVar [[r.Tonemapper.GrainQuantization:1]]
[2019.09.24-21.32.21:684][  0]LogConfig: Setting CVar [[r.LightShaftQuality:1]]
[2019.09.24-21.32.21:684][  0]LogConfig: Setting CVar [[r.Filter.SizeScale:1]]
[2019.09.24-21.32.21:684][  0]LogConfig: Setting CVar [[r.Tonemapper.Quality:5]]
[2019.09.24-21.32.21:684][  0]LogConfig: Setting CVar [[r.DOF.Gather.AccumulatorQuality:1        ; higher gathering accumulator quality]]
[2019.09.24-21.32.21:684][  0]LogConfig: Setting CVar [[r.DOF.Gather.PostfilterMethod:1          ; Median3x3 postfilering method]]
[2019.09.24-21.32.21:684][  0]LogConfig: Setting CVar [[r.DOF.Gather.EnableBokehSettings:0       ; no bokeh simulation when gathering]]
[2019.09.24-21.32.21:684][  0]LogConfig: Setting CVar [[r.DOF.Gather.RingCount:4                 ; medium number of samples when gathering]]
[2019.09.24-21.32.21:684][  0]LogConfig: Setting CVar [[r.DOF.Scatter.ForegroundCompositing:1    ; additive foreground scattering]]
[2019.09.24-21.32.21:684][  0]LogConfig: Setting CVar [[r.DOF.Scatter.BackgroundCompositing:2    ; additive background scattering]]
[2019.09.24-21.32.21:684][  0]LogConfig: Setting CVar [[r.DOF.Scatter.EnableBokehSettings:1      ; bokeh simulation when scattering]]
[2019.09.24-21.32.21:684][  0]LogConfig: Setting CVar [[r.DOF.Scatter.MaxSpriteRatio:0.1         ; only a maximum of 10% of scattered bokeh]]
[2019.09.24-21.32.21:684][  0]LogConfig: Setting CVar [[r.DOF.Recombine.Quality:1                ; cheap slight out of focus]]
[2019.09.24-21.32.21:684][  0]LogConfig: Setting CVar [[r.DOF.Recombine.EnableBokehSettings:0    ; no bokeh simulation on slight out of focus]]
[2019.09.24-21.32.21:684][  0]LogConfig: Setting CVar [[r.DOF.TemporalAAQuality:1                ; more stable temporal accumulation]]
[2019.09.24-21.32.21:684][  0]LogConfig: Setting CVar [[r.DOF.Kernel.MaxForegroundRadius:0.025]]
[2019.09.24-21.32.21:684][  0]LogConfig: Setting CVar [[r.DOF.Kernel.MaxBackgroundRadius:0.025]]
[2019.09.24-21.32.21:684][  0]LogConfig: Applying CVar settings from Section [TextureQuality@3] File [D:/Github Repositories/Unreal Engine 4/Unreal_Aragon_FPS/Aragon_FPS_Blueprint/Saved/Config/Windows/Scalability.ini]
[2019.09.24-21.32.21:684][  0]LogConfig: Setting CVar [[r.Streaming.MipBias:0]]
[2019.09.24-21.32.21:684][  0]LogConfig: Setting CVar [[r.Streaming.AmortizeCPUToGPUCopy:0]]
[2019.09.24-21.32.21:684][  0]LogConfig: Setting CVar [[r.Streaming.MaxNumTexturesToStreamPerFrame:0]]
[2019.09.24-21.32.21:684][  0]LogConfig: Setting CVar [[r.Streaming.Boost:1]]
[2019.09.24-21.32.21:684][  0]LogConfig: Setting CVar [[r.MaxAnisotropy:8]]
[2019.09.24-21.32.21:684][  0]LogConfig: Setting CVar [[r.Streaming.LimitPoolSizeToVRAM:0]]
[2019.09.24-21.32.21:684][  0]LogConfig: Setting CVar [[r.Streaming.PoolSize:1000]]
[2019.09.24-21.32.21:684][  0]LogConfig: Setting CVar [[r.Streaming.MaxEffectiveScreenSize:0]]
[2019.09.24-21.32.21:684][  0]LogConfig: Applying CVar settings from Section [EffectsQuality@3] File [D:/Github Repositories/Unreal Engine 4/Unreal_Aragon_FPS/Aragon_FPS_Blueprint/Saved/Config/Windows/Scalability.ini]
[2019.09.24-21.32.21:684][  0]LogConfig: Setting CVar [[r.TranslucencyLightingVolumeDim:64]]
[2019.09.24-21.32.21:684][  0]LogConfig: Setting CVar [[r.RefractionQuality:2]]
[2019.09.24-21.32.21:684][  0]LogConfig: Setting CVar [[r.SSR.Quality:3]]
[2019.09.24-21.32.21:684][  0]LogConfig: Setting CVar [[r.SceneColorFormat:4]]
[2019.09.24-21.32.21:684][  0]LogConfig: Setting CVar [[r.DetailMode:2]]
[2019.09.24-21.32.21:684][  0]LogConfig: Setting CVar [[r.TranslucencyVolumeBlur:1]]
[2019.09.24-21.32.21:684][  0]LogConfig: Setting CVar [[r.MaterialQualityLevel:1 ; High quality]]
[2019.09.24-21.32.21:684][  0]LogConfig: Setting CVar [[r.SSS.Scale:1]]
[2019.09.24-21.32.21:684][  0]LogConfig: Setting CVar [[r.SSS.SampleSet:2]]
[2019.09.24-21.32.21:684][  0]LogConfig: Setting CVar [[r.SSS.Quality:1]]
[2019.09.24-21.32.21:684][  0]LogConfig: Setting CVar [[r.SSS.HalfRes:1]]
[2019.09.24-21.32.21:684][  0]LogConfig: Setting CVar [[r.EmitterSpawnRateScale:1.0]]
[2019.09.24-21.32.21:684][  0]LogConfig: Setting CVar [[r.ParticleLightQuality:2]]
[2019.09.24-21.32.21:684][  0]LogConfig: Applying CVar settings from Section [FoliageQuality@3] File [D:/Github Repositories/Unreal Engine 4/Unreal_Aragon_FPS/Aragon_FPS_Blueprint/Saved/Config/Windows/Scalability.ini]
[2019.09.24-21.32.21:684][  0]LogConfig: Setting CVar [[foliage.DensityScale:1.0]]
[2019.09.24-21.32.21:684][  0]LogConfig: Setting CVar [[grass.DensityScale:1.0]]
[2019.09.24-21.32.21:684][  0]LogInit: Selected Device Profile: [Windows]
[2019.09.24-21.32.21:684][  0]LogInit: Applying CVar settings loaded from the selected device profile: [Windows]
[2019.09.24-21.32.21:686][  0]LogHAL: Display: Platform has ~ 16 GB [17018155008 / 17179869184 / 16], which maps to Larger [LargestMinGB=32, LargerMinGB=12, DefaultMinGB=8, SmallerMinGB=6, SmallestMinGB=0)
[2019.09.24-21.32.21:686][  0]LogInit: Going up to parent DeviceProfile []
[2019.09.24-21.32.21:686][  0]LogConfig: Applying CVar settings from Section [ViewDistanceQuality@3] File [D:/Github Repositories/Unreal Engine 4/Unreal_Aragon_FPS/Aragon_FPS_Blueprint/Saved/Config/Windows/Scalability.ini]
[2019.09.24-21.32.21:686][  0]LogConfig: Setting CVar [[r.SkeletalMeshLODBias:0]]
[2019.09.24-21.32.21:686][  0]LogConfig: Setting CVar [[r.ViewDistanceScale:1.0]]
[2019.09.24-21.32.21:686][  0]LogConfig: Applying CVar settings from Section [AntiAliasingQuality@3] File [D:/Github Repositories/Unreal Engine 4/Unreal_Aragon_FPS/Aragon_FPS_Blueprint/Saved/Config/Windows/Scalability.ini]
[2019.09.24-21.32.21:686][  0]LogConfig: Setting CVar [[r.PostProcessAAQuality:4]]
[2019.09.24-21.32.21:686][  0]LogConfig: Applying CVar settings from Section [ShadowQuality@3] File [D:/Github Repositories/Unreal Engine 4/Unreal_Aragon_FPS/Aragon_FPS_Blueprint/Saved/Config/Windows/Scalability.ini]
[2019.09.24-21.32.21:686][  0]LogConfig: Setting CVar [[r.LightFunctionQuality:1]]
[2019.09.24-21.32.21:686][  0]LogConfig: Setting CVar [[r.ShadowQuality:5]]
[2019.09.24-21.32.21:686][  0]LogConfig: Setting CVar [[r.Shadow.CSM.MaxCascades:10]]
[2019.09.24-21.32.21:686][  0]LogConfig: Setting CVar [[r.Shadow.MaxResolution:2048]]
[2019.09.24-21.32.21:686][  0]LogConfig: Setting CVar [[r.Shadow.MaxCSMResolution:2048]]
[2019.09.24-21.32.21:686][  0]LogConfig: Setting CVar [[r.Shadow.RadiusThreshold:0.01]]
[2019.09.24-21.32.21:687][  0]LogConfig: Setting CVar [[r.Shadow.DistanceScale:1.0]]
[2019.09.24-21.32.21:687][  0]LogConfig: Setting CVar [[r.Shadow.CSM.TransitionScale:1.0]]
[2019.09.24-21.32.21:687][  0]LogConfig: Setting CVar [[r.Shadow.PreShadowResolutionFactor:1.0]]
[2019.09.24-21.32.21:687][  0]LogConfig: Setting CVar [[r.DistanceFieldShadowing:1]]
[2019.09.24-21.32.21:687][  0]LogConfig: Setting CVar [[r.DistanceFieldAO:1]]
[2019.09.24-21.32.21:687][  0]LogConfig: Setting CVar [[r.AOQuality:2]]
[2019.09.24-21.32.21:687][  0]LogConfig: Setting CVar [[r.VolumetricFog:1]]
[2019.09.24-21.32.21:687][  0]LogConfig: Setting CVar [[r.VolumetricFog.GridPixelSize:8]]
[2019.09.24-21.32.21:687][  0]LogConfig: Setting CVar [[r.VolumetricFog.GridSizeZ:128]]
[2019.09.24-21.32.21:687][  0]LogConfig: Setting CVar [[r.VolumetricFog.HistoryMissSupersampleCount:4]]
[2019.09.24-21.32.21:687][  0]LogConfig: Setting CVar [[r.LightMaxDrawDistanceScale:1]]
[2019.09.24-21.32.21:687][  0]LogConfig: Setting CVar [[r.CapsuleShadows:1]]
[2019.09.24-21.32.21:687][  0]LogConfig: Applying CVar settings from Section [PostProcessQuality@3] File [D:/Github Repositories/Unreal Engine 4/Unreal_Aragon_FPS/Aragon_FPS_Blueprint/Saved/Config/Windows/Scalability.ini]
[2019.09.24-21.32.21:687][  0]LogConfig: Setting CVar [[r.MotionBlurQuality:4]]
[2019.09.24-21.32.21:687][  0]LogConfig: Setting CVar [[r.AmbientOcclusionMipLevelFactor:0.4]]
[2019.09.24-21.32.21:687][  0]LogConfig: Setting CVar [[r.AmbientOcclusionMaxQuality:100]]
[2019.09.24-21.32.21:687][  0]LogConfig: Setting CVar [[r.AmbientOcclusionLevels:-1]]
[2019.09.24-21.32.21:687][  0]LogConfig: Setting CVar [[r.AmbientOcclusionRadiusScale:1.0]]
[2019.09.24-21.32.21:687][  0]LogConfig: Setting CVar [[r.DepthOfFieldQuality:2]]
[2019.09.24-21.32.21:687][  0]LogConfig: Setting CVar [[r.RenderTargetPoolMin:400]]
[2019.09.24-21.32.21:687][  0]LogConfig: Setting CVar [[r.LensFlareQuality:2]]
[2019.09.24-21.32.21:687][  0]LogConfig: Setting CVar [[r.SceneColorFringeQuality:1]]
[2019.09.24-21.32.21:687][  0]LogConfig: Setting CVar [[r.EyeAdaptationQuality:2]]
[2019.09.24-21.32.21:687][  0]LogConfig: Setting CVar [[r.BloomQuality:5]]
[2019.09.24-21.32.21:687][  0]LogConfig: Setting CVar [[r.FastBlurThreshold:100]]
[2019.09.24-21.32.21:687][  0]LogConfig: Setting CVar [[r.Upscale.Quality:3]]
[2019.09.24-21.32.21:687][  0]LogConfig: Setting CVar [[r.Tonemapper.GrainQuantization:1]]
[2019.09.24-21.32.21:687][  0]LogConfig: Setting CVar [[r.LightShaftQuality:1]]
[2019.09.24-21.32.21:687][  0]LogConfig: Setting CVar [[r.Filter.SizeScale:1]]
[2019.09.24-21.32.21:687][  0]LogConfig: Setting CVar [[r.Tonemapper.Quality:5]]
[2019.09.24-21.32.21:687][  0]LogConfig: Setting CVar [[r.DOF.Gather.AccumulatorQuality:1        ; higher gathering accumulator quality]]
[2019.09.24-21.32.21:687][  0]LogConfig: Setting CVar [[r.DOF.Gather.PostfilterMethod:1          ; Median3x3 postfilering method]]
[2019.09.24-21.32.21:687][  0]LogConfig: Setting CVar [[r.DOF.Gather.EnableBokehSettings:0       ; no bokeh simulation when gathering]]
[2019.09.24-21.32.21:687][  0]LogConfig: Setting CVar [[r.DOF.Gather.RingCount:4                 ; medium number of samples when gathering]]
[2019.09.24-21.32.21:687][  0]LogConfig: Setting CVar [[r.DOF.Scatter.ForegroundCompositing:1    ; additive foreground scattering]]
[2019.09.24-21.32.21:687][  0]LogConfig: Setting CVar [[r.DOF.Scatter.BackgroundCompositing:2    ; additive background scattering]]
[2019.09.24-21.32.21:687][  0]LogConfig: Setting CVar [[r.DOF.Scatter.EnableBokehSettings:1      ; bokeh simulation when scattering]]
[2019.09.24-21.32.21:687][  0]LogConfig: Setting CVar [[r.DOF.Scatter.MaxSpriteRatio:0.1         ; only a maximum of 10% of scattered bokeh]]
[2019.09.24-21.32.21:687][  0]LogConfig: Setting CVar [[r.DOF.Recombine.Quality:1                ; cheap slight out of focus]]
[2019.09.24-21.32.21:687][  0]LogConfig: Setting CVar [[r.DOF.Recombine.EnableBokehSettings:0    ; no bokeh simulation on slight out of focus]]
[2019.09.24-21.32.21:687][  0]LogConfig: Setting CVar [[r.DOF.TemporalAAQuality:1                ; more stable temporal accumulation]]
[2019.09.24-21.32.21:687][  0]LogConfig: Setting CVar [[r.DOF.Kernel.MaxForegroundRadius:0.025]]
[2019.09.24-21.32.21:687][  0]LogConfig: Setting CVar [[r.DOF.Kernel.MaxBackgroundRadius:0.025]]
[2019.09.24-21.32.21:687][  0]LogConfig: Applying CVar settings from Section [TextureQuality@3] File [D:/Github Repositories/Unreal Engine 4/Unreal_Aragon_FPS/Aragon_FPS_Blueprint/Saved/Config/Windows/Scalability.ini]
[2019.09.24-21.32.21:687][  0]LogConfig: Setting CVar [[r.Streaming.MipBias:0]]
[2019.09.24-21.32.21:687][  0]LogConfig: Setting CVar [[r.Streaming.AmortizeCPUToGPUCopy:0]]
[2019.09.24-21.32.21:687][  0]LogConfig: Setting CVar [[r.Streaming.MaxNumTexturesToStreamPerFrame:0]]
[2019.09.24-21.32.21:687][  0]LogConfig: Setting CVar [[r.Streaming.Boost:1]]
[2019.09.24-21.32.21:687][  0]LogConfig: Setting CVar [[r.MaxAnisotropy:8]]
[2019.09.24-21.32.21:687][  0]LogConfig: Setting CVar [[r.Streaming.LimitPoolSizeToVRAM:0]]
[2019.09.24-21.32.21:687][  0]LogConfig: Setting CVar [[r.Streaming.PoolSize:1000]]
[2019.09.24-21.32.21:687][  0]LogConfig: Setting CVar [[r.Streaming.MaxEffectiveScreenSize:0]]
[2019.09.24-21.32.21:687][  0]LogConfig: Applying CVar settings from Section [EffectsQuality@3] File [D:/Github Repositories/Unreal Engine 4/Unreal_Aragon_FPS/Aragon_FPS_Blueprint/Saved/Config/Windows/Scalability.ini]
[2019.09.24-21.32.21:687][  0]LogConfig: Setting CVar [[r.TranslucencyLightingVolumeDim:64]]
[2019.09.24-21.32.21:687][  0]LogConfig: Setting CVar [[r.RefractionQuality:2]]
[2019.09.24-21.32.21:687][  0]LogConfig: Setting CVar [[r.SSR.Quality:3]]
[2019.09.24-21.32.21:687][  0]LogConfig: Setting CVar [[r.SceneColorFormat:4]]
[2019.09.24-21.32.21:687][  0]LogConfig: Setting CVar [[r.DetailMode:2]]
[2019.09.24-21.32.21:687][  0]LogConfig: Setting CVar [[r.TranslucencyVolumeBlur:1]]
[2019.09.24-21.32.21:687][  0]LogConfig: Setting CVar [[r.MaterialQualityLevel:1 ; High quality]]
[2019.09.24-21.32.21:687][  0]LogConfig: Setting CVar [[r.SSS.Scale:1]]
[2019.09.24-21.32.21:687][  0]LogConfig: Setting CVar [[r.SSS.SampleSet:2]]
[2019.09.24-21.32.21:687][  0]LogConfig: Setting CVar [[r.SSS.Quality:1]]
[2019.09.24-21.32.21:687][  0]LogConfig: Setting CVar [[r.SSS.HalfRes:1]]
[2019.09.24-21.32.21:687][  0]LogConfig: Setting CVar [[r.EmitterSpawnRateScale:1.0]]
[2019.09.24-21.32.21:687][  0]LogConfig: Setting CVar [[r.ParticleLightQuality:2]]
[2019.09.24-21.32.21:687][  0]LogConfig: Applying CVar settings from Section [FoliageQuality@3] File [D:/Github Repositories/Unreal Engine 4/Unreal_Aragon_FPS/Aragon_FPS_Blueprint/Saved/Config/Windows/Scalability.ini]
[2019.09.24-21.32.21:687][  0]LogConfig: Setting CVar [[foliage.DensityScale:1.0]]
[2019.09.24-21.32.21:687][  0]LogConfig: Setting CVar [[grass.DensityScale:1.0]]
[2019.09.24-21.32.21:687][  0]LogConfig: Applying CVar settings from Section [Startup] File [../../../Engine/Config/ConsoleVariables.ini]
[2019.09.24-21.32.21:687][  0]LogConfig: Setting CVar [[net.UseAdaptiveNetUpdateFrequency:0]]
[2019.09.24-21.32.21:687][  0]LogConfig: Setting CVar [[p.chaos.AllowCreatePhysxBodies:1]]
[2019.09.24-21.32.21:687][  0]LogConfig: Applying CVar settings from Section [ConsoleVariables] File [D:/Github Repositories/Unreal Engine 4/Unreal_Aragon_FPS/Aragon_FPS_Blueprint/Saved/Config/Windows/Engine.ini]
[2019.09.24-21.32.21:688][  0]LogInit: Computer: MSI
[2019.09.24-21.32.21:688][  0]LogInit: User: zephy
[2019.09.24-21.32.21:688][  0]LogInit: CPU Page size=4096, Cores=6
[2019.09.24-21.32.21:688][  0]LogInit: High frequency timer resolution =2.156251 MHz
[2019.09.24-21.32.21:688][  0]LogMemory: Memory total: Physical=15.8GB (16GB approx)
[2019.09.24-21.32.21:688][  0]LogMemory: Platform Memory Stats for Windows
[2019.09.24-21.32.21:688][  0]LogMemory: Process Physical Memory: 102.15 MB used, 102.15 MB peak
[2019.09.24-21.32.21:688][  0]LogMemory: Process Virtual Memory: 100.17 MB used, 100.17 MB peak
[2019.09.24-21.32.21:688][  0]LogMemory: Physical Memory: 6901.09 MB used,  9328.69 MB free, 16229.78 MB total
[2019.09.24-21.32.21:688][  0]LogMemory: Virtual Memory: 4701.48 MB used,  134213024.00 MB free, 134217728.00 MB total
[2019.09.24-21.32.21:922][  0]LogWindows: WindowsPlatformFeatures enabled
[2019.09.24-21.32.21:949][  0]LogInit: Using OS detected language (en-US).
[2019.09.24-21.32.21:949][  0]LogInit: Using OS detected locale (en-US).
[2019.09.24-21.32.21:950][  0]LogTextLocalizationManager: No specific localization for 'en-US' exists, so the 'en' localization will be used.
[2019.09.24-21.32.22:093][  0]LogInit: Setting process to per monitor DPI aware
[2019.09.24-21.32.22:127][  0]LogSlate: New Slate User Created.  User Index 0, Is Virtual User: 0
[2019.09.24-21.32.22:127][  0]LogSlate: Slate User Registered.  User Index 0, Is Virtual User: 0
[2019.09.24-21.32.22:273][  0]LogHMD: Failed to initialize OpenVR with code 110
[2019.09.24-21.32.22:273][  0]LogD3D11RHI: D3D11 adapters:
[2019.09.24-21.32.22:327][  0]LogD3D11RHI:    0. 'NVIDIA GeForce GTX 1070' (Feature Level 11_0)
[2019.09.24-21.32.22:327][  0]LogD3D11RHI:       8081/0/8114 MB DedicatedVideo/DedicatedSystem/SharedSystem, Outputs:1, VendorId:0x10de
[2019.09.24-21.32.22:341][  0]LogD3D11RHI:    1. 'Intel(R) UHD Graphics 630' (Feature Level 11_0)
[2019.09.24-21.32.22:341][  0]LogD3D11RHI:       128/0/8114 MB DedicatedVideo/DedicatedSystem/SharedSystem, Outputs:0, VendorId:0x8086
[2019.09.24-21.32.22:343][  0]LogD3D11RHI:    2. 'Microsoft Basic Render Driver' (Feature Level 11_0)
[2019.09.24-21.32.22:343][  0]LogD3D11RHI:       0/0/8114 MB DedicatedVideo/DedicatedSystem/SharedSystem, Outputs:0, VendorId:0x1414
[2019.09.24-21.32.22:343][  0]LogD3D11RHI: Chosen D3D11 Adapter: 0
[2019.09.24-21.32.22:372][  0]LogD3D11RHI: Creating new Direct3DDevice
[2019.09.24-21.32.22:372][  0]LogD3D11RHI:     GPU DeviceId: 0x1ba1 (for the marketing name, search the web for "GPU Device Id")
[2019.09.24-21.32.22:372][  0]LogWindows: EnumDisplayDevices:
[2019.09.24-21.32.22:372][  0]LogWindows:    0. 'Intel(R) UHD Graphics 630' (P:1 D:1)
[2019.09.24-21.32.22:372][  0]LogWindows:    1. 'Intel(R) UHD Graphics 630' (P:0 D:0)
[2019.09.24-21.32.22:372][  0]LogWindows:    2. 'Intel(R) UHD Graphics 630' (P:0 D:0)
[2019.09.24-21.32.22:372][  0]LogWindows:    3. 'NVIDIA GeForce GTX 1070' (P:0 D:0)
[2019.09.24-21.32.22:373][  0]LogWindows:    4. 'NVIDIA GeForce GTX 1070' (P:0 D:0)
[2019.09.24-21.32.22:373][  0]LogWindows:    5. 'NVIDIA GeForce GTX 1070' (P:0 D:0)
[2019.09.24-21.32.22:373][  0]LogWindows:    6. 'NVIDIA GeForce GTX 1070' (P:0 D:0)
[2019.09.24-21.32.22:373][  0]LogWindows: DebugString: PrimaryIsNotTheChoosenAdapter PrimaryIsNotTheChoosenAdapter PrimaryIsNotTheChoosenAdapter FoundDriverCount:4 
[2019.09.24-21.32.22:373][  0]LogD3D11RHI:     Adapter Name: NVIDIA GeForce GTX 1070
[2019.09.24-21.32.22:373][  0]LogD3D11RHI:   Driver Version: 436.30 (internal:26.21.14.3630, unified:436.30)
[2019.09.24-21.32.22:373][  0]LogD3D11RHI:      Driver Date: 9-5-2019
[2019.09.24-21.32.22:373][  0]LogRHI: Texture pool is 5656 MB (70% of 8081 MB)
[2019.09.24-21.32.22:410][  0]LogD3D11RHI: Async texture creation enabled
[2019.09.24-21.32.22:424][  0]LogD3D11RHI: GPU Timing Frequency: 1000.000000 (Debug: 2 1)
[2019.09.24-21.32.22:675][  0]LogTemp: Display: Module 'AllDesktopTargetPlatform' loaded TargetPlatform 'AllDesktop'
[2019.09.24-21.32.22:681][  0]LogTemp: Display: Module 'MacClientTargetPlatform' loaded TargetPlatform 'MacClient'
[2019.09.24-21.32.22:688][  0]LogTemp: Display: Module 'MacNoEditorTargetPlatform' loaded TargetPlatform 'MacNoEditor'
[2019.09.24-21.32.22:695][  0]LogTemp: Display: Module 'MacServerTargetPlatform' loaded TargetPlatform 'MacServer'
[2019.09.24-21.32.22:701][  0]LogTemp: Display: Module 'MacTargetPlatform' loaded TargetPlatform 'Mac'
[2019.09.24-21.32.22:708][  0]LogTemp: Display: Module 'WindowsClientTargetPlatform' loaded TargetPlatform 'WindowsClient'
[2019.09.24-21.32.22:714][  0]LogTemp: Display: Module 'WindowsNoEditorTargetPlatform' loaded TargetPlatform 'WindowsNoEditor'
[2019.09.24-21.32.22:720][  0]LogTemp: Display: Module 'WindowsServerTargetPlatform' loaded TargetPlatform 'WindowsServer'
[2019.09.24-21.32.22:723][  0]LogTemp: Display: Module 'WindowsTargetPlatform' loaded TargetPlatform 'Windows'
[2019.09.24-21.32.22:750][  0]LogTemp: Display: Module 'AndroidTargetPlatform' loaded TargetPlatform 'Android'
[2019.09.24-21.32.22:750][  0]LogTemp: Display: Module 'AndroidTargetPlatform' loaded TargetPlatform 'Android_ASTC'
[2019.09.24-21.32.22:750][  0]LogTemp: Display: Module 'AndroidTargetPlatform' loaded TargetPlatform 'Android_ATC'
[2019.09.24-21.32.22:750][  0]LogTemp: Display: Module 'AndroidTargetPlatform' loaded TargetPlatform 'Android_DXT'
[2019.09.24-21.32.22:750][  0]LogTemp: Display: Module 'AndroidTargetPlatform' loaded TargetPlatform 'Android_ETC1'
[2019.09.24-21.32.22:750][  0]LogTemp: Display: Module 'AndroidTargetPlatform' loaded TargetPlatform 'Android_ETC1a'
[2019.09.24-21.32.22:750][  0]LogTemp: Display: Module 'AndroidTargetPlatform' loaded TargetPlatform 'Android_ETC2'
[2019.09.24-21.32.22:750][  0]LogTemp: Display: Module 'AndroidTargetPlatform' loaded TargetPlatform 'Android_PVRTC'
[2019.09.24-21.32.22:750][  0]LogTemp: Display: Module 'AndroidTargetPlatform' loaded TargetPlatform 'AndroidClient'
[2019.09.24-21.32.22:750][  0]LogTemp: Display: Module 'AndroidTargetPlatform' loaded TargetPlatform 'Android_ASTCClient'
[2019.09.24-21.32.22:750][  0]LogTemp: Display: Module 'AndroidTargetPlatform' loaded TargetPlatform 'Android_ATCClient'
[2019.09.24-21.32.22:750][  0]LogTemp: Display: Module 'AndroidTargetPlatform' loaded TargetPlatform 'Android_DXTClient'
[2019.09.24-21.32.22:750][  0]LogTemp: Display: Module 'AndroidTargetPlatform' loaded TargetPlatform 'Android_ETC1Client'
[2019.09.24-21.32.22:750][  0]LogTemp: Display: Module 'AndroidTargetPlatform' loaded TargetPlatform 'Android_ETC1aClient'
[2019.09.24-21.32.22:750][  0]LogTemp: Display: Module 'AndroidTargetPlatform' loaded TargetPlatform 'Android_ETC2Client'
[2019.09.24-21.32.22:750][  0]LogTemp: Display: Module 'AndroidTargetPlatform' loaded TargetPlatform 'Android_PVRTCClient'
[2019.09.24-21.32.22:750][  0]LogTemp: Display: Module 'AndroidTargetPlatform' loaded TargetPlatform 'Android_Multi'
[2019.09.24-21.32.22:750][  0]LogTemp: Display: Module 'AndroidTargetPlatform' loaded TargetPlatform 'Android_MultiClient'
[2019.09.24-21.32.22:751][  0]LogTemp: Display: Module 'HTML5TargetPlatform' loaded TargetPlatform 'HTML5'
[2019.09.24-21.32.22:765][  0]LogTemp: Display: Module 'IOSTargetPlatform' loaded TargetPlatform 'IOSClient'
[2019.09.24-21.32.22:765][  0]LogTemp: Display: Module 'IOSTargetPlatform' loaded TargetPlatform 'IOS'
[2019.09.24-21.32.22:776][  0]LogTemp: Display: Module 'TVOSTargetPlatform' loaded TargetPlatform 'TVOSClient'
[2019.09.24-21.32.22:776][  0]LogTemp: Display: Module 'TVOSTargetPlatform' loaded TargetPlatform 'TVOS'
[2019.09.24-21.32.22:781][  0]LogTemp: Display: Module 'LinuxClientTargetPlatform' loaded TargetPlatform 'LinuxClient'
[2019.09.24-21.32.22:787][  0]LogTemp: Display: Module 'LinuxNoEditorTargetPlatform' loaded TargetPlatform 'LinuxNoEditor'
[2019.09.24-21.32.22:793][  0]LogTemp: Display: Module 'LinuxServerTargetPlatform' loaded TargetPlatform 'LinuxServer'
[2019.09.24-21.32.22:799][  0]LogTemp: Display: Module 'LinuxTargetPlatform' loaded TargetPlatform 'Linux'
[2019.09.24-21.32.22:817][  0]LogTemp: Display: Module 'LuminTargetPlatform' loaded TargetPlatform 'Lumin'
[2019.09.24-21.32.22:817][  0]LogTemp: Display: Module 'LuminTargetPlatform' loaded TargetPlatform 'LuminClient'
[2019.09.24-21.32.22:818][  0]LogTargetPlatformManager: Display: Building Assets For Windows
[2019.09.24-21.32.22:824][  0]LogAudioDebug: Display: Lib vorbis DLL was dynamically loaded.
[2019.09.24-21.32.22:859][  0]LogShaderCompilers: Guid format shader working directory is -47 characters bigger than the processId version (../../../../../../Github Repositories/Unreal Engine 4/Unreal_Aragon_FPS/Aragon_FPS_Blueprint/Intermediate/Shaders/WorkingDirectory/31648/).
[2019.09.24-21.32.22:859][  0]LogShaderCompilers: Cleaned the shader compiler working directory 'C:/Users/zephy/AppData/Local/Temp/UnrealShaderWorkingDir/2A93C9DF4A7EF14939C2AC891D448FCF/'.
[2019.09.24-21.32.22:861][  0]LogXGEController: Cleaning working directory: C:/Users/zephy/AppData/Local/Temp/UnrealXGEWorkingDir/
[2019.09.24-21.32.22:861][  0]LogXGEController: Cannot use XGE Controller as Incredibuild is not installed on this machine.
[2019.09.24-21.32.22:861][  0]LogShaderCompilers: Cannot use XGE Shader Compiler as Incredibuild is not installed on this machine.
[2019.09.24-21.32.22:861][  0]LogShaderCompilers: Display: Using Local Shader Compiler.
[2019.09.24-21.32.23:377][  0]LogDerivedDataCache: Display: Max Cache Size: 512 MB
[2019.09.24-21.32.23:428][  0]LogDerivedDataCache: Loaded boot cache 0.05s 73MB C:/Users/zephy/AppData/Local/UnrealEngine/4.23/DerivedDataCache/Boot.ddc.
[2019.09.24-21.32.23:428][  0]LogDerivedDataCache: Display: Loaded Boot cache: C:/Users/zephy/AppData/Local/UnrealEngine/4.23/DerivedDataCache/Boot.ddc
[2019.09.24-21.32.23:428][  0]LogDerivedDataCache: FDerivedDataBackendGraph:  Pak pak cache file ../../../../../../Github Repositories/Unreal Engine 4/Unreal_Aragon_FPS/Aragon_FPS_Blueprint/DerivedDataCache/DDC.ddp not found, will not use a pak cache.
[2019.09.24-21.32.23:428][  0]LogDerivedDataCache: Unable to find inner node Pak for hierarchical cache Hierarchy.
[2019.09.24-21.32.23:428][  0]LogDerivedDataCache: FDerivedDataBackendGraph:  CompressedPak pak cache file ../../../../../../Github Repositories/Unreal Engine 4/Unreal_Aragon_FPS/Aragon_FPS_Blueprint/DerivedDataCache/Compressed.ddp not found, will not use a pak cache.
[2019.09.24-21.32.23:428][  0]LogDerivedDataCache: Unable to find inner node CompressedPak for hierarchical cache Hierarchy.
[2019.09.24-21.32.23:438][  0]LogDerivedDataCache: Display: Pak cache opened for reading ../../../Engine/DerivedDataCache/Compressed.ddp.
[2019.09.24-21.32.23:438][  0]LogDerivedDataCache: FDerivedDataBackendGraph:  EnterprisePak pak cache file ../../../Enterprise/DerivedDataCache/Compressed.ddp not found, will not use a pak cache.
[2019.09.24-21.32.23:438][  0]LogDerivedDataCache: Unable to find inner node EnterprisePak for hierarchical cache Hierarchy.
[2019.09.24-21.32.23:439][  0]LogDerivedDataCache: Using Local data cache path C:/Users/zephy/AppData/Local/UnrealEngine/Common/DerivedDataCache: Writable
[2019.09.24-21.32.23:439][  0]LogDerivedDataCache: Shared data cache path not found in *engine.ini, will not use an Shared cache.
[2019.09.24-21.32.23:439][  0]LogDerivedDataCache: Unable to find inner node Shared for hierarchical cache Hierarchy.
[2019.09.24-21.32.23:457][  0]LogMaterial: Verifying Global Shaders for PCD3D_SM5
[2019.09.24-21.32.23:459][  0]LogSlate: Using FreeType 2.6.0
[2019.09.24-21.32.23:460][  0]LogSlate: SlateFontServices - WITH_FREETYPE: 1, WITH_HARFBUZZ: 1
[2019.09.24-21.32.23:506][  0]LogAssetRegistry: FAssetRegistry took 0.0020 seconds to start up
[2019.09.24-21.32.23:721][  0]LogInit: Selected Device Profile: [Windows]
[2019.09.24-21.32.23:841][  0]LogMeshReduction: Using QuadricMeshReduction for automatic static mesh reduction
[2019.09.24-21.32.23:841][  0]LogMeshReduction: Using SimplygonMeshReduction for automatic skeletal mesh reduction
[2019.09.24-21.32.23:841][  0]LogMeshReduction: Using ProxyLODMeshReduction for automatic mesh merging
[2019.09.24-21.32.23:841][  0]LogMeshReduction: No distributed automatic mesh merging module available
[2019.09.24-21.32.23:841][  0]LogMeshMerging: No distributed automatic mesh merging module available
[2019.09.24-21.32.23:850][  0]LogNetVersion: Aragon_FPS_Blueprint 1.0.0, NetCL: 8386587, EngineNetVer: 11, GameNetVer: 0 (Checksum: 271842463)
[2019.09.24-21.32.24:188][  0]LogPackageLocalizationCache: Processed 12 localized package path(s) for 1 prioritized culture(s) in 0.034860 seconds
[2019.09.24-21.32.24:196][  0]LogUObjectArray: 43444 objects as part of root set at end of initial load.
[2019.09.24-21.32.24:196][  0]LogUObjectAllocator: 7548648 out of 0 bytes used by permanent object pool.
[2019.09.24-21.32.24:196][  0]LogUObjectArray: CloseDisregardForGC: 0/0 objects in disregard for GC pool
[2019.09.24-21.32.24:875][  0]LogTcpMessaging: Initializing TcpMessaging bridge
[2019.09.24-21.32.24:877][  0]LogUdpMessaging: Initializing bridge on interface 0.0.0.0:0 to multicast group 230.0.0.1:6666.
[2019.09.24-21.32.24:931][  0]SourceControl: Source control is disabled
[2019.09.24-21.32.24:931][  0]SourceControl: Source control is disabled
[2019.09.24-21.32.24:932][  0]SourceControl: Source control is disabled
[2019.09.24-21.32.24:933][  0]SourceControl: Source control is disabled
[2019.09.24-21.32.25:003][  0]LogAndroidPermission: UAndroidPermissionCallbackProxy::GetInstance
[2019.09.24-21.32.25:341][  0]LogOcInput: OculusInput pre-init called
[2019.09.24-21.32.25:346][  0]LogWindows: Failed to load 'OVRPlugin.dll' (GetLastError=126)
[2019.09.24-21.32.25:346][  0]LogWindows: File 'OVRPlugin.dll' does not exist
[2019.09.24-21.32.25:401][  0]LogEngine: Initializing Engine...
[2019.09.24-21.32.25:402][  0]LogHMD: Failed to initialize OpenVR with code 110
[2019.09.24-21.32.25:403][  0]LogStats: UGameplayTagsManager::InitializeManager -  0.000 s
[2019.09.24-21.32.25:590][  0]LogInit: Initializing FReadOnlyCVARCache
[2019.09.24-21.32.25:600][  0]LogAIModule: Creating AISystem for world Untitled
[2019.09.24-21.32.25:620][  0]LogInit: XAudio2 using 'Speakers (Realtek(R) Audio)' : 6 channels at 48 kHz using 32 bits per sample (channel mask 0x3f)
[2019.09.24-21.32.25:817][  0]LogInit: FAudioDevice initialized.
[2019.09.24-21.32.25:818][  0]LogNetVersion: Set ProjectVersion to 1.0.0.0. Version Checksum will be recalculated on next use.
[2019.09.24-21.32.25:935][  0]LogDerivedDataCache: Saved boot cache 0.12s 73MB C:/Users/zephy/AppData/Local/UnrealEngine/4.23/DerivedDataCache/Boot.ddc.
[2019.09.24-21.32.25:942][  0]LogInit: Texture streaming: Enabled
[2019.09.24-21.32.25:958][  0]LogEngineSessionManager: EngineSessionManager initialized
[2019.09.24-21.32.25:958][  0]LogEngineSessionManager: EngineSessionManager sent abnormal shutdown report. Type=Crashed, SessionId={70F4639A-4499-5245-FD70-39AD50EADCC7}
[2019.09.24-21.32.26:009][  0]LogInit: Transaction tracking system initialized
[2019.09.24-21.32.26:028][  0]BlueprintLog: New page: Editor Load
[2019.09.24-21.32.26:076][  0]LocalizationService: Localization service is disabled
[2019.09.24-21.32.26:252][  0]LogFileCache: Scanning file cache for directory 'D:/Github Repositories/Unreal Engine 4/Unreal_Aragon_FPS/Aragon_FPS_Blueprint/Content/' took 0.00s
[2019.09.24-21.32.26:252][  0]LogCook: Display: Max memory allowance for cook 16384mb min free memory 0mb
[2019.09.24-21.32.26:252][  0]LogCook: Display: Mobile HDR setting 1
[2019.09.24-21.32.26:386][  0]SourceControl: Source control is disabled
[2019.09.24-21.32.26:386][  0]LightingResults: New page: Lighting Build
[2019.09.24-21.32.26:387][  0]LogWorld: UWorld::CleanupWorld for Untitled, bSessionEnded=true, bCleanupResources=true
[2019.09.24-21.32.26:387][  0]MapCheck: New page: Map Check
[2019.09.24-21.32.26:387][  0]LightingResults: New page: Lighting Build
[2019.09.24-21.32.26:419][  0]LogUObjectHash: Compacting FUObjectHashTables data took   1.34ms
[2019.09.24-21.32.26:657][  0]LogBlueprint: Warning: [Compiler Ue4ASP_Character] InputAction Event references unknown Action 'Crouch' for  InputAction Crouch
[2019.09.24-21.32.26:993][  0]LogAIModule: Creating AISystem for world FirstPersonExampleMap
[2019.09.24-21.32.27:018][  0]LogEditorServer: Finished looking for orphan Actors (0.000 secs)
[2019.09.24-21.32.27:051][  0]LogUObjectHash: Compacting FUObjectHashTables data took   2.20ms
[2019.09.24-21.32.27:051][  0]Cmd: MAP CHECKDEP NOCLEARLOG
[2019.09.24-21.32.27:051][  0]MapCheck: Map check complete: 0 Error(s), 0 Warning(s), took 0.095ms to complete.
[2019.09.24-21.32.27:051][  0]LogFileHelpers: Loading map 'FirstPersonExampleMap' took 0.666
[2019.09.24-21.32.27:173][  0]LogSlate: Updating window title bar state: overlay mode, drag disabled, window buttons hidden, title bar hidden
[2019.09.24-21.32.27:180][  0]LogSlate: Updating window title bar state: overlay mode, drag disabled, window buttons hidden, title bar hidden
[2019.09.24-21.32.27:185][  0]LogSlate: Updating window title bar state: overlay mode, drag disabled, window buttons hidden, title bar hidden
[2019.09.24-21.32.27:191][  0]LogSlate: Updating window title bar state: overlay mode, drag disabled, window buttons hidden, title bar hidden
[2019.09.24-21.32.27:195][  0]LogCollectionManager: Loaded 0 collections in 0.000881 seconds
[2019.09.24-21.32.27:199][  0]LogFileCache: Scanning file cache for directory 'D:/Github Repositories/Unreal Engine 4/Unreal_Aragon_FPS/Aragon_FPS_Blueprint/Saved/Collections/' took 0.00s
[2019.09.24-21.32.27:199][  0]LogFileCache: Scanning file cache for directory 'D:/Github Repositories/Unreal Engine 4/Unreal_Aragon_FPS/Aragon_FPS_Blueprint/Content/Developers/zephy/Collections/' took 0.00s
[2019.09.24-21.32.27:199][  0]LogFileCache: Scanning file cache for directory 'D:/Github Repositories/Unreal Engine 4/Unreal_Aragon_FPS/Aragon_FPS_Blueprint/Content/Collections/' took 0.00s
[2019.09.24-21.32.27:199][  0]LogCollectionManager: Rebuilt the GUID cache for 0 collections in 0.000001 seconds
[2019.09.24-21.32.27:206][  0]LogContentBrowser: Native class hierarchy populated in 0.0067 seconds. Added 2873 classes and 687 folders.
[2019.09.24-21.32.27:212][  0]LogContentBrowser: Native class hierarchy updated for 'WidgetCarousel' in 0.0002 seconds. Added 0 classes and 0 folders.
[2019.09.24-21.32.27:245][  0]LogContentBrowser: Native class hierarchy updated for 'AddContentDialog' in 0.0002 seconds. Added 0 classes and 0 folders.
[2019.09.24-21.32.27:254][  0]LogSlate: Took 0.000137 seconds to synchronously load lazily loaded font '../../../Engine/Content/Slate/Fonts/Roboto-Regular.ttf' (155K)
[2019.09.24-21.32.27:258][  0]LogSlate: Took 0.000122 seconds to synchronously load lazily loaded font '../../../Engine/Content/Slate/Fonts/Roboto-Bold.ttf' (160K)
[2019.09.24-21.32.27:260][  0]LogSlate: Took 0.000180 seconds to synchronously load lazily loaded font '../../../Engine/Content/Editor/Slate/Fonts/FontAwesome.ttf' (139K)
[2019.09.24-21.32.27:313][  0]LogRenderer: Reallocating scene render targets to support 1184x644 Format 10 NumSamples 1 (Frame:1).
[2019.09.24-21.32.27:424][  0]LogContentBrowser: Native class hierarchy updated for 'HierarchicalLODOutliner' in 0.0002 seconds. Added 0 classes and 0 folders.
[2019.09.24-21.32.27:424][  0]LogLoad: (Engine Initialization) Total time: 6.71 seconds
[2019.09.24-21.32.27:424][  0]LogLoad: (Engine Initialization) Total Blueprint compile time: 0.00 seconds
[2019.09.24-21.32.27:442][  0]LogWindowsTextInputMethodSystem: Display: IME system now deactivated.
[2019.09.24-21.32.27:474][  0]LogAssetRegistry: Asset discovery search completed in 3.9692 seconds
[2019.09.24-21.32.27:477][  0]LogCollectionManager: Rebuilt the object cache for 0 collections in 0.000007 seconds (found 0 objects)
[2019.09.24-21.32.27:478][  0]LogCollectionManager: Fixed up redirectors for 0 collections in 0.000098 seconds (updated 0 objects)
[2019.09.24-21.32.27:479][  0]LogContentStreaming: Texture pool size now 1000 MB
[2019.09.24-21.32.27:514][  0]LogSlate: Took 0.000177 seconds to synchronously load lazily loaded font '../../../Engine/Content/Slate/Fonts/Roboto-Light.ttf' (167K)
[2019.09.24-21.32.29:794][136]LogSlate: FSceneViewport::OnFocusLost() reason 0
[2019.09.24-21.32.29:894][142]LogTemp: Repeating last play command: Selected Viewport
[2019.09.24-21.32.29:908][142]LogBlueprintUserMessages: Early PlayInEditor Detection: Level '/Game/FirstPersonBP/Maps/FirstPersonExampleMap.FirstPersonExampleMap:PersistentLevel' has LevelScriptBlueprint '/Game/FirstPersonBP/Maps/FirstPersonExampleMap.FirstPersonExampleMap:PersistentLevel.FirstPersonExampleMap' with GeneratedClass '/Game/FirstPersonBP/Maps/FirstPersonExampleMap.FirstPersonExampleMap_C' with ClassGeneratedBy '/Game/FirstPersonBP/Maps/FirstPersonExampleMap.FirstPersonExampleMap:PersistentLevel.FirstPersonExampleMap'
[2019.09.24-21.32.29:908][142]LogPlayLevel: PlayLevel: No blueprints needed recompiling
[2019.09.24-21.32.29:908][142]PIE: New page: PIE session: FirstPersonExampleMap (Sep 24, 2019, 7:32:29 AM)
[2019.09.24-21.32.29:909][142]LogOnline: OSS: Creating online subsystem instance for: NULL
[2019.09.24-21.32.29:910][142]LogPlayLevel: Creating play world package: /Game/FirstPersonBP/Maps/UEDPIE_0_FirstPersonExampleMap
[2019.09.24-21.32.29:929][142]LogPlayLevel: PIE: StaticDuplicateObject took: (0.019315s)
[2019.09.24-21.32.29:930][142]LogAIModule: Creating AISystem for world FirstPersonExampleMap
[2019.09.24-21.32.29:930][142]LogPlayLevel: PIE: World Init took: (0.000880s)
[2019.09.24-21.32.29:930][142]LogPlayLevel: PIE: Created PIE world by copying editor world from /Game/FirstPersonBP/Maps/FirstPersonExampleMap.FirstPersonExampleMap to /Game/FirstPersonBP/Maps/UEDPIE_0_FirstPersonExampleMap.FirstPersonExampleMap (0.020408s)
[2019.09.24-21.32.29:957][142]LogUObjectHash: Compacting FUObjectHashTables data took   1.33ms
[2019.09.24-21.32.29:962][142]LogInit: XAudio2 using 'Speakers (Realtek(R) Audio)' : 6 channels at 48 kHz using 32 bits per sample (channel mask 0x3f)
[2019.09.24-21.32.30:047][142]LogInit: FAudioDevice initialized.
[2019.09.24-21.32.30:059][142]LogLoad: Game class is 'FirstPersonGameMode_C'
[2019.09.24-21.32.30:063][142]LogWorld: Bringing World /Game/FirstPersonBP/Maps/UEDPIE_0_FirstPersonExampleMap.FirstPersonExampleMap up for play (max tick rate 60) at 2019.09.24-14.32.30
[2019.09.24-21.32.30:064][142]LogWorld: Bringing up level for play took: 0.003561
[2019.09.24-21.32.30:064][142]LogOnline: OSS: Creating online subsystem instance for: :Context_2
[2019.09.24-21.32.30:069][142]LogContentBrowser: Native class hierarchy updated for 'MovieSceneCapture' in 0.0002 seconds. Added 20 classes and 0 folders.
[2019.09.24-21.32.30:071][142]LogScript: Warning: Accessed None trying to read property CallFunc_GetBlackboard_ReturnValue
	EnemyCharacter_C /Game/FirstPersonBP/Maps/UEDPIE_0_FirstPersonExampleMap.FirstPersonExampleMap:PersistentLevel.EnemyCharacter_2
	Function /Game/FirstPersonBP/Enemy/EnemyCharacter.EnemyCharacter_C:ExecuteUbergraph_EnemyCharacter:0055
[2019.09.24-21.32.30:071][142]PIE: Error: Blueprint Runtime Error: "Accessed None trying to read property CallFunc_GetBlackboard_ReturnValue". Blueprint:  EnemyCharacter Function:  Execute Ubergraph Enemy Character Graph:  EventGraph Node:  Set Value as Object
[2019.09.24-21.32.30:071][142]PIE: Play in editor start time for /Game/FirstPersonBP/Maps/UEDPIE_0_FirstPersonExampleMap -0.694
[2019.09.24-21.32.30:071][142]LogBlueprintUserMessages: Late PlayInEditor Detection: Level '/Game/FirstPersonBP/Maps/FirstPersonExampleMap.FirstPersonExampleMap:PersistentLevel' has LevelScriptBlueprint '/Game/FirstPersonBP/Maps/FirstPersonExampleMap.FirstPersonExampleMap:PersistentLevel.FirstPersonExampleMap' with GeneratedClass '/Game/FirstPersonBP/Maps/FirstPersonExampleMap.FirstPersonExampleMap_C' with ClassGeneratedBy '/Game/FirstPersonBP/Maps/FirstPersonExampleMap.FirstPersonExampleMap:PersistentLevel.FirstPersonExampleMap'
[2019.09.24-21.32.36:096][502]LogBlueprintUserMessages: Early EndPlayMap Detection: Level '/Game/FirstPersonBP/Maps/FirstPersonExampleMap.FirstPersonExampleMap:PersistentLevel' has LevelScriptBlueprint '/Game/FirstPersonBP/Maps/FirstPersonExampleMap.FirstPersonExampleMap:PersistentLevel.FirstPersonExampleMap' with GeneratedClass '/Game/FirstPersonBP/Maps/FirstPersonExampleMap.FirstPersonExampleMap_C' with ClassGeneratedBy '/Game/FirstPersonBP/Maps/FirstPersonExampleMap.FirstPersonExampleMap:PersistentLevel.FirstPersonExampleMap'
[2019.09.24-21.32.36:096][502]LogSlate: Updating window title bar state: overlay mode, drag disabled, window buttons hidden, title bar hidden
[2019.09.24-21.32.36:096][502]LogWorld: BeginTearingDown for /Game/FirstPersonBP/Maps/UEDPIE_0_FirstPersonExampleMap
[2019.09.24-21.32.36:096][502]LogWorld: UWorld::CleanupWorld for FirstPersonExampleMap, bSessionEnded=true, bCleanupResources=true
[2019.09.24-21.32.36:103][502]LogPlayLevel: Display: Shutting down PIE online subsystems
[2019.09.24-21.32.36:104][502]LogBlueprintUserMessages: Late EndPlayMap Detection: Level '/Game/FirstPersonBP/Maps/FirstPersonExampleMap.FirstPersonExampleMap:PersistentLevel' has LevelScriptBlueprint '/Game/FirstPersonBP/Maps/FirstPersonExampleMap.FirstPersonExampleMap:PersistentLevel.FirstPersonExampleMap' with GeneratedClass '/Game/FirstPersonBP/Maps/FirstPersonExampleMap.FirstPersonExampleMap_C' with ClassGeneratedBy '/Game/FirstPersonBP/Maps/FirstPersonExampleMap.FirstPersonExampleMap:PersistentLevel.FirstPersonExampleMap'
[2019.09.24-21.32.36:132][502]LogSlate: Updating window title bar state: overlay mode, drag disabled, window buttons hidden, title bar hidden
[2019.09.24-21.32.36:135][502]LogUObjectHash: Compacting FUObjectHashTables data took   1.31ms
[2019.09.24-21.32.36:142][502]LogSlate: FSceneViewport::OnFocusLost() reason 5
[2019.09.24-21.32.36:208][504]LogPlayLevel: Display: Destroying online subsystem :Context_2
[2019.09.24-21.32.38:558][645]LogSlate: Window 'Message Log' being destroyed
[2019.09.24-21.32.38:563][645]LogSlate: Window 'Message Log' being destroyed
[2019.09.24-21.32.42:742][896]LogSlate: FSceneViewport::OnFocusLost() reason 0
[2019.09.24-21.32.49:257][284]LogSlate: Took 0.000169 seconds to synchronously load lazily loaded font '../../../Engine/Content/Slate/Fonts/Roboto-Light.ttf' (167K)
[2019.09.24-21.32.49:264][284]LogAssetEditorManager: Opening Asset editor for Blueprint /Game/FirstPersonBP/Enemy/EnemyCharacter.EnemyCharacter
[2019.09.24-21.32.49:469][284]LogContentBrowser: Native class hierarchy updated for 'BlueprintGraph' in 0.0004 seconds. Added 121 classes and 0 folders.
[2019.09.24-21.32.50:178][284]LogSlate: Took 0.000149 seconds to synchronously load lazily loaded font '../../../Engine/Content/Slate/Fonts/Roboto-BoldCondensed.ttf' (158K)
[2019.09.24-21.32.52:780][437]LogSlate: Window 'EnemyCharacter' being destroyed
[2019.09.24-21.32.52:787][437]LogSlate: Window 'EnemyCharacter' being destroyed
[2019.09.24-21.32.52:788][437]LogWorld: UWorld::CleanupWorld for World_3, bSessionEnded=true, bCleanupResources=true
[2019.09.24-21.33.08:211][359]LogAssetEditorManager: Opening Asset editor for Blueprint /Game/FirstPersonBP/Enemy/EnemyController.EnemyController
[2019.09.24-21.33.12:867][621]LogSlate: Window 'EnemyController' being destroyed
[2019.09.24-21.33.12:893][621]LogWorld: UWorld::CleanupWorld for World_4, bSessionEnded=true, bCleanupResources=true
[2019.09.24-21.33.12:952][621]LogAssetEditorManager: Opening Asset editor for Blueprint /Game/FirstPersonBP/Enemy/EnemyController.EnemyController
[2019.09.24-21.33.38:665][128]LogSlate: Took 0.000274 seconds to synchronously load lazily loaded font '../../../Engine/Content/Slate/Fonts/Roboto-Italic.ttf' (157K)
[2019.09.24-21.34.32:156][335]LogSavePackage: Moving '../../../../../../Github Repositories/Unreal Engine 4/Unreal_Aragon_FPS/Aragon_FPS_Blueprint/Saved/EnemyController9931036B4C3260E00753319F914F15BB.tmp' to '../../../../../../Github Repositories/Unreal Engine 4/Unreal_Aragon_FPS/Aragon_FPS_Blueprint/Content/FirstPersonBP/Enemy/EnemyController.uasset'
[2019.09.24-21.34.34:250][459]BlueprintLog: New page: Compile EnemyController
[2019.09.24-21.34.34:422][459]LogUObjectHash: Compacting FUObjectHashTables data took   3.20ms
[2019.09.24-21.34.37:292][631]LogSlate: Window 'EnemyController' being destroyed
[2019.09.24-21.34.37:300][631]LogSlate: Window 'EnemyController' being destroyed
[2019.09.24-21.34.37:315][631]LogWorld: UWorld::CleanupWorld for World_5, bSessionEnded=true, bCleanupResources=true
[2019.09.24-21.34.48:364][290]LogSlate: FSceneViewport::OnFocusLost() reason 0
[2019.09.24-21.35.21:001][240]Cmd: DELETE
[2019.09.24-21.35.21:001][240]Cmd: ACTOR DELETE
[2019.09.24-21.35.21:047][240]LogUObjectHash: Compacting FUObjectHashTables data took   2.83ms
[2019.09.24-21.35.21:047][240]LogEditorActor: Deleted 0 Actors (0.046 secs)
[2019.09.24-21.35.52:650][125]LogRHI: Error: SyncInterval 0
[2019.09.24-21.35.52:650][125]LogRHI: Error: SwapChainDesc.BufferDesc.Width 192
[2019.09.24-21.35.52:650][125]LogRHI: Error: SwapChainDesc.BufferDesc.Height 20
[2019.09.24-21.35.52:650][125]LogRHI: Error: SwapChainDesc.BufferDesc.RefreshRate.Numerator 0
[2019.09.24-21.35.52:650][125]LogRHI: Error: SwapChainDesc.BufferDesc.RefreshRate.Denominator 0
[2019.09.24-21.35.52:650][125]LogRHI: Error: SwapChainDesc.BufferDesc.Format 24
[2019.09.24-21.35.52:650][125]LogRHI: Error: SwapChainDesc.BufferDesc.ScanlineOrdering 0
[2019.09.24-21.35.52:650][125]LogRHI: Error: SwapChainDesc.BufferDesc.Scaling 0
[2019.09.24-21.35.52:650][125]LogRHI: Error: SwapChainDesc.SampleDesc.Count 1
[2019.09.24-21.35.52:650][125]LogRHI: Error: SwapChainDesc.SampleDesc.Quality 0
[2019.09.24-21.35.52:650][125]LogRHI: Error: SwapChainDesc.BufferUsage 48
[2019.09.24-21.35.52:650][125]LogRHI: Error: SwapChainDesc.BufferCount 1
[2019.09.24-21.35.52:651][125]LogRHI: Error: SwapChainDesc.OutputWindow 00000000007E09D8
[2019.09.24-21.35.52:651][125]LogRHI: Error: SwapChainDesc.Windowed true
[2019.09.24-21.35.52:651][125]LogRHI: Error: SwapChainDesc.SwapEffect 0
[2019.09.24-21.35.52:651][125]LogRHI: Error: SwapChainDesc.Flags 2
[2019.09.24-21.35.52:651][125]LogD3D11RHI: Error: Result failed 
 at D:/Build/++UE4/Sync/Engine/Source/Runtime/Windows/D3D11RHI/Private/D3D11Viewport.cpp:371 
 with error 88760873
[2019.09.24-21.35.52:651][125]LogWindows: Windows GetLastError: The operation completed successfully. (0)
[2019.09.24-21.35.54:084][125]LogOutputDevice: Warning: 

Script Stack (0 frames):

[2019.09.24-21.35.54:084][125]LogWindows: Windows GetLastError: The operation completed successfully. (0)
[2019.09.24-21.35.54:100][125]LogWindows: Error: === Critical error: ===
[2019.09.24-21.35.54:100][125]LogWindows: Error: 
[2019.09.24-21.35.54:100][125]LogWindows: Error: Fatal error: [File:D:/Build/++UE4/Sync/Engine/Source/Runtime/RenderCore/Private/RenderingThread.cpp] [Line: 836] 
[2019.09.24-21.35.54:100][125]LogWindows: Error: Rendering thread exception:
[2019.09.24-21.35.54:100][125]LogWindows: Error: Fatal error: [File:D:/Build/++UE4/Sync/Engine/Source/Runtime/Windows/D3D11RHI/Private/D3D11Util.cpp] [Line: 249] 
[2019.09.24-21.35.54:100][125]LogWindows: Error: Result failed 
[2019.09.24-21.35.54:100][125]LogWindows: Error:  at D:/Build/++UE4/Sync/Engine/Source/Runtime/Windows/D3D11RHI/Private/D3D11Viewport.cpp:371 
[2019.09.24-21.35.54:100][125]LogWindows: Error:  with error 88760873
[2019.09.24-21.35.54:100][125]LogWindows: Error: 
[2019.09.24-21.35.54:100][125]LogWindows: Error: 
[2019.09.24-21.35.54:100][125]LogWindows: Error: [Callstack] 0x00007ff95886a388 KERNELBASE.dll!UnknownFunction []
[2019.09.24-21.35.54:100][125]LogWindows: Error: [Callstack] 0x00007ff900f49ef7 UE4Editor-Core.dll!UnknownFunction []
[2019.09.24-21.35.54:100][125]LogWindows: Error: [Callstack] 0x00007ff900f4c754 UE4Editor-Core.dll!UnknownFunction []
[2019.09.24-21.35.54:100][125]LogWindows: Error: [Callstack] 0x00007ff900d41afa UE4Editor-Core.dll!UnknownFunction []
[2019.09.24-21.35.54:100][125]LogWindows: Error: [Callstack] 0x00007ff900c967c3 UE4Editor-Core.dll!UnknownFunction []
[2019.09.24-21.35.54:100][125]LogWindows: Error: [Callstack] 0x00007ff900c966a8 UE4Editor-Core.dll!UnknownFunction []
[2019.09.24-21.35.54:100][125]LogWindows: Error: [Callstack] 0x00007ff8e1d4170e UE4Editor-D3D11RHI.dll!UnknownFunction []
[2019.09.24-21.35.54:100][125]LogWindows: Error: [Callstack] 0x00007ff8e1d21add UE4Editor-D3D11RHI.dll!UnknownFunction []
[2019.09.24-21.35.54:100][125]LogWindows: Error: [Callstack] 0x00007ff8e1d2d12d UE4Editor-D3D11RHI.dll!UnknownFunction []
[2019.09.24-21.35.54:100][125]LogWindows: Error: [Callstack] 0x00007ff9208577b0 UE4Editor-RHI.dll!UnknownFunction []
[2019.09.24-21.35.54:100][125]LogWindows: Error: [Callstack] 0x00007ff9208572aa UE4Editor-RHI.dll!UnknownFunction []
[2019.09.24-21.35.54:100][125]LogWindows: Error: [Callstack] 0x00007ff920858373 UE4Editor-RHI.dll!UnknownFunction []
[2019.09.24-21.35.54:100][125]LogWindows: Error: [Callstack] 0x00007ff92084e7ca UE4Editor-RHI.dll!UnknownFunction []
[2019.09.24-21.35.54:100][125]LogWindows: Error: [Callstack] 0x00007ff8e1ad90d6 UE4Editor-SlateRHIRenderer.dll!UnknownFunction []
[2019.09.24-21.35.54:100][125]LogWindows: Error: [Callstack] 0x00007ff8e1ae07f2 UE4Editor-SlateRHIRenderer.dll!UnknownFunction []
[2019.09.24-21.35.54:100][125]LogWindows: Error: [Callstack] 0x00007ff900b14e4a UE4Editor-Core.dll!UnknownFunction []
[2019.09.24-21.35.54:100][125]LogWindows: Error: [Callstack] 0x00007ff900b151f3 UE4Editor-Core.dll!UnknownFunction []
[2019.09.24-21.35.54:100][125]LogWindows: Error: [Callstack] 0x00007ff922c50021 UE4Editor-RenderCore.dll!UnknownFunction []
[2019.09.24-21.35.54:100][125]LogWindows: Error: [Callstack] 0x00007ff922c585b4 UE4Editor-RenderCore.dll!UnknownFunction []
[2019.09.24-21.35.54:100][125]LogWindows: Error: [Callstack] 0x00007ff900f69a8f UE4Editor-Core.dll!UnknownFunction []
[2019.09.24-21.35.54:100][125]LogWindows: Error: [Callstack] 0x00007ff900f5ffe1 UE4Editor-Core.dll!UnknownFunction []
[2019.09.24-21.35.54:100][125]LogWindows: Error: [Callstack] 0x00007ff959a74034 KERNEL32.DLL!UnknownFunction []
[2019.09.24-21.35.54:100][125]LogWindows: Error: [Callstack] 0x00007ff95c1a3691 ntdll.dll!UnknownFunction []
[2019.09.24-21.35.54:100][125]LogWindows: Error: 
[2019.09.24-21.35.54:100][125]LogWindows: Error: 
[2019.09.24-21.35.54:100][125]LogWindows: Error: 
[2019.09.24-21.35.54:100][125]LogWindows: Error: 
[2019.09.24-21.35.54:110][125]LogThreadingWindows: Error: Runnable thread RenderThread 8 crashed.
[2019.09.24-21.35.54:150][125]LogWindows: Error: HandleError re-entered.
[2019.09.24-21.35.54:150][125]LogWindows: FPlatformMisc::RequestExit(1)
[2019.09.24-21.35.54:187][125]Log file closed, 09/24/19 14:35:54
